<?xml version="1.0" encoding="UTF-8"?>
<coverage generated="1771518739485" clover="3.2.0">
  <project timestamp="1771518739485" name="All files">
    <metrics statements="1546" coveredstatements="1063" conditionals="1728" coveredconditionals="954" methods="329" coveredmethods="222" elements="3603" coveredelements="2239" complexity="0" loc="1546" ncloc="1546" packages="6" files="19" classes="19"/>
    <package name="src">
      <metrics statements="7" coveredstatements="7" conditionals="16" coveredconditionals="5" methods="4" coveredmethods="3"/>
      <file name="env.ts" path="C:\Users\0\Desktop\store\dev\JSTS\Discord\kreziax\src\env.ts">
        <metrics statements="6" coveredstatements="6" conditionals="12" coveredconditionals="3" methods="4" coveredmethods="3"/>
        <line num="8" count="42" type="stmt"/>
        <line num="9" count="42" type="cond" truecount="1" falsecount="1"/>
        <line num="10" count="42" type="stmt"/>
        <line num="11" count="21" type="cond" truecount="0" falsecount="8"/>
        <line num="15" count="14" type="stmt"/>
        <line num="27" count="14" type="stmt"/>
      </file>
      <file name="logger.ts" path="C:\Users\0\Desktop\store\dev\JSTS\Discord\kreziax\src\logger.ts">
        <metrics statements="1" coveredstatements="1" conditionals="4" coveredconditionals="2" methods="0" coveredmethods="0"/>
        <line num="4" count="14" type="stmt"/>
      </file>
    </package>
    <package name="src.infra.crypto">
      <metrics statements="20" coveredstatements="4" conditionals="12" coveredconditionals="1" methods="4" coveredmethods="0"/>
      <file name="token-encryption.ts" path="C:\Users\0\Desktop\store\dev\JSTS\Discord\kreziax\src\infra\crypto\token-encryption.ts">
        <metrics statements="20" coveredstatements="4" conditionals="12" coveredconditionals="1" methods="4" coveredmethods="0"/>
        <line num="4" count="4" type="stmt"/>
        <line num="5" count="4" type="cond" truecount="1" falsecount="1"/>
        <line num="6" count="0" type="stmt"/>
        <line num="9" count="4" type="stmt"/>
        <line num="10" count="4" type="stmt"/>
        <line num="13" count="0" type="stmt"/>
        <line num="14" count="0" type="stmt"/>
        <line num="15" count="0" type="stmt"/>
        <line num="16" count="0" type="stmt"/>
        <line num="17" count="0" type="stmt"/>
        <line num="26" count="0" type="stmt"/>
        <line num="27" count="0" type="cond" truecount="0" falsecount="10"/>
        <line num="28" count="0" type="stmt"/>
        <line num="30" count="0" type="stmt"/>
        <line num="31" count="0" type="stmt"/>
        <line num="32" count="0" type="stmt"/>
        <line num="34" count="0" type="stmt"/>
        <line num="35" count="0" type="stmt"/>
        <line num="36" count="0" type="stmt"/>
        <line num="37" count="0" type="stmt"/>
      </file>
    </package>
    <package name="src.infra.db">
      <metrics statements="2" coveredstatements="2" conditionals="0" coveredconditionals="0" methods="0" coveredmethods="0"/>
      <file name="db.ts" path="C:\Users\0\Desktop\store\dev\JSTS\Discord\kreziax\src\infra\db\db.ts">
        <metrics statements="2" coveredstatements="2" conditionals="0" coveredconditionals="0" methods="0" coveredmethods="0"/>
        <line num="6" count="4" type="stmt"/>
        <line num="12" count="4" type="stmt"/>
      </file>
    </package>
    <package name="src.infra.db.schema">
      <metrics statements="9" coveredstatements="9" conditionals="0" coveredconditionals="0" methods="10" coveredmethods="4"/>
      <file name="discord-users.ts" path="C:\Users\0\Desktop\store\dev\JSTS\Discord\kreziax\src\infra\db\schema\discord-users.ts">
        <metrics statements="1" coveredstatements="1" conditionals="0" coveredconditionals="0" methods="0" coveredmethods="0"/>
        <line num="4" count="4" type="stmt"/>
      </file>
      <file name="index.ts" path="C:\Users\0\Desktop\store\dev\JSTS\Discord\kreziax\src\infra\db\schema\index.ts">
        <metrics statements="0" coveredstatements="0" conditionals="0" coveredconditionals="0" methods="0" coveredmethods="0"/>
      </file>
      <file name="posted-items.ts" path="C:\Users\0\Desktop\store\dev\JSTS\Discord\kreziax\src\infra\db\schema\posted-items.ts">
        <metrics statements="3" coveredstatements="3" conditionals="0" coveredconditionals="0" methods="4" coveredmethods="2"/>
        <line num="11" count="4" type="stmt"/>
        <line num="17" count="2" type="stmt"/>
        <line num="24" count="4" type="stmt"/>
      </file>
      <file name="subscriptions.ts" path="C:\Users\0\Desktop\store\dev\JSTS\Discord\kreziax\src\infra\db\schema\subscriptions.ts">
        <metrics statements="3" coveredstatements="3" conditionals="0" coveredconditionals="0" methods="4" coveredmethods="2"/>
        <line num="14" count="4" type="stmt"/>
        <line num="21" count="2" type="stmt"/>
        <line num="39" count="4" type="stmt"/>
      </file>
      <file name="vinted-accounts.ts" path="C:\Users\0\Desktop\store\dev\JSTS\Discord\kreziax\src\infra\db\schema\vinted-accounts.ts">
        <metrics statements="2" coveredstatements="2" conditionals="0" coveredconditionals="0" methods="2" coveredmethods="0"/>
        <line num="5" count="4" type="stmt"/>
        <line num="8" count="2" type="stmt"/>
      </file>
    </package>
    <package name="src.infra.vinted">
      <metrics statements="1076" coveredstatements="686" conditionals="1226" coveredconditionals="608" methods="203" coveredmethods="139"/>
      <file name="regions.ts" path="C:\Users\0\Desktop\store\dev\JSTS\Discord\kreziax\src\infra\vinted\regions.ts">
        <metrics statements="6" coveredstatements="5" conditionals="2" coveredconditionals="1" methods="6" coveredmethods="6"/>
        <line num="14" count="10" type="stmt"/>
        <line num="27" count="4" type="stmt"/>
        <line num="31" count="54" type="stmt"/>
        <line num="35" count="4" type="cond" truecount="1" falsecount="1"/>
        <line num="36" count="0" type="stmt"/>
        <line num="38" count="4" type="stmt"/>
      </file>
      <file name="vinted-client.ts" path="C:\Users\0\Desktop\store\dev\JSTS\Discord\kreziax\src\infra\vinted\vinted-client.ts">
        <metrics statements="1070" coveredstatements="681" conditionals="1224" coveredconditionals="607" methods="197" coveredmethods="133"/>
        <line num="36" count="24" type="stmt"/>
        <line num="39" count="8" type="stmt"/>
        <line num="40" count="8" type="stmt"/>
        <line num="41" count="8" type="stmt"/>
        <line num="42" count="8" type="stmt"/>
        <line num="43" count="8" type="stmt"/>
        <line num="44" count="8" type="stmt"/>
        <line num="45" count="8" type="stmt"/>
        <line num="46" count="8" type="stmt"/>
        <line num="48" count="8" type="stmt"/>
        <line num="49" count="8" type="stmt"/>
        <line num="50" count="8" type="stmt"/>
        <line num="51" count="8" type="stmt"/>
        <line num="52" count="8" type="stmt"/>
        <line num="53" count="8" type="stmt"/>
        <line num="58" count="8" type="stmt"/>
        <line num="59" count="8" type="stmt"/>
        <line num="62" count="200" type="stmt"/>
        <line num="63" count="200" type="cond" truecount="4" falsecount="0"/>
        <line num="67" count="64" type="stmt"/>
        <line num="68" count="64" type="cond" truecount="4" falsecount="1"/>
        <line num="69" count="64" type="cond" truecount="4" falsecount="1"/>
        <line num="70" count="64" type="stmt"/>
        <line num="74" count="0" type="stmt"/>
        <line num="75" count="0" type="cond" truecount="0" falsecount="2"/>
        <line num="76" count="0" type="stmt"/>
        <line num="77" count="0" type="stmt"/>
        <line num="81" count="0" type="cond" truecount="0" falsecount="4"/>
        <line num="82" count="0" type="stmt"/>
        <line num="83" count="0" type="cond" truecount="0" falsecount="2"/>
        <line num="87" count="0" type="cond" truecount="0" falsecount="2"/>
        <line num="89" count="0" type="stmt"/>
        <line num="90" count="0" type="stmt"/>
        <line num="91" count="0" type="cond" truecount="0" falsecount="2"/>
        <line num="93" count="0" type="cond" truecount="0" falsecount="5"/>
        <line num="96" count="0" type="cond" truecount="0" falsecount="2"/>
        <line num="97" count="0" type="stmt"/>
        <line num="100" count="0" type="stmt"/>
        <line num="104" count="54" type="cond" truecount="4" falsecount="0"/>
        <line num="105" count="52" type="cond" truecount="1" falsecount="1"/>
        <line num="106" count="0" type="stmt"/>
        <line num="107" count="0" type="cond" truecount="0" falsecount="2"/>
        <line num="109" count="52" type="stmt"/>
        <line num="113" count="10" type="stmt"/>
        <line num="114" count="10" type="cond" truecount="3" falsecount="0"/>
        <line num="118" count="108" type="cond" truecount="2" falsecount="0"/>
        <line num="119" count="8" type="cond" truecount="2" falsecount="0"/>
        <line num="122" count="100" type="cond" truecount="2" falsecount="0"/>
        <line num="123" count="8" type="stmt"/>
        <line num="124" count="8" type="cond" truecount="1" falsecount="1"/>
        <line num="125" count="8" type="cond" truecount="5" falsecount="0"/>
        <line num="127" count="2" type="stmt"/>
        <line num="128" count="2" type="cond" truecount="1" falsecount="1"/>
        <line num="129" count="2" type="stmt"/>
        <line num="133" count="54" type="cond" truecount="3" falsecount="1"/>
        <line num="134" count="54" type="stmt"/>
        <line num="136" count="54" type="stmt"/>
        <line num="137" count="54" type="stmt"/>
        <line num="139" count="54" type="stmt"/>
        <line num="141" count="28" type="cond" truecount="4" falsecount="0"/>
        <line num="146" count="28" type="cond" truecount="4" falsecount="0"/>
        <line num="147" count="12" type="stmt"/>
        <line num="148" count="12" type="stmt"/>
        <line num="151" count="54" type="stmt"/>
        <line num="152" count="2" type="stmt"/>
        <line num="153" count="2" type="stmt"/>
        <line num="154" count="2" type="stmt"/>
        <line num="155" count="2" type="stmt"/>
        <line num="158" count="54" type="stmt"/>
        <line num="159" count="54" type="cond" truecount="2" falsecount="0"/>
        <line num="160" count="2" type="stmt"/>
        <line num="162" count="2" type="cond" truecount="1" falsecount="1"/>
        <line num="163" count="2" type="stmt"/>
        <line num="164" count="2" type="cond" truecount="1" falsecount="1"/>
        <line num="165" count="0" type="stmt"/>
        <line num="166" count="2" type="cond" truecount="3" falsecount="1"/>
        <line num="167" count="2" type="stmt"/>
        <line num="170" count="0" type="cond" truecount="0" falsecount="2"/>
        <line num="171" count="0" type="stmt"/>
        <line num="172" count="0" type="cond" truecount="0" falsecount="4"/>
        <line num="173" count="0" type="stmt"/>
        <line num="177" count="54" type="stmt"/>
        <line num="178" count="54" type="stmt"/>
        <line num="179" count="54" type="stmt"/>
        <line num="180" count="54" type="cond" truecount="1" falsecount="1"/>
        <line num="182" count="54" type="cond" truecount="5" falsecount="1"/>
        <line num="188" count="54" type="cond" truecount="2" falsecount="0"/>
        <line num="190" count="4" type="stmt"/>
        <line num="191" count="4" type="stmt"/>
        <line num="192" count="4" type="stmt"/>
        <line num="193" count="4" type="stmt"/>
        <line num="194" count="4" type="stmt"/>
        <line num="197" count="4" type="cond" truecount="1" falsecount="3"/>
        <line num="199" count="54" type="cond" truecount="2" falsecount="0"/>
        <line num="200" count="2" type="stmt"/>
        <line num="202" count="2" type="stmt"/>
        <line num="209" count="1192" type="stmt"/>
        <line num="210" count="1192" type="stmt"/>
        <line num="211" count="1428" type="cond" truecount="2" falsecount="0"/>
        <line num="213" count="1060" type="stmt"/>
        <line num="221" count="266" type="stmt"/>
        <line num="222" count="266" type="stmt"/>
        <line num="223" count="2122" type="cond" truecount="2" falsecount="0"/>
        <line num="224" count="66" type="stmt"/>
        <line num="225" count="66" type="stmt"/>
        <line num="228" count="200" type="stmt"/>
        <line num="232" count="200" type="stmt"/>
        <line num="233" count="200" type="stmt"/>
        <line num="234" count="328" type="stmt"/>
        <line num="235" count="328" type="cond" truecount="1" falsecount="1"/>
        <line num="236" count="328" type="stmt"/>
        <line num="237" count="328" type="cond" truecount="1" falsecount="1"/>
        <line num="238" count="328" type="stmt"/>
        <line num="239" count="328" type="stmt"/>
        <line num="240" count="328" type="cond" truecount="1" falsecount="1"/>
        <line num="241" count="328" type="stmt"/>
        <line num="243" count="200" type="stmt"/>
        <line num="247" count="70" type="stmt"/>
        <line num="248" count="116" type="stmt"/>
        <line num="253" count="74" type="stmt"/>
        <line num="254" count="74" type="stmt"/>
        <line num="255" count="296" type="cond" truecount="2" falsecount="0"/>
        <line num="256" count="74" type="stmt"/>
        <line num="257" count="108" type="stmt"/>
        <line num="260" count="74" type="cond" truecount="2" falsecount="0"/>
        <line num="261" count="62" type="stmt"/>
        <line num="265" count="8" type="stmt"/>
        <line num="266" count="8" type="cond" truecount="1" falsecount="1"/>
        <line num="267" count="8" type="stmt"/>
        <line num="268" count="8" type="cond" truecount="1" falsecount="1"/>
        <line num="269" count="8" type="stmt"/>
        <line num="270" count="8" type="stmt"/>
        <line num="271" count="8" type="cond" truecount="1" falsecount="1"/>
        <line num="272" count="8" type="stmt"/>
        <line num="276" count="200" type="stmt"/>
        <line num="277" count="200" type="stmt"/>
        <line num="279" count="0" type="stmt"/>
        <line num="288" count="72" type="stmt"/>
        <line num="289" count="72" type="cond" truecount="2" falsecount="0"/>
        <line num="290" count="64" type="cond" truecount="2" falsecount="0"/>
        <line num="291" count="8" type="stmt"/>
        <line num="292" count="8" type="stmt"/>
        <line num="293" count="8" type="stmt"/>
        <line num="294" count="8" type="stmt"/>
        <line num="295" count="8" type="stmt"/>
        <line num="298" count="8" type="stmt"/>
        <line num="299" count="8" type="cond" truecount="1" falsecount="1"/>
        <line num="300" count="0" type="cond" truecount="0" falsecount="2"/>
        <line num="301" count="0" type="stmt"/>
        <line num="302" count="0" type="stmt"/>
        <line num="303" count="0" type="stmt"/>
        <line num="305" count="8" type="stmt"/>
        <line num="313" count="128" type="stmt"/>
        <line num="314" count="128" type="cond" truecount="1" falsecount="1"/>
        <line num="315" count="128" type="cond" truecount="1" falsecount="1"/>
        <line num="316" count="0" type="stmt"/>
        <line num="317" count="0" type="stmt"/>
        <line num="318" count="0" type="stmt"/>
        <line num="319" count="0" type="stmt"/>
        <line num="320" count="0" type="stmt"/>
        <line num="323" count="0" type="stmt"/>
        <line num="324" count="0" type="cond" truecount="0" falsecount="2"/>
        <line num="325" count="0" type="cond" truecount="0" falsecount="2"/>
        <line num="326" count="0" type="stmt"/>
        <line num="327" count="0" type="stmt"/>
        <line num="328" count="0" type="stmt"/>
        <line num="330" count="0" type="stmt"/>
        <line num="334" count="64" type="stmt"/>
        <line num="335" count="64" type="cond" truecount="1" falsecount="1"/>
        <line num="336" count="64" type="stmt"/>
        <line num="337" count="64" type="stmt"/>
        <line num="338" count="64" type="cond" truecount="4" falsecount="0"/>
        <line num="339" count="8" type="stmt"/>
        <line num="343" count="8" type="stmt"/>
        <line num="344" count="8" type="cond" truecount="3" falsecount="1"/>
        <line num="345" count="8" type="stmt"/>
        <line num="346" count="8" type="stmt"/>
        <line num="347" count="8" type="cond" truecount="1" falsecount="1"/>
        <line num="349" count="8" type="stmt"/>
        <line num="350" count="8" type="stmt"/>
        <line num="351" count="8" type="cond" truecount="1" falsecount="1"/>
        <line num="352" count="8" type="stmt"/>
        <line num="353" count="8" type="cond" truecount="1" falsecount="1"/>
        <line num="354" count="0" type="stmt"/>
        <line num="356" count="8" type="stmt"/>
        <line num="362" count="128" type="stmt"/>
        <line num="363" count="128" type="cond" truecount="1" falsecount="1"/>
        <line num="364" count="128" type="stmt"/>
        <line num="365" count="128" type="stmt"/>
        <line num="366" count="128" type="cond" truecount="2" falsecount="2"/>
        <line num="367" count="0" type="stmt"/>
        <line num="376" count="0" type="stmt"/>
        <line num="377" count="0" type="cond" truecount="0" falsecount="2"/>
        <line num="378" count="0" type="stmt"/>
        <line num="379" count="0" type="stmt"/>
        <line num="380" count="0" type="cond" truecount="0" falsecount="2"/>
        <line num="381" count="0" type="stmt"/>
        <line num="389" count="74" type="stmt"/>
        <line num="390" count="222" type="stmt"/>
        <line num="391" count="222" type="cond" truecount="1" falsecount="1"/>
        <line num="392" count="0" type="stmt"/>
        <line num="400" count="74" type="stmt"/>
        <line num="401" count="74" type="stmt"/>
        <line num="402" count="74" type="stmt"/>
        <line num="406" count="0" type="stmt"/>
        <line num="407" count="0" type="stmt"/>
        <line num="408" count="0" type="stmt"/>
        <line num="410" count="0" type="stmt"/>
        <line num="411" count="0" type="cond" truecount="0" falsecount="2"/>
        <line num="415" count="0" type="stmt"/>
        <line num="416" count="0" type="stmt"/>
        <line num="417" count="0" type="stmt"/>
        <line num="420" count="0" type="stmt"/>
        <line num="421" count="0" type="cond" truecount="0" falsecount="4"/>
        <line num="422" count="0" type="stmt"/>
        <line num="423" count="0" type="stmt"/>
        <line num="426" count="0" type="cond" truecount="0" falsecount="4"/>
        <line num="427" count="0" type="stmt"/>
        <line num="428" count="0" type="cond" truecount="0" falsecount="2"/>
        <line num="429" count="0" type="stmt"/>
        <line num="433" count="0" type="stmt"/>
        <line num="434" count="0" type="cond" truecount="0" falsecount="2"/>
        <line num="435" count="0" type="stmt"/>
        <line num="439" count="74" type="stmt"/>
        <line num="440" count="74" type="cond" truecount="1" falsecount="1"/>
        <line num="441" count="74" type="stmt"/>
        <line num="442" count="74" type="stmt"/>
        <line num="448" count="0" type="stmt"/>
        <line num="449" count="0" type="cond" truecount="0" falsecount="2"/>
        <line num="450" count="0" type="stmt"/>
        <line num="454" count="0" type="stmt"/>
        <line num="455" count="0" type="cond" truecount="0" falsecount="4"/>
        <line num="456" count="0" type="stmt"/>
        <line num="459" count="0" type="stmt"/>
        <line num="460" count="0" type="cond" truecount="0" falsecount="4"/>
        <line num="461" count="0" type="stmt"/>
        <line num="464" count="0" type="stmt"/>
        <line num="471" count="0" type="stmt"/>
        <line num="472" count="0" type="cond" truecount="0" falsecount="2"/>
        <line num="474" count="0" type="stmt"/>
        <line num="475" count="0" type="cond" truecount="0" falsecount="2"/>
        <line num="477" count="0" type="stmt"/>
        <line num="478" count="0" type="stmt"/>
        <line num="479" count="0" type="cond" truecount="0" falsecount="4"/>
        <line num="481" count="0" type="stmt"/>
        <line num="482" count="0" type="stmt"/>
        <line num="483" count="0" type="stmt"/>
        <line num="485" count="0" type="stmt"/>
        <line num="488" count="0" type="cond" truecount="0" falsecount="2"/>
        <line num="490" count="0" type="stmt"/>
        <line num="491" count="0" type="stmt"/>
        <line num="499" count="0" type="stmt"/>
        <line num="500" count="0" type="stmt"/>
        <line num="503" count="0" type="cond" truecount="0" falsecount="2"/>
        <line num="504" count="0" type="stmt"/>
        <line num="508" count="0" type="stmt"/>
        <line num="511" count="0" type="stmt"/>
        <line num="512" count="0" type="cond" truecount="0" falsecount="2"/>
        <line num="513" count="0" type="stmt"/>
        <line num="515" count="0" type="stmt"/>
        <line num="521" count="0" type="stmt"/>
        <line num="522" count="0" type="stmt"/>
        <line num="523" count="0" type="cond" truecount="0" falsecount="2"/>
        <line num="524" count="0" type="stmt"/>
        <line num="528" count="0" type="stmt"/>
        <line num="531" count="0" type="stmt"/>
        <line num="532" count="0" type="stmt"/>
        <line num="536" count="0" type="stmt"/>
        <line num="537" count="0" type="cond" truecount="0" falsecount="2"/>
        <line num="538" count="0" type="stmt"/>
        <line num="539" count="0" type="stmt"/>
        <line num="542" count="0" type="stmt"/>
        <line num="543" count="0" type="stmt"/>
        <line num="544" count="0" type="stmt"/>
        <line num="546" count="0" type="stmt"/>
        <line num="547" count="0" type="stmt"/>
        <line num="550" count="0" type="stmt"/>
        <line num="551" count="0" type="stmt"/>
        <line num="558" count="64" type="cond" truecount="1" falsecount="1"/>
        <line num="559" count="0" type="cond" truecount="0" falsecount="2"/>
        <line num="561" count="0" type="stmt"/>
        <line num="562" count="0" type="cond" truecount="0" falsecount="2"/>
        <line num="563" count="0" type="stmt"/>
        <line num="564" count="0" type="stmt"/>
        <line num="565" count="0" type="stmt"/>
        <line num="567" count="0" type="stmt"/>
        <line num="568" count="0" type="cond" truecount="0" falsecount="4"/>
        <line num="569" count="0" type="stmt"/>
        <line num="572" count="0" type="stmt"/>
        <line num="573" count="0" type="cond" truecount="0" falsecount="2"/>
        <line num="575" count="0" type="stmt"/>
        <line num="576" count="0" type="stmt"/>
        <line num="577" count="0" type="stmt"/>
        <line num="578" count="0" type="stmt"/>
        <line num="579" count="0" type="cond" truecount="0" falsecount="2"/>
        <line num="580" count="64" type="cond" truecount="1" falsecount="1"/>
        <line num="581" count="0" type="stmt"/>
        <line num="585" count="0" type="stmt"/>
        <line num="587" count="0" type="stmt"/>
        <line num="588" count="0" type="stmt"/>
        <line num="598" count="74" type="cond" truecount="2" falsecount="0"/>
        <line num="599" count="64" type="cond" truecount="1" falsecount="1"/>
        <line num="601" count="64" type="stmt"/>
        <line num="602" count="64" type="cond" truecount="1" falsecount="1"/>
        <line num="604" count="64" type="stmt"/>
        <line num="608" count="64" type="cond" truecount="1" falsecount="1"/>
        <line num="610" count="0" type="stmt"/>
        <line num="614" count="64" type="stmt"/>
        <line num="616" count="64" type="stmt"/>
        <line num="617" count="64" type="cond" truecount="2" falsecount="0"/>
        <line num="618" count="2" type="stmt"/>
        <line num="621" count="64" type="stmt"/>
        <line num="622" count="64" type="cond" truecount="2" falsecount="0"/>
        <line num="623" count="4" type="stmt"/>
        <line num="626" count="64" type="stmt"/>
        <line num="627" count="64" type="cond" truecount="2" falsecount="0"/>
        <line num="628" count="2" type="stmt"/>
        <line num="629" count="62" type="cond" truecount="2" falsecount="0"/>
        <line num="630" count="2" type="stmt"/>
        <line num="631" count="2" type="cond" truecount="1" falsecount="1"/>
        <line num="632" count="2" type="stmt"/>
        <line num="636" count="64" type="stmt"/>
        <line num="637" count="64" type="cond" truecount="2" falsecount="0"/>
        <line num="638" count="2" type="stmt"/>
        <line num="639" count="2" type="stmt"/>
        <line num="640" count="2" type="cond" truecount="4" falsecount="1"/>
        <line num="641" count="2" type="stmt"/>
        <line num="642" count="2" type="cond" truecount="3" falsecount="1"/>
        <line num="643" count="2" type="stmt"/>
        <line num="648" count="0" type="stmt"/>
        <line num="652" count="64" type="stmt"/>
        <line num="656" count="92" type="stmt"/>
        <line num="663" count="62" type="stmt"/>
        <line num="664" count="62" type="stmt"/>
        <line num="665" count="62" type="cond" truecount="2" falsecount="0"/>
        <line num="666" count="30" type="stmt"/>
        <line num="668" count="62" type="stmt"/>
        <line num="676" count="62" type="stmt"/>
        <line num="682" count="62" type="cond" truecount="2" falsecount="0"/>
        <line num="683" count="6" type="stmt"/>
        <line num="685" count="62" type="stmt"/>
        <line num="700" count="74" type="stmt"/>
        <line num="701" count="74" type="cond" truecount="1" falsecount="1"/>
        <line num="702" count="74" type="cond" truecount="2" falsecount="2"/>
        <line num="703" count="0" type="stmt"/>
        <line num="706" count="8" type="stmt"/>
        <line num="709" count="0" type="stmt"/>
        <line num="713" count="0" type="stmt"/>
        <line num="717" count="40" type="stmt"/>
        <line num="718" count="40" type="stmt"/>
        <line num="719" count="40" type="stmt"/>
        <line num="720" count="40" type="stmt"/>
        <line num="721" count="40" type="stmt"/>
        <line num="722" count="40" type="stmt"/>
        <line num="723" count="40" type="stmt"/>
        <line num="724" count="40" type="stmt"/>
        <line num="725" count="40" type="stmt"/>
        <line num="729" count="74" type="stmt"/>
        <line num="730" count="74" type="cond" truecount="1" falsecount="1"/>
        <line num="731" count="74" type="stmt"/>
        <line num="738" count="74" type="stmt"/>
        <line num="739" count="74" type="stmt"/>
        <line num="740" count="74" type="cond" truecount="2" falsecount="0"/>
        <line num="741" count="8" type="cond" truecount="2" falsecount="2"/>
        <line num="742" count="0" type="cond" truecount="0" falsecount="2"/>
        <line num="743" count="0" type="cond" truecount="0" falsecount="2"/>
        <line num="744" count="0" type="cond" truecount="0" falsecount="2"/>
        <line num="745" count="0" type="cond" truecount="0" falsecount="2"/>
        <line num="746" count="0" type="cond" truecount="0" falsecount="2"/>
        <line num="747" count="0" type="cond" truecount="0" falsecount="2"/>
        <line num="751" count="0" type="stmt"/>
        <line num="762" count="74" type="cond" truecount="4" falsecount="0"/>
        <line num="764" count="74" type="stmt"/>
        <line num="765" count="74" type="stmt"/>
        <line num="766" count="74" type="stmt"/>
        <line num="768" count="0" type="stmt"/>
        <line num="772" count="74" type="cond" truecount="2" falsecount="0"/>
        <line num="773" count="74" type="cond" truecount="2" falsecount="0"/>
        <line num="774" count="74" type="stmt"/>
        <line num="775" count="74" type="stmt"/>
        <line num="776" count="74" type="stmt"/>
        <line num="778" count="74" type="cond" truecount="2" falsecount="0"/>
        <line num="780" count="74" type="stmt"/>
        <line num="781" count="74" type="cond" truecount="2" falsecount="0"/>
        <line num="783" count="74" type="stmt"/>
        <line num="794" count="74" type="cond" truecount="2" falsecount="0"/>
        <line num="795" count="62" type="stmt"/>
        <line num="798" count="74" type="cond" truecount="2" falsecount="0"/>
        <line num="799" count="64" type="cond" truecount="1" falsecount="1"/>
        <line num="800" count="64" type="stmt"/>
        <line num="804" count="64" type="cond" truecount="4" falsecount="0"/>
        <line num="808" count="64" type="cond" truecount="2" falsecount="0"/>
        <line num="809" count="10" type="stmt"/>
        <line num="813" count="64" type="cond" truecount="3" falsecount="0"/>
        <line num="816" count="64" type="cond" truecount="2" falsecount="0"/>
        <line num="817" count="2" type="stmt"/>
        <line num="821" count="64" type="cond" truecount="4" falsecount="0"/>
        <line num="825" count="64" type="cond" truecount="1" falsecount="1"/>
        <line num="826" count="64" type="stmt"/>
        <line num="830" count="64" type="cond" truecount="4" falsecount="0"/>
        <line num="834" count="64" type="cond" truecount="1" falsecount="1"/>
        <line num="835" count="64" type="stmt"/>
        <line num="839" count="74" type="stmt"/>
        <line num="843" count="48" type="stmt"/>
        <line num="844" count="48" type="cond" truecount="4" falsecount="1"/>
        <line num="845" count="48" type="cond" truecount="4" falsecount="1"/>
        <line num="846" count="48" type="stmt"/>
        <line num="853" count="48" type="cond" truecount="1" falsecount="1"/>
        <line num="855" count="0" type="stmt"/>
        <line num="856" count="0" type="stmt"/>
        <line num="857" count="0" type="cond" truecount="0" falsecount="2"/>
        <line num="859" count="0" type="stmt"/>
        <line num="860" count="0" type="stmt"/>
        <line num="861" count="0" type="stmt"/>
        <line num="862" count="0" type="cond" truecount="0" falsecount="4"/>
        <line num="863" count="0" type="stmt"/>
        <line num="865" count="0" type="stmt"/>
        <line num="866" count="0" type="stmt"/>
        <line num="867" count="0" type="stmt"/>
        <line num="868" count="0" type="stmt"/>
        <line num="869" count="0" type="stmt"/>
        <line num="871" count="0" type="cond" truecount="0" falsecount="2"/>
        <line num="873" count="0" type="stmt"/>
        <line num="874" count="0" type="cond" truecount="0" falsecount="2"/>
        <line num="875" count="0" type="stmt"/>
        <line num="877" count="0" type="stmt"/>
        <line num="879" count="0" type="stmt"/>
        <line num="883" count="18" type="cond" truecount="2" falsecount="0"/>
        <line num="884" count="6" type="cond" truecount="1" falsecount="1"/>
        <line num="885" count="6" type="stmt"/>
        <line num="886" count="6" type="cond" truecount="3" falsecount="0"/>
        <line num="890" count="0" type="stmt"/>
        <line num="896" count="6" type="stmt"/>
        <line num="897" count="6" type="cond" truecount="2" falsecount="0"/>
        <line num="901" count="0" type="cond" truecount="0" falsecount="4"/>
        <line num="902" count="0" type="stmt"/>
        <line num="909" count="0" type="stmt"/>
        <line num="918" count="0" type="cond" truecount="0" falsecount="2"/>
        <line num="919" count="0" type="stmt"/>
        <line num="934" count="0" type="stmt"/>
        <line num="935" count="0" type="cond" truecount="0" falsecount="2"/>
        <line num="936" count="0" type="stmt"/>
        <line num="939" count="0" type="cond" truecount="0" falsecount="2"/>
        <line num="940" count="0" type="stmt"/>
        <line num="943" count="0" type="stmt"/>
        <line num="945" count="0" type="stmt"/>
        <line num="946" count="0" type="stmt"/>
        <line num="947" count="0" type="stmt"/>
        <line num="948" count="0" type="stmt"/>
        <line num="949" count="0" type="stmt"/>
        <line num="950" count="0" type="stmt"/>
        <line num="952" count="0" type="stmt"/>
        <line num="953" count="0" type="stmt"/>
        <line num="956" count="0" type="stmt"/>
        <line num="957" count="0" type="stmt"/>
        <line num="958" count="0" type="cond" truecount="0" falsecount="2"/>
        <line num="959" count="0" type="cond" truecount="0" falsecount="2"/>
        <line num="960" count="0" type="stmt"/>
        <line num="962" count="0" type="cond" truecount="0" falsecount="2"/>
        <line num="965" count="0" type="cond" truecount="0" falsecount="2"/>
        <line num="966" count="0" type="stmt"/>
        <line num="967" count="0" type="stmt"/>
        <line num="974" count="0" type="stmt"/>
        <line num="975" count="0" type="cond" truecount="0" falsecount="2"/>
        <line num="977" count="0" type="stmt"/>
        <line num="978" count="0" type="stmt"/>
        <line num="979" count="0" type="stmt"/>
        <line num="980" count="0" type="cond" truecount="0" falsecount="2"/>
        <line num="982" count="0" type="cond" truecount="0" falsecount="4"/>
        <line num="983" count="0" type="cond" truecount="0" falsecount="2"/>
        <line num="984" count="0" type="stmt"/>
        <line num="991" count="0" type="stmt"/>
        <line num="992" count="0" type="stmt"/>
        <line num="994" count="0" type="stmt"/>
        <line num="1006" count="74" type="stmt"/>
        <line num="1007" count="74" type="stmt"/>
        <line num="1013" count="74" type="stmt"/>
        <line num="1018" count="74" type="stmt"/>
        <line num="1019" count="74" type="cond" truecount="3" falsecount="2"/>
        <line num="1020" count="0" type="stmt"/>
        <line num="1023" count="74" type="stmt"/>
        <line num="1034" count="74" type="stmt"/>
        <line num="1035" count="74" type="stmt"/>
        <line num="1036" count="74" type="cond" truecount="2" falsecount="0"/>
        <line num="1037" count="74" type="cond" truecount="2" falsecount="0"/>
        <line num="1038" count="72" type="stmt"/>
        <line num="1041" count="74" type="stmt"/>
        <line num="1042" count="0" type="stmt"/>
        <line num="1043" count="0" type="stmt"/>
        <line num="1045" count="74" type="cond" truecount="1" falsecount="1"/>
        <line num="1046" count="0" type="stmt"/>
        <line num="1047" count="0" type="stmt"/>
        <line num="1050" count="74" type="stmt"/>
        <line num="1051" count="74" type="cond" truecount="2" falsecount="0"/>
        <line num="1052" count="8" type="stmt"/>
        <line num="1054" count="74" type="stmt"/>
        <line num="1056" count="74" type="stmt"/>
        <line num="1057" count="74" type="cond" truecount="2" falsecount="0"/>
        <line num="1058" count="18" type="cond" truecount="2" falsecount="3"/>
        <line num="1059" count="9" type="stmt"/>
        <line num="1076" count="0" type="stmt"/>
        <line num="1077" count="0" type="cond" truecount="0" falsecount="2"/>
        <line num="1078" count="0" type="cond" truecount="0" falsecount="2"/>
        <line num="1079" count="0" type="stmt"/>
        <line num="1081" count="0" type="stmt"/>
        <line num="1085" count="18" type="cond" truecount="2" falsecount="2"/>
        <line num="1086" count="0" type="stmt"/>
        <line num="1087" count="0" type="stmt"/>
        <line num="1089" count="18" type="cond" truecount="1" falsecount="1"/>
        <line num="1090" count="0" type="stmt"/>
        <line num="1092" count="45" type="stmt"/>
        <line num="1099" count="56" type="stmt"/>
        <line num="1100" count="56" type="stmt"/>
        <line num="1102" count="0" type="stmt"/>
        <line num="1107" count="0" type="stmt"/>
        <line num="1108" count="0" type="stmt"/>
        <line num="1109" count="0" type="cond" truecount="0" falsecount="2"/>
        <line num="1110" count="0" type="cond" truecount="0" falsecount="2"/>
        <line num="1111" count="0" type="stmt"/>
        <line num="1112" count="0" type="stmt"/>
        <line num="1113" count="0" type="cond" truecount="0" falsecount="2"/>
        <line num="1115" count="0" type="cond" truecount="0" falsecount="2"/>
        <line num="1116" count="0" type="stmt"/>
        <line num="1117" count="0" type="stmt"/>
        <line num="1121" count="0" type="cond" truecount="0" falsecount="4"/>
        <line num="1122" count="0" type="stmt"/>
        <line num="1123" count="0" type="cond" truecount="0" falsecount="2"/>
        <line num="1125" count="0" type="cond" truecount="0" falsecount="2"/>
        <line num="1126" count="0" type="cond" truecount="0" falsecount="2"/>
        <line num="1128" count="0" type="stmt"/>
        <line num="1129" count="0" type="stmt"/>
        <line num="1130" count="0" type="stmt"/>
        <line num="1131" count="0" type="stmt"/>
        <line num="1132" count="0" type="cond" truecount="0" falsecount="2"/>
        <line num="1137" count="0" type="stmt"/>
        <line num="1140" count="0" type="stmt"/>
        <line num="1141" count="0" type="cond" truecount="0" falsecount="4"/>
        <line num="1143" count="0" type="stmt"/>
        <line num="1161" count="12" type="stmt"/>
        <line num="1163" count="12" type="stmt"/>
        <line num="1172" count="12" type="stmt"/>
        <line num="1173" count="32" type="cond" truecount="4" falsecount="0"/>
        <line num="1174" count="8" type="stmt"/>
        <line num="1179" count="11" type="cond" truecount="1" falsecount="5"/>
        <line num="1181" count="5" type="cond" truecount="4" falsecount="0"/>
        <line num="1182" count="12" type="stmt"/>
        <line num="1183" count="96" type="cond" truecount="5" falsecount="1"/>
        <line num="1184" count="6" type="stmt"/>
        <line num="1188" count="9" type="stmt"/>
        <line num="1189" count="10" type="cond" truecount="2" falsecount="0"/>
        <line num="1190" count="4" type="stmt"/>
        <line num="1193" count="5" type="stmt"/>
        <line num="1194" count="5" type="cond" truecount="1" falsecount="1"/>
        <line num="1195" count="5" type="stmt"/>
        <line num="1197" count="14" type="cond" truecount="2" falsecount="0"/>
        <line num="1198" count="14" type="cond" truecount="4" falsecount="0"/>
        <line num="1199" count="9" type="cond" truecount="2" falsecount="0"/>
        <line num="1200" count="9" type="stmt"/>
        <line num="1202" count="5" type="cond" truecount="1" falsecount="1"/>
        <line num="1203" count="5" type="stmt"/>
        <line num="1204" count="0" type="cond" truecount="0" falsecount="2"/>
        <line num="1205" count="0" type="stmt"/>
        <line num="1206" count="0" type="stmt"/>
        <line num="1207" count="30" type="cond" truecount="1" falsecount="1"/>
        <line num="1208" count="30" type="cond" truecount="4" falsecount="0"/>
        <line num="1209" count="8" type="cond" truecount="1" falsecount="1"/>
        <line num="1210" count="13" type="stmt"/>
        <line num="1211" count="35" type="stmt"/>
        <line num="1212" count="22" type="cond" truecount="2" falsecount="0"/>
        <line num="1213" count="2" type="stmt"/>
        <line num="1214" count="2" type="cond" truecount="1" falsecount="1"/>
        <line num="1215" count="7" type="stmt"/>
        <line num="1216" count="7" type="stmt"/>
        <line num="1218" count="5" type="stmt"/>
        <line num="1221" count="25" type="stmt"/>
        <line num="1225" count="2" type="stmt"/>
        <line num="1226" count="2" type="cond" truecount="1" falsecount="1"/>
        <line num="1227" count="9" type="cond" truecount="5" falsecount="0"/>
        <line num="1228" count="6" type="stmt"/>
        <line num="1229" count="2" type="stmt"/>
        <line num="1231" count="0" type="stmt"/>
        <line num="1232" count="7" type="stmt"/>
        <line num="1233" count="9" type="stmt"/>
        <line num="1234" count="9" type="cond" truecount="4" falsecount="0"/>
        <line num="1236" count="3" type="stmt"/>
        <line num="1237" count="1" type="cond" truecount="2" falsecount="0"/>
        <line num="1240" count="0" type="stmt"/>
        <line num="1241" count="0" type="stmt"/>
        <line num="1242" count="0" type="cond" truecount="2" falsecount="1"/>
        <line num="1244" count="0" type="stmt"/>
        <line num="1245" count="16" type="cond" truecount="4" falsecount="1"/>
        <line num="1247" count="16" type="cond" truecount="2" falsecount="0"/>
        <line num="1248" count="16" type="stmt"/>
        <line num="1249" count="1" type="cond" truecount="5" falsecount="1"/>
        <line num="1251" count="0" type="stmt"/>
        <line num="1252" count="15" type="cond" truecount="2" falsecount="0"/>
        <line num="1253" count="11" type="cond" truecount="1" falsecount="1"/>
        <line num="1254" count="11" type="stmt"/>
        <line num="1255" count="1" type="stmt"/>
        <line num="1256" count="12" type="cond" truecount="1" falsecount="1"/>
        <line num="1257" count="0" type="stmt"/>
        <line num="1258" count="1" type="stmt"/>
        <line num="1259" count="1" type="cond" truecount="0" falsecount="2"/>
        <line num="1261" count="0" type="stmt"/>
        <line num="1262" count="1" type="stmt"/>
        <line num="1263" count="2" type="cond" truecount="2" falsecount="0"/>
        <line num="1264" count="12" type="stmt"/>
        <line num="1265" count="12" type="stmt"/>
        <line num="1266" count="12" type="stmt"/>
        <line num="1267" count="12" type="cond" truecount="2" falsecount="0"/>
        <line num="1268" count="12" type="cond" truecount="2" falsecount="0"/>
        <line num="1269" count="2" type="cond" truecount="1" falsecount="1"/>
        <line num="1270" count="11" type="cond" truecount="2" falsecount="0"/>
        <line num="1271" count="2" type="cond" truecount="1" falsecount="1"/>
        <line num="1275" count="2" type="stmt"/>
        <line num="1276" count="12" type="cond" truecount="2" falsecount="0"/>
        <line num="1277" count="1" type="stmt"/>
        <line num="1278" count="1" type="stmt"/>
        <line num="1279" count="1" type="cond" truecount="3" falsecount="1"/>
        <line num="1280" count="1" type="stmt"/>
        <line num="1283" count="0" type="stmt"/>
        <line num="1286" count="2" type="cond" truecount="2" falsecount="2"/>
        <line num="1287" count="1" type="stmt"/>
        <line num="1288" count="1" type="cond" truecount="1" falsecount="1"/>
        <line num="1289" count="12" type="stmt"/>
        <line num="1290" count="12" type="stmt"/>
        <line num="1291" count="12" type="cond" truecount="2" falsecount="2"/>
        <line num="1292" count="12" type="cond" truecount="2" falsecount="0"/>
        <line num="1295" count="12" type="stmt"/>
        <line num="1299" count="1" type="stmt"/>
        <line num="1300" count="1" type="cond" truecount="2" falsecount="1"/>
        <line num="1301" count="1" type="cond" truecount="1" falsecount="0"/>
        <line num="1302" count="1" type="cond" truecount="1" falsecount="0"/>
        <line num="1303" count="1" type="cond" truecount="2" falsecount="2"/>
        <line num="1304" count="8" type="cond" truecount="6" falsecount="0"/>
        <line num="1305" count="4" type="cond" truecount="2" falsecount="0"/>
        <line num="1307" count="5" type="cond" truecount="2" falsecount="0"/>
        <line num="1308" count="5" type="stmt"/>
        <line num="1310" count="5" type="cond" truecount="1" falsecount="1"/>
        <line num="1311" count="1" type="stmt"/>
        <line num="1312" count="1" type="cond" truecount="1" falsecount="1"/>
        <line num="1313" count="1" type="cond" truecount="1" falsecount="1"/>
        <line num="1314" count="4" type="cond" truecount="1" falsecount="1"/>
        <line num="1315" count="0" type="stmt"/>
        <line num="1318" count="5" type="stmt"/>
        <line num="1319" count="5" type="stmt"/>
        <line num="1320" count="6" type="cond" truecount="1" falsecount="1"/>
        <line num="1321" count="5" type="stmt"/>
        <line num="1322" count="6" type="cond" truecount="2" falsecount="0"/>
        <line num="1323" count="6" type="cond" truecount="4" falsecount="0"/>
        <line num="1324" count="6" type="cond" truecount="5" falsecount="0"/>
        <line num="1325" count="6" type="stmt"/>
        <line num="1328" count="1" type="cond" truecount="2" falsecount="0"/>
        <line num="1329" count="1" type="cond" truecount="1" falsecount="1"/>
        <line num="1332" count="6" type="cond" truecount="2" falsecount="3"/>
        <line num="1333" count="6" type="cond" truecount="2" falsecount="0"/>
        <line num="1334" count="1" type="cond" truecount="1" falsecount="1"/>
        <line num="1337" count="5" type="stmt"/>
        <line num="1338" count="5" type="cond" truecount="1" falsecount="1"/>
        <line num="1341" count="4" type="stmt"/>
        <line num="1342" count="3" type="stmt"/>
        <line num="1344" count="3" type="cond" truecount="4" falsecount="0"/>
        <line num="1345" count="14" type="cond" truecount="3" falsecount="1"/>
        <line num="1346" count="14" type="cond" truecount="3" falsecount="1"/>
        <line num="1347" count="14" type="cond" truecount="14" falsecount="0"/>
        <line num="1349" count="13" type="stmt"/>
        <line num="1358" count="3" type="stmt"/>
        <line num="1359" count="6" type="cond" truecount="1" falsecount="1"/>
        <line num="1360" count="0" type="stmt"/>
        <line num="1361" count="12" type="cond" truecount="5" falsecount="2"/>
        <line num="1362" count="4" type="cond" truecount="0" falsecount="4"/>
        <line num="1366" count="10" type="stmt"/>
        <line num="1367" count="9" type="stmt"/>
        <line num="1368" count="9" type="cond" truecount="4" falsecount="0"/>
        <line num="1370" count="2" type="stmt"/>
        <line num="1371" count="1" type="stmt"/>
        <line num="1374" count="0" type="stmt"/>
        <line num="1375" count="1" type="stmt"/>
        <line num="1376" count="1" type="cond" truecount="0" falsecount="2"/>
        <line num="1378" count="1" type="stmt"/>
        <line num="1382" count="0" type="stmt"/>
        <line num="1383" count="0" type="cond" truecount="0" falsecount="2"/>
        <line num="1385" count="0" type="stmt"/>
        <line num="1389" count="1" type="stmt"/>
        <line num="1390" count="1" type="stmt"/>
        <line num="1394" count="1" type="stmt"/>
        <line num="1395" count="0" type="stmt"/>
        <line num="1396" count="1" type="stmt"/>
        <line num="1397" count="2" type="cond" truecount="2" falsecount="0"/>
        <line num="1399" count="1" type="stmt"/>
        <line num="1401" count="1" type="stmt"/>
        <line num="1402" count="1" type="cond" truecount="1" falsecount="1"/>
        <line num="1403" count="1" type="stmt"/>
        <line num="1404" count="0" type="cond" truecount="0" falsecount="2"/>
        <line num="1405" count="0" type="stmt"/>
        <line num="1409" count="1" type="stmt"/>
        <line num="1410" count="1" type="cond" truecount="1" falsecount="1"/>
        <line num="1411" count="0" type="stmt"/>
        <line num="1412" count="0" type="stmt"/>
        <line num="1413" count="0" type="cond" truecount="0" falsecount="4"/>
        <line num="1414" count="0" type="stmt"/>
        <line num="1415" count="1" type="cond" truecount="0" falsecount="6"/>
        <line num="1421" count="1" type="stmt"/>
        <line num="1422" count="1" type="cond" truecount="1" falsecount="1"/>
        <line num="1423" count="1" type="stmt"/>
        <line num="1424" count="1" type="stmt"/>
        <line num="1425" count="1" type="cond" truecount="2" falsecount="2"/>
        <line num="1426" count="1" type="stmt"/>
        <line num="1429" count="1" type="cond" truecount="1" falsecount="1"/>
        <line num="1431" count="1" type="stmt"/>
        <line num="1432" count="1" type="cond" truecount="0" falsecount="2"/>
        <line num="1433" count="1" type="stmt"/>
        <line num="1434" count="1" type="cond" truecount="1" falsecount="1"/>
        <line num="1435" count="1" type="stmt"/>
        <line num="1436" count="1" type="cond" truecount="2" falsecount="2"/>
        <line num="1437" count="1" type="cond" truecount="2" falsecount="2"/>
        <line num="1438" count="1" type="stmt"/>
        <line num="1440" count="1" type="cond" truecount="3" falsecount="3"/>
        <line num="1444" count="1" type="cond" truecount="0" falsecount="4"/>
        <line num="1445" count="1" type="stmt"/>
        <line num="1446" count="1" type="cond" truecount="1" falsecount="1"/>
        <line num="1447" count="0" type="stmt"/>
        <line num="1448" count="0" type="cond" truecount="0" falsecount="2"/>
        <line num="1449" count="1" type="cond" truecount="0" falsecount="5"/>
        <line num="1453" count="1" type="stmt"/>
        <line num="1454" count="1" type="cond" truecount="1" falsecount="1"/>
        <line num="1455" count="1" type="cond" truecount="0" falsecount="2"/>
        <line num="1456" count="1" type="stmt"/>
        <line num="1457" count="1" type="stmt"/>
        <line num="1458" count="1" type="cond" truecount="4" falsecount="1"/>
        <line num="1459" count="1" type="stmt"/>
        <line num="1465" count="1" type="stmt"/>
        <line num="1467" count="1" type="cond" truecount="1" falsecount="1"/>
        <line num="1468" count="1" type="stmt"/>
        <line num="1472" count="0" type="stmt"/>
        <line num="1476" count="6" type="stmt"/>
        <line num="1477" count="3" type="stmt"/>
        <line num="1478" count="3" type="cond" truecount="4" falsecount="0"/>
        <line num="1479" count="5" type="cond" truecount="3" falsecount="1"/>
        <line num="1480" count="2" type="cond" truecount="3" falsecount="1"/>
        <line num="1481" count="4" type="cond" truecount="4" falsecount="0"/>
        <line num="1483" count="6" type="stmt"/>
        <line num="1492" count="6" type="stmt"/>
        <line num="1493" count="11" type="cond" truecount="1" falsecount="1"/>
        <line num="1494" count="5" type="stmt"/>
        <line num="1495" count="5" type="cond" truecount="2" falsecount="2"/>
        <line num="1496" count="3" type="cond" truecount="2" falsecount="2"/>
        <line num="1497" count="3" type="cond" truecount="2" falsecount="0"/>
        <line num="1501" count="3" type="stmt"/>
        <line num="1503" count="5" type="stmt"/>
        <line num="1505" count="4" type="stmt"/>
        <line num="1509" count="2" type="stmt"/>
        <line num="1510" count="2" type="cond" truecount="1" falsecount="1"/>
        <line num="1511" count="2" type="cond" truecount="1" falsecount="4"/>
        <line num="1514" count="3" type="cond" truecount="2" falsecount="0"/>
        <line num="1515" count="2" type="cond" truecount="1" falsecount="1"/>
        <line num="1518" count="2" type="stmt"/>
        <line num="1519" count="2" type="cond" truecount="1" falsecount="1"/>
        <line num="1520" count="0" type="stmt"/>
        <line num="1523" count="2" type="stmt"/>
        <line num="1524" count="2" type="stmt"/>
        <line num="1525" count="2" type="stmt"/>
        <line num="1526" count="2" type="stmt"/>
        <line num="1527" count="2" type="cond" truecount="1" falsecount="1"/>
        <line num="1528" count="2" type="cond" truecount="4" falsecount="0"/>
        <line num="1529" count="2" type="stmt"/>
        <line num="1530" count="2" type="stmt"/>
        <line num="1531" count="0" type="stmt"/>
        <line num="1533" count="0" type="stmt"/>
        <line num="1536" count="2" type="stmt"/>
        <line num="1537" count="0" type="stmt"/>
        <line num="1547" count="0" type="stmt"/>
        <line num="1549" count="0" type="cond" truecount="0" falsecount="4"/>
        <line num="1550" count="0" type="stmt"/>
        <line num="1552" count="0" type="stmt"/>
        <line num="1555" count="0" type="stmt"/>
        <line num="1557" count="0" type="stmt"/>
        <line num="1558" count="0" type="cond" truecount="0" falsecount="2"/>
        <line num="1559" count="0" type="stmt"/>
        <line num="1560" count="0" type="stmt"/>
        <line num="1561" count="0" type="stmt"/>
        <line num="1563" count="0" type="cond" truecount="0" falsecount="2"/>
        <line num="1565" count="0" type="cond" truecount="0" falsecount="2"/>
        <line num="1566" count="0" type="cond" truecount="0" falsecount="4"/>
        <line num="1567" count="0" type="cond" truecount="0" falsecount="2"/>
        <line num="1568" count="0" type="stmt"/>
        <line num="1569" count="0" type="stmt"/>
        <line num="1570" count="0" type="cond" truecount="0" falsecount="4"/>
        <line num="1571" count="0" type="stmt"/>
        <line num="1574" count="0" type="cond" truecount="0" falsecount="4"/>
        <line num="1576" count="0" type="cond" truecount="0" falsecount="2"/>
        <line num="1577" count="0" type="stmt"/>
        <line num="1578" count="0" type="cond" truecount="0" falsecount="6"/>
        <line num="1580" count="0" type="stmt"/>
        <line num="1581" count="0" type="cond" truecount="0" falsecount="2"/>
        <line num="1583" count="0" type="cond" truecount="0" falsecount="5"/>
        <line num="1584" count="0" type="stmt"/>
        <line num="1589" count="0" type="cond" truecount="0" falsecount="2"/>
        <line num="1590" count="0" type="stmt"/>
        <line num="1593" count="0" type="stmt"/>
        <line num="1594" count="0" type="stmt"/>
        <line num="1596" count="0" type="stmt"/>
        <line num="1599" count="0" type="stmt"/>
        <line num="1601" count="0" type="cond" truecount="0" falsecount="2"/>
        <line num="1602" count="0" type="stmt"/>
        <line num="1603" count="0" type="cond" truecount="0" falsecount="2"/>
        <line num="1605" count="0" type="stmt"/>
        <line num="1606" count="0" type="cond" truecount="0" falsecount="4"/>
        <line num="1607" count="0" type="stmt"/>
        <line num="1610" count="3" type="stmt"/>
        <line num="1611" count="3" type="cond" truecount="0" falsecount="2"/>
        <line num="1612" count="0" type="cond" truecount="0" falsecount="2"/>
        <line num="1613" count="3" type="stmt"/>
        <line num="1614" count="0" type="stmt"/>
        <line num="1615" count="3" type="cond" truecount="0" falsecount="2"/>
        <line num="1617" count="5" type="stmt"/>
        <line num="1629" count="16" type="cond" truecount="2" falsecount="0"/>
        <line num="1630" count="16" type="stmt"/>
        <line num="1631" count="14" type="cond" truecount="2" falsecount="0"/>
        <line num="1633" count="14" type="stmt"/>
        <line num="1635" count="12" type="stmt"/>
        <line num="1637" count="13" type="stmt"/>
        <line num="1639" count="13" type="stmt"/>
        <line num="1643" count="12" type="stmt"/>
        <line num="1644" count="1" type="cond" truecount="1" falsecount="1"/>
        <line num="1645" count="12" type="cond" truecount="2" falsecount="2"/>
        <line num="1648" count="14" type="cond" truecount="2" falsecount="0"/>
        <line num="1649" count="12" type="cond" truecount="2" falsecount="0"/>
        <line num="1652" count="13" type="stmt"/>
        <line num="1653" count="13" type="cond" truecount="1" falsecount="1"/>
        <line num="1654" count="11" type="stmt"/>
        <line num="1657" count="13" type="stmt"/>
        <line num="1658" count="11" type="cond" truecount="1" falsecount="1"/>
        <line num="1659" count="13" type="stmt"/>
        <line num="1660" count="11" type="cond" truecount="1" falsecount="1"/>
        <line num="1661" count="2" type="cond" truecount="1" falsecount="1"/>
        <line num="1662" count="13" type="cond" truecount="4" falsecount="0"/>
        <line num="1663" count="11" type="stmt"/>
        <line num="1667" count="11" type="stmt"/>
        <line num="1670" count="13" type="stmt"/>
        <line num="1674" count="11" type="stmt"/>
        <line num="1675" count="18" type="cond" truecount="2" falsecount="0"/>
        <line num="1676" count="10" type="stmt"/>
        <line num="1680" count="1" type="stmt"/>
        <line num="1681" count="3" type="stmt"/>
        <line num="1683" count="0" type="stmt"/>
        <line num="1684" count="11" type="cond" truecount="1" falsecount="1"/>
        <line num="1685" count="0" type="cond" truecount="0" falsecount="5"/>
        <line num="1686" count="0" type="stmt"/>
        <line num="1688" count="0" type="cond" truecount="0" falsecount="5"/>
        <line num="1689" count="0" type="stmt"/>
        <line num="1691" count="11" type="stmt"/>
        <line num="1692" count="0" type="cond" truecount="0" falsecount="2"/>
        <line num="1693" count="1" type="stmt"/>
        <line num="1694" count="1" type="stmt"/>
        <line num="1695" count="1" type="stmt"/>
        <line num="1699" count="1" type="cond" truecount="1" falsecount="1"/>
        <line num="1700" count="1" type="cond" truecount="1" falsecount="1"/>
        <line num="1701" count="1" type="cond" truecount="0" falsecount="2"/>
        <line num="1703" count="0" type="stmt"/>
        <line num="1705" count="11" type="stmt"/>
        <line num="1710" count="0" type="cond" truecount="0" falsecount="2"/>
        <line num="1711" count="0" type="stmt"/>
        <line num="1712" count="0" type="cond" truecount="0" falsecount="2"/>
        <line num="1714" count="0" type="stmt"/>
        <line num="1715" count="0" type="cond" truecount="0" falsecount="2"/>
        <line num="1716" count="7" type="stmt"/>
        <line num="1717" count="7" type="stmt"/>
        <line num="1718" count="7" type="stmt"/>
        <line num="1719" count="7" type="stmt"/>
        <line num="1724" count="7" type="stmt"/>
        <line num="1725" count="10" type="stmt"/>
        <line num="1727" count="10" type="stmt"/>
        <line num="1728" count="10" type="stmt"/>
        <line num="1730" count="10" type="stmt"/>
        <line num="1735" count="10" type="cond" truecount="0" falsecount="2"/>
        <line num="1736" count="0" type="stmt"/>
        <line num="1737" count="7" type="cond" truecount="0" falsecount="2"/>
        <line num="1739" count="7" type="cond" truecount="4" falsecount="0"/>
        <line num="1740" count="0" type="cond" truecount="2" falsecount="2"/>
        <line num="1741" count="7" type="stmt"/>
        <line num="1743" count="7" type="cond" truecount="4" falsecount="0"/>
        <line num="1744" count="1" type="stmt"/>
        <line num="1745" count="1" type="cond" truecount="2" falsecount="0"/>
        <line num="1746" count="1" type="cond" truecount="2" falsecount="0"/>
        <line num="1748" count="0" type="stmt"/>
        <line num="1750" count="1" type="cond" truecount="2" falsecount="0"/>
        <line num="1753" count="7" type="cond" truecount="1" falsecount="1"/>
        <line num="1754" count="0" type="cond" truecount="0" falsecount="2"/>
        <line num="1755" count="0" type="stmt"/>
        <line num="1757" count="0" type="stmt"/>
        <line num="1759" count="7" type="stmt"/>
        <line num="1760" count="7" type="cond" truecount="2" falsecount="0"/>
        <line num="1761" count="5" type="stmt"/>
        <line num="1763" count="11" type="stmt"/>
        <line num="1764" count="16" type="stmt"/>
        <line num="1765" count="16" type="stmt"/>
        <line num="1767" count="11" type="stmt"/>
        <line num="1769" count="5" type="cond" truecount="1" falsecount="1"/>
        <line num="1770" count="11" type="stmt"/>
        <line num="1772" count="11" type="cond" truecount="0" falsecount="4"/>
        <line num="1773" count="0" type="stmt"/>
        <line num="1779" count="11" type="cond" truecount="3" falsecount="1"/>
        <line num="1784" count="16" type="stmt"/>
        <line num="1792" count="11" type="cond" truecount="1" falsecount="1"/>
        <line num="1793" count="11" type="stmt"/>
        <line num="1794" count="13" type="cond" truecount="1" falsecount="1"/>
        <line num="1795" count="2" type="stmt"/>
        <line num="1796" count="13" type="stmt"/>
        <line num="1797" count="11" type="stmt"/>
        <line num="1798" count="2" type="stmt"/>
        <line num="1801" count="3" type="stmt"/>
        <line num="1808" count="13" type="stmt"/>
        <line num="1809" count="21" type="cond" truecount="2" falsecount="0"/>
        <line num="1810" count="13" type="stmt"/>
        <line num="1813" count="3" type="cond" truecount="2" falsecount="2"/>
        <line num="1814" count="4" type="stmt"/>
        <line num="1815" count="6" type="stmt"/>
        <line num="1818" count="14" type="cond" truecount="1" falsecount="1"/>
        <line num="1819" count="3" type="cond" truecount="2" falsecount="3"/>
        <line num="1820" count="3" type="stmt"/>
        <line num="1822" count="3" type="cond" truecount="2" falsecount="3"/>
        <line num="1823" count="3" type="stmt"/>
        <line num="1827" count="4" type="cond" truecount="1" falsecount="1"/>
        <line num="1828" count="4" type="stmt"/>
        <line num="1829" count="4" type="cond" truecount="1" falsecount="1"/>
        <line num="1830" count="4" type="stmt"/>
        <line num="1833" count="3" type="stmt"/>
        <line num="1834" count="3" type="cond" truecount="2" falsecount="0"/>
        <line num="1835" count="3" type="cond" truecount="2" falsecount="0"/>
        <line num="1836" count="2" type="stmt"/>
        <line num="1839" count="12" type="stmt"/>
        <line num="1840" count="1" type="cond" truecount="1" falsecount="1"/>
        <line num="1841" count="0" type="stmt"/>
        <line num="1850" count="9" type="stmt"/>
        <line num="1851" count="10" type="stmt"/>
        <line num="1852" count="9" type="stmt"/>
        <line num="1853" count="9" type="stmt"/>
        <line num="1855" count="10" type="cond" truecount="2" falsecount="0"/>
        <line num="1856" count="10" type="cond" truecount="1" falsecount="1"/>
        <line num="1858" count="9" type="cond" truecount="1" falsecount="1"/>
        <line num="1859" count="13" type="stmt"/>
        <line num="1862" count="0" type="stmt"/>
        <line num="1871" count="9" type="stmt"/>
        <line num="1873" count="9" type="cond" truecount="4" falsecount="0"/>
        <line num="1874" count="11" type="stmt"/>
        <line num="1877" count="9" type="cond" truecount="4" falsecount="0"/>
        <line num="1878" count="1" type="stmt"/>
        <line num="1879" count="1" type="stmt"/>
        <line num="1884" count="1" type="stmt"/>
        <line num="1886" count="0" type="stmt"/>
        <line num="1887" count="9" type="cond" truecount="1" falsecount="1"/>
        <line num="1888" count="0" type="cond" truecount="0" falsecount="2"/>
        <line num="1889" count="0" type="stmt"/>
        <line num="1890" count="0" type="stmt"/>
        <line num="1891" count="0" type="stmt"/>
        <line num="1893" count="9" type="stmt"/>
        <line num="1894" count="9" type="cond" truecount="2" falsecount="0"/>
        <line num="1895" count="7" type="stmt"/>
        <line num="1897" count="7" type="stmt"/>
        <line num="1903" count="7" type="cond" truecount="1" falsecount="1"/>
        <line num="1904" count="0" type="stmt"/>
        <line num="1906" count="0" type="cond" truecount="0" falsecount="4"/>
        <line num="1907" count="0" type="stmt"/>
        <line num="1908" count="0" type="cond" truecount="1" falsecount="3"/>
        <line num="1918" count="7" type="stmt"/>
        <line num="1928" count="2" type="cond" truecount="0" falsecount="2"/>
        <line num="1929" count="2" type="stmt"/>
        <line num="1930" count="2" type="cond" truecount="0" falsecount="2"/>
        <line num="1932" count="2" type="stmt"/>
        <line num="1933" count="2" type="cond" truecount="0" falsecount="2"/>
        <line num="1934" count="2" type="cond" truecount="0" falsecount="2"/>
        <line num="1935" count="3" type="stmt"/>
        <line num="1938" count="3" type="cond" truecount="0" falsecount="2"/>
        <line num="1947" count="3" type="cond" truecount="2" falsecount="2"/>
        <line num="1950" count="6" type="stmt"/>
        <line num="1951" count="6" type="stmt"/>
        <line num="1952" count="6" type="stmt"/>
        <line num="1954" count="3" type="stmt"/>
        <line num="1958" count="6" type="stmt"/>
        <line num="1961" count="9" type="cond" truecount="1" falsecount="1"/>
        <line num="1962" count="9" type="stmt"/>
        <line num="1963" count="9" type="cond" truecount="1" falsecount="1"/>
        <line num="1964" count="9" type="stmt"/>
        <line num="1967" count="8" type="stmt"/>
        <line num="1968" count="8" type="cond" truecount="1" falsecount="1"/>
        <line num="1969" count="5" type="cond" truecount="2" falsecount="0"/>
        <line num="1970" count="6" type="cond" truecount="3" falsecount="1"/>
        <line num="1973" count="7" type="stmt"/>
        <line num="1974" count="4" type="cond" truecount="1" falsecount="1"/>
        <line num="1975" count="3" type="stmt"/>
        <line num="1984" count="6" type="cond" truecount="2" falsecount="0"/>
        <line num="1985" count="3" type="stmt"/>
        <line num="1986" count="3" type="cond" truecount="1" falsecount="1"/>
        <line num="1987" count="4" type="stmt"/>
        <line num="1989" count="1" type="stmt"/>
        <line num="1990" count="3" type="cond" truecount="1" falsecount="1"/>
        <line num="1992" count="4" type="cond" truecount="1" falsecount="1"/>
        <line num="1993" count="4" type="stmt"/>
        <line num="1996" count="0" type="stmt"/>
        <line num="1999" count="3" type="cond" truecount="2" falsecount="0"/>
        <line num="2001" count="2" type="cond" truecount="0" falsecount="4"/>
        <line num="2008" count="2" type="stmt"/>
        <line num="2009" count="2" type="stmt"/>
        <line num="2018" count="2" type="cond" truecount="2" falsecount="0"/>
        <line num="2020" count="1" type="stmt"/>
        <line num="2021" count="1" type="stmt"/>
        <line num="2022" count="1" type="stmt"/>
        <line num="2024" count="0" type="stmt"/>
        <line num="2028" count="1" type="stmt"/>
        <line num="2038" count="1" type="cond" truecount="1" falsecount="1"/>
        <line num="2040" count="0" type="stmt"/>
        <line num="2041" count="0" type="stmt"/>
        <line num="2042" count="0" type="cond" truecount="0" falsecount="4"/>
        <line num="2043" count="0" type="stmt"/>
        <line num="2044" count="0" type="stmt"/>
        <line num="2045" count="0" type="stmt"/>
        <line num="2047" count="0" type="stmt"/>
        <line num="2049" count="0" type="cond" truecount="0" falsecount="3"/>
        <line num="2052" count="0" type="cond" truecount="0" falsecount="4"/>
        <line num="2057" count="3" type="cond" truecount="1" falsecount="3"/>
        <line num="2062" count="3" type="cond" truecount="3" falsecount="3"/>
        <line num="2063" count="0" type="stmt"/>
        <line num="2064" count="3" type="cond" truecount="1" falsecount="1"/>
        <line num="2065" count="0" type="cond" truecount="0" falsecount="4"/>
        <line num="2066" count="0" type="stmt"/>
        <line num="2067" count="0" type="cond" truecount="0" falsecount="2"/>
        <line num="2068" count="0" type="cond" truecount="0" falsecount="6"/>
        <line num="2069" count="0" type="cond" truecount="0" falsecount="2"/>
        <line num="2070" count="0" type="cond" truecount="0" falsecount="2"/>
        <line num="2071" count="0" type="stmt"/>
        <line num="2072" count="0" type="cond" truecount="0" falsecount="2"/>
        <line num="2073" count="0" type="stmt"/>
        <line num="2084" count="3" type="stmt"/>
        <line num="2085" count="3" type="stmt"/>
        <line num="2086" count="3" type="stmt"/>
        <line num="2088" count="3" type="stmt"/>
        <line num="2092" count="6" type="stmt"/>
        <line num="2104" count="6" type="cond" truecount="3" falsecount="1"/>
        <line num="2118" count="6" type="cond" truecount="2" falsecount="0"/>
        <line num="2119" count="3" type="stmt"/>
        <line num="2120" count="3" type="cond" truecount="1" falsecount="1"/>
        <line num="2121" count="3" type="stmt"/>
        <line num="2124" count="3" type="stmt"/>
        <line num="2133" count="3" type="cond" truecount="2" falsecount="0"/>
        <line num="2135" count="2" type="stmt"/>
        <line num="2143" count="2" type="stmt"/>
        <line num="2152" count="2" type="cond" truecount="2" falsecount="0"/>
        <line num="2154" count="1" type="stmt"/>
        <line num="2162" count="1" type="stmt"/>
        <line num="2172" count="1" type="cond" truecount="1" falsecount="1"/>
        <line num="2174" count="0" type="stmt"/>
        <line num="2175" count="0" type="stmt"/>
        <line num="2176" count="0" type="stmt"/>
        <line num="2177" count="0" type="stmt"/>
        <line num="2178" count="0" type="stmt"/>
        <line num="2179" count="0" type="stmt"/>
        <line num="2181" count="0" type="stmt"/>
        <line num="2183" count="0" type="cond" truecount="0" falsecount="3"/>
        <line num="2186" count="0" type="cond" truecount="0" falsecount="4"/>
        <line num="2191" count="3" type="cond" truecount="1" falsecount="3"/>
        <line num="2196" count="3" type="cond" truecount="2" falsecount="2"/>
        <line num="2197" count="0" type="stmt"/>
        <line num="2199" count="0" type="cond" truecount="0" falsecount="4"/>
        <line num="2200" count="0" type="stmt"/>
        <line num="2202" count="0" type="cond" truecount="0" falsecount="4"/>
        <line num="2203" count="0" type="cond" truecount="0" falsecount="2"/>
        <line num="2204" count="0" type="cond" truecount="0" falsecount="2"/>
        <line num="2205" count="0" type="stmt"/>
        <line num="2207" count="0" type="stmt"/>
      </file>
    </package>
    <package name="src.services">
      <metrics statements="432" coveredstatements="355" conditionals="474" coveredconditionals="340" methods="108" coveredmethods="76"/>
      <file name="checkout-classification.ts" path="C:\Users\0\Desktop\store\dev\JSTS\Discord\kreziax\src\services\checkout-classification.ts">
        <metrics statements="19" coveredstatements="18" conditionals="62" coveredconditionals="57" methods="6" coveredmethods="6"/>
        <line num="4" count="24" type="stmt"/>
        <line num="5" count="24" type="cond" truecount="2" falsecount="0"/>
        <line num="7" count="16" type="stmt"/>
        <line num="8" count="16" type="cond" truecount="2" falsecount="2"/>
        <line num="12" count="24" type="stmt"/>
        <line num="16" count="24" type="stmt"/>
        <line num="17" count="24" type="stmt"/>
        <line num="18" count="24" type="stmt"/>
        <line num="21" count="24" type="cond" truecount="14" falsecount="0"/>
        <line num="29" count="24" type="cond" truecount="8" falsecount="2"/>
        <line num="30" count="6" type="stmt"/>
        <line num="33" count="18" type="cond" truecount="2" falsecount="0"/>
        <line num="40" count="8" type="stmt"/>
        <line num="44" count="10" type="cond" truecount="8" falsecount="0"/>
        <line num="49" count="24" type="cond" truecount="10" falsecount="0"/>
        <line num="50" count="6" type="stmt"/>
        <line num="53" count="4" type="cond" truecount="1" falsecount="1"/>
        <line num="54" count="0" type="stmt"/>
        <line num="57" count="4" type="stmt"/>
      </file>
      <file name="pickup-point-validation.ts" path="C:\Users\0\Desktop\store\dev\JSTS\Discord\kreziax\src\services\pickup-point-validation.ts">
        <metrics statements="23" coveredstatements="21" conditionals="34" coveredconditionals="32" methods="4" coveredmethods="4"/>
        <line num="3" count="6" type="stmt"/>
        <line num="6" count="22" type="stmt"/>
        <line num="7" count="22" type="stmt"/>
        <line num="8" count="22" type="cond" truecount="2" falsecount="0"/>
        <line num="9" count="14" type="stmt"/>
        <line num="13" count="20" type="stmt"/>
        <line num="14" count="20" type="cond" truecount="1" falsecount="1"/>
        <line num="15" count="0" type="stmt"/>
        <line num="18" count="20" type="stmt"/>
        <line num="19" count="20" type="cond" truecount="2" falsecount="0"/>
        <line num="20" count="8" type="stmt"/>
        <line num="27" count="12" type="stmt"/>
        <line num="28" count="12" type="cond" truecount="5" falsecount="1"/>
        <line num="29" count="0" type="stmt"/>
        <line num="36" count="12" type="cond" truecount="6" falsecount="0"/>
        <line num="37" count="2" type="stmt"/>
        <line num="44" count="10" type="stmt"/>
        <line num="45" count="10" type="stmt"/>
        <line num="46" count="10" type="cond" truecount="8" falsecount="0"/>
        <line num="47" count="4" type="stmt"/>
        <line num="50" count="6" type="cond" truecount="8" falsecount="0"/>
        <line num="51" count="4" type="stmt"/>
        <line num="54" count="2" type="stmt"/>
      </file>
      <file name="setup-account-refresh-token.ts" path="C:\Users\0\Desktop\store\dev\JSTS\Discord\kreziax\src\services\setup-account-refresh-token.ts">
        <metrics statements="85" coveredstatements="76" conditionals="72" coveredconditionals="55" methods="21" coveredmethods="21"/>
        <line num="5" count="6" type="stmt"/>
        <line num="8" count="6" type="stmt"/>
        <line num="11" count="20" type="stmt"/>
        <line num="12" count="20" type="cond" truecount="2" falsecount="2"/>
        <line num="16" count="22" type="stmt"/>
        <line num="20" count="22" type="stmt"/>
        <line num="21" count="22" type="cond" truecount="2" falsecount="0"/>
        <line num="22" count="2" type="stmt"/>
        <line num="24" count="22" type="cond" truecount="1" falsecount="1"/>
        <line num="25" count="0" type="stmt"/>
        <line num="27" count="22" type="cond" truecount="7" falsecount="3"/>
        <line num="28" count="0" type="stmt"/>
        <line num="30" count="22" type="cond" truecount="4" falsecount="2"/>
        <line num="31" count="0" type="stmt"/>
        <line num="33" count="22" type="cond" truecount="1" falsecount="1"/>
        <line num="34" count="0" type="stmt"/>
        <line num="36" count="22" type="cond" truecount="1" falsecount="1"/>
        <line num="37" count="0" type="stmt"/>
        <line num="39" count="22" type="stmt"/>
        <line num="40" count="22" type="stmt"/>
        <line num="41" count="22" type="cond" truecount="2" falsecount="0"/>
        <line num="42" count="4" type="stmt"/>
        <line num="44" count="22" type="stmt"/>
        <line num="48" count="22" type="cond" truecount="2" falsecount="0"/>
        <line num="49" count="10" type="stmt"/>
        <line num="50" count="10" type="stmt"/>
        <line num="52" count="0" type="stmt"/>
        <line num="57" count="12" type="stmt"/>
        <line num="58" count="12" type="stmt"/>
        <line num="59" count="18" type="stmt"/>
        <line num="60" count="18" type="cond" truecount="1" falsecount="1"/>
        <line num="61" count="18" type="stmt"/>
        <line num="62" count="18" type="cond" truecount="2" falsecount="0"/>
        <line num="63" count="11" type="stmt"/>
        <line num="64" count="10" type="cond" truecount="2" falsecount="0"/>
        <line num="65" count="4" type="stmt"/>
        <line num="67" count="8" type="stmt"/>
        <line num="71" count="12" type="stmt"/>
        <line num="72" count="12" type="cond" truecount="4" falsecount="0"/>
        <line num="76" count="12" type="stmt"/>
        <line num="77" count="12" type="stmt"/>
        <line num="78" count="12" type="stmt"/>
        <line num="79" count="32" type="cond" truecount="1" falsecount="1"/>
        <line num="80" count="32" type="cond" truecount="2" falsecount="0"/>
        <line num="81" count="24" type="stmt"/>
        <line num="82" count="24" type="stmt"/>
        <line num="84" count="12" type="stmt"/>
        <line num="88" count="12" type="stmt"/>
        <line num="89" count="12" type="cond" truecount="1" falsecount="1"/>
        <line num="91" count="12" type="stmt"/>
        <line num="92" count="12" type="stmt"/>
        <line num="93" count="48" type="cond" truecount="2" falsecount="0"/>
        <line num="94" count="22" type="stmt"/>
        <line num="95" count="22" type="cond" truecount="1" falsecount="1"/>
        <line num="96" count="22" type="stmt"/>
        <line num="97" count="22" type="stmt"/>
        <line num="98" count="22" type="cond" truecount="6" falsecount="0"/>
        <line num="99" count="10" type="stmt"/>
        <line num="103" count="12" type="stmt"/>
        <line num="104" count="12" type="stmt"/>
        <line num="105" count="12" type="stmt"/>
        <line num="107" count="12" type="stmt"/>
        <line num="108" count="12" type="cond" truecount="4" falsecount="0"/>
        <line num="110" count="12" type="stmt"/>
        <line num="121" count="8" type="stmt"/>
        <line num="122" count="8" type="cond" truecount="1" falsecount="1"/>
        <line num="123" count="0" type="stmt"/>
        <line num="126" count="8" type="stmt"/>
        <line num="128" count="72" type="stmt"/>
        <line num="131" count="8" type="stmt"/>
        <line num="133" count="8" type="stmt"/>
        <line num="134" count="26" type="stmt"/>
        <line num="135" count="26" type="stmt"/>
        <line num="136" count="26" type="cond" truecount="2" falsecount="0"/>
        <line num="137" count="4" type="stmt"/>
        <line num="140" count="24" type="stmt"/>
        <line num="141" count="22" type="cond" truecount="2" falsecount="0"/>
        <line num="142" count="2" type="stmt"/>
        <line num="144" count="20" type="cond" truecount="1" falsecount="1"/>
        <line num="145" count="20" type="stmt"/>
        <line num="146" count="20" type="stmt"/>
        <line num="149" count="0" type="stmt"/>
        <line num="153" count="2" type="cond" truecount="1" falsecount="1"/>
        <line num="154" count="2" type="stmt"/>
        <line num="157" count="0" type="stmt"/>
      </file>
      <file name="setup-required-notifier.ts" path="C:\Users\0\Desktop\store\dev\JSTS\Discord\kreziax\src\services\setup-required-notifier.ts">
        <metrics statements="35" coveredstatements="32" conditionals="56" coveredconditionals="38" methods="12" coveredmethods="12"/>
        <line num="17" count="6" type="stmt"/>
        <line num="18" count="6" type="stmt"/>
        <line num="20" count="6" type="stmt"/>
        <line num="21" count="6" type="stmt"/>
        <line num="24" count="4" type="stmt"/>
        <line num="28" count="2" type="stmt"/>
        <line num="29" count="2" type="stmt"/>
        <line num="37" count="2" type="stmt"/>
        <line num="38" count="2" type="stmt"/>
        <line num="47" count="6" type="stmt"/>
        <line num="51" count="6" type="stmt"/>
        <line num="65" count="8" type="cond" truecount="2" falsecount="2"/>
        <line num="67" count="8" type="cond" truecount="4" falsecount="0"/>
        <line num="68" count="8" type="cond" truecount="4" falsecount="0"/>
        <line num="70" count="8" type="cond" truecount="6" falsecount="0"/>
        <line num="72" count="6" type="cond" truecount="4" falsecount="0"/>
        <line num="73" count="8" type="cond" truecount="4" falsecount="0"/>
        <line num="75" count="8" type="cond" truecount="2" falsecount="0"/>
        <line num="76" count="6" type="stmt"/>
        <line num="77" count="6" type="stmt"/>
        <line num="78" count="4" type="cond" truecount="5" falsecount="1"/>
        <line num="79" count="4" type="stmt"/>
        <line num="81" count="0" type="stmt"/>
        <line num="87" count="2" type="cond" truecount="1" falsecount="1"/>
        <line num="88" count="2" type="stmt"/>
        <line num="90" count="0" type="stmt"/>
        <line num="96" count="6" type="stmt"/>
        <line num="100" count="6" type="cond" truecount="1" falsecount="1"/>
        <line num="101" count="6" type="stmt"/>
        <line num="102" count="6" type="stmt"/>
        <line num="103" count="6" type="stmt"/>
        <line num="105" count="2" type="cond" truecount="1" falsecount="1"/>
        <line num="106" count="2" type="stmt"/>
        <line num="111" count="0" type="stmt"/>
        <line num="117" count="6" type="stmt"/>
      </file>
      <file name="vinted-account-service.ts" path="C:\Users\0\Desktop\store\dev\JSTS\Discord\kreziax\src\services\vinted-account-service.ts">
        <metrics statements="28" coveredstatements="1" conditionals="16" coveredconditionals="0" methods="16" coveredmethods="0"/>
        <line num="11" count="4" type="stmt"/>
        <line num="16" count="0" type="stmt"/>
        <line num="17" count="0" type="stmt"/>
        <line num="19" count="0" type="cond" truecount="0" falsecount="2"/>
        <line num="20" count="0" type="stmt"/>
        <line num="22" count="0" type="stmt"/>
        <line num="30" count="0" type="stmt"/>
        <line num="31" count="0" type="cond" truecount="0" falsecount="2"/>
        <line num="33" count="0" type="stmt"/>
        <line num="36" count="0" type="stmt"/>
        <line num="38" count="0" type="cond" truecount="0" falsecount="2"/>
        <line num="39" count="0" type="stmt"/>
        <line num="42" count="0" type="stmt"/>
        <line num="44" count="0" type="stmt"/>
        <line num="48" count="0" type="stmt"/>
        <line num="59" count="0" type="stmt"/>
        <line num="66" count="0" type="stmt"/>
        <line num="67" count="0" type="stmt"/>
        <line num="69" count="0" type="cond" truecount="0" falsecount="2"/>
        <line num="70" count="0" type="stmt"/>
        <line num="73" count="0" type="stmt"/>
        <line num="74" count="0" type="cond" truecount="0" falsecount="2"/>
        <line num="76" count="0" type="stmt"/>
        <line num="81" count="0" type="stmt"/>
        <line num="92" count="0" type="stmt"/>
        <line num="93" count="0" type="stmt"/>
        <line num="95" count="0" type="cond" truecount="0" falsecount="2"/>
        <line num="96" count="0" type="stmt"/>
      </file>
      <file name="vinted-actions-service.ts" path="C:\Users\0\Desktop\store\dev\JSTS\Discord\kreziax\src\services\vinted-actions-service.ts">
        <metrics statements="174" coveredstatements="150" conditionals="184" coveredconditionals="128" methods="33" coveredmethods="19"/>
        <line num="9" count="4" type="stmt"/>
        <line num="75" count="4" type="stmt"/>
        <line num="79" count="2" type="stmt"/>
        <line num="80" count="2" type="stmt"/>
        <line num="83" count="4" type="stmt"/>
        <line num="85" count="2" type="stmt"/>
        <line num="88" count="4" type="stmt"/>
        <line num="90" count="2" type="stmt"/>
        <line num="91" count="2" type="stmt"/>
        <line num="92" count="2" type="stmt"/>
        <line num="122" count="4" type="cond" truecount="2" falsecount="0"/>
        <line num="123" count="2" type="cond" truecount="1" falsecount="1"/>
        <line num="124" count="0" type="cond" truecount="0" falsecount="2"/>
        <line num="125" count="0" type="stmt"/>
        <line num="129" count="22" type="stmt"/>
        <line num="136" count="8" type="cond" truecount="1" falsecount="1"/>
        <line num="137" count="8" type="cond" truecount="4" falsecount="4"/>
        <line num="138" count="0" type="stmt"/>
        <line num="140" count="8" type="cond" truecount="1" falsecount="1"/>
        <line num="141" count="8" type="stmt"/>
        <line num="142" count="8" type="cond" truecount="1" falsecount="1"/>
        <line num="143" count="8" type="stmt"/>
        <line num="144" count="8" type="stmt"/>
        <line num="146" count="0" type="stmt"/>
        <line num="151" count="8" type="stmt"/>
        <line num="152" count="8" type="stmt"/>
        <line num="153" count="8" type="stmt"/>
        <line num="155" count="4" type="stmt"/>
        <line num="156" count="0" type="cond" truecount="0" falsecount="4"/>
        <line num="169" count="31" type="cond" truecount="8" falsecount="0"/>
        <line num="170" count="26" type="stmt"/>
        <line num="173" count="5" type="stmt"/>
        <line num="182" count="5" type="cond" truecount="1" falsecount="1"/>
        <line num="183" count="5" type="stmt"/>
        <line num="193" count="5" type="stmt"/>
        <line num="196" count="0" type="stmt"/>
        <line num="207" count="0" type="stmt"/>
        <line num="214" count="0" type="stmt"/>
        <line num="215" count="0" type="cond" truecount="0" falsecount="2"/>
        <line num="217" count="0" type="stmt"/>
        <line num="224" count="0" type="cond" truecount="0" falsecount="2"/>
        <line num="225" count="0" type="stmt"/>
        <line num="226" count="0" type="cond" truecount="0" falsecount="2"/>
        <line num="227" count="0" type="stmt"/>
        <line num="233" count="0" type="cond" truecount="0" falsecount="2"/>
        <line num="234" count="0" type="stmt"/>
        <line num="240" count="0" type="stmt"/>
        <line num="242" count="0" type="stmt"/>
        <line num="253" count="23" type="stmt"/>
        <line num="254" count="23" type="cond" truecount="1" falsecount="1"/>
        <line num="256" count="23" type="stmt"/>
        <line num="257" count="23" type="cond" truecount="1" falsecount="1"/>
        <line num="259" count="23" type="stmt"/>
        <line num="260" count="23" type="cond" truecount="1" falsecount="1"/>
        <line num="261" count="23" type="stmt"/>
        <line num="262" count="23" type="stmt"/>
        <line num="272" count="23" type="stmt"/>
        <line num="273" count="17" type="stmt"/>
        <line num="275" count="16" type="stmt"/>
        <line num="276" count="9" type="stmt"/>
        <line num="278" count="16" type="stmt"/>
        <line num="283" count="17" type="cond" truecount="2" falsecount="0"/>
        <line num="284" count="16" type="cond" truecount="1" falsecount="1"/>
        <line num="285" count="16" type="stmt"/>
        <line num="286" count="16" type="cond" truecount="2" falsecount="0"/>
        <line num="287" count="8" type="cond" truecount="2" falsecount="0"/>
        <line num="288" count="4" type="stmt"/>
        <line num="289" count="4" type="stmt"/>
        <line num="291" count="12" type="stmt"/>
        <line num="292" count="2" type="stmt"/>
        <line num="293" count="6" type="cond" truecount="2" falsecount="0"/>
        <line num="294" count="1" type="stmt"/>
        <line num="295" count="5" type="stmt"/>
        <line num="297" count="14" type="cond" truecount="1" falsecount="1"/>
        <line num="298" count="13" type="stmt"/>
        <line num="299" count="12" type="cond" truecount="1" falsecount="1"/>
        <line num="300" count="1" type="stmt"/>
        <line num="301" count="11" type="stmt"/>
        <line num="302" count="2" type="stmt"/>
        <line num="303" count="14" type="cond" truecount="1" falsecount="1"/>
        <line num="304" count="0" type="stmt"/>
        <line num="306" count="24" type="stmt"/>
        <line num="308" count="11" type="stmt"/>
        <line num="311" count="1" type="stmt"/>
        <line num="315" count="23" type="cond" truecount="2" falsecount="0"/>
        <line num="316" count="19" type="cond" truecount="2" falsecount="0"/>
        <line num="317" count="17" type="stmt"/>
        <line num="318" count="13" type="stmt"/>
        <line num="319" count="15" type="cond" truecount="1" falsecount="1"/>
        <line num="320" count="15" type="stmt"/>
        <line num="322" count="13" type="stmt"/>
        <line num="323" count="13" type="stmt"/>
        <line num="326" count="16" type="stmt"/>
        <line num="327" count="13" type="cond" truecount="2" falsecount="0"/>
        <line num="328" count="17" type="cond" truecount="6" falsecount="0"/>
        <line num="329" count="11" type="stmt"/>
        <line num="331" count="3" type="cond" truecount="1" falsecount="1"/>
        <line num="332" count="5" type="stmt"/>
        <line num="333" count="5" type="stmt"/>
        <line num="334" count="15" type="stmt"/>
        <line num="335" count="0" type="stmt"/>
        <line num="338" count="4" type="stmt"/>
        <line num="339" count="4" type="cond" truecount="4" falsecount="0"/>
        <line num="340" count="2" type="stmt"/>
        <line num="343" count="2" type="stmt"/>
        <line num="344" count="2" type="cond" truecount="1" falsecount="0"/>
        <line num="345" count="2" type="stmt"/>
        <line num="346" count="16" type="stmt"/>
        <line num="347" count="4" type="cond" truecount="1" falsecount="1"/>
        <line num="348" count="12" type="stmt"/>
        <line num="349" count="12" type="cond" truecount="4" falsecount="0"/>
        <line num="350" count="12" type="stmt"/>
        <line num="354" count="4" type="cond" truecount="2" falsecount="2"/>
        <line num="359" count="12" type="cond" truecount="2" falsecount="0"/>
        <line num="360" count="7" type="stmt"/>
        <line num="363" count="1" type="stmt"/>
        <line num="369" count="5" type="cond" truecount="2" falsecount="0"/>
        <line num="370" count="3" type="stmt"/>
        <line num="373" count="2" type="stmt"/>
        <line num="374" count="1" type="stmt"/>
        <line num="375" count="2" type="cond" truecount="3" falsecount="1"/>
        <line num="377" count="4" type="stmt"/>
        <line num="386" count="4" type="stmt"/>
        <line num="387" count="6" type="cond" truecount="4" falsecount="0"/>
        <line num="388" count="1" type="stmt"/>
        <line num="389" count="4" type="stmt"/>
        <line num="391" count="5" type="stmt"/>
        <line num="399" count="4" type="stmt"/>
        <line num="402" count="8" type="stmt"/>
        <line num="403" count="8" type="cond" truecount="1" falsecount="1"/>
        <line num="405" count="4" type="cond" truecount="1" falsecount="1"/>
        <line num="409" count="4" type="cond" truecount="2" falsecount="0"/>
        <line num="410" count="6" type="stmt"/>
        <line num="412" count="4" type="stmt"/>
        <line num="413" count="6" type="stmt"/>
        <line num="414" count="4" type="cond" truecount="1" falsecount="1"/>
        <line num="415" count="2" type="cond" truecount="4" falsecount="0"/>
        <line num="417" count="4" type="stmt"/>
        <line num="423" count="4" type="stmt"/>
        <line num="426" count="4" type="stmt"/>
        <line num="427" count="6" type="cond" truecount="4" falsecount="0"/>
        <line num="428" count="1" type="stmt"/>
        <line num="429" count="4" type="stmt"/>
        <line num="431" count="5" type="stmt"/>
        <line num="437" count="4" type="cond" truecount="2" falsecount="0"/>
        <line num="438" count="1" type="stmt"/>
        <line num="439" count="1" type="cond" truecount="1" falsecount="1"/>
        <line num="440" count="1" type="cond" truecount="1" falsecount="0"/>
        <line num="442" count="4" type="cond" truecount="0" falsecount="2"/>
        <line num="443" count="4" type="cond" truecount="1" falsecount="1"/>
        <line num="445" count="4" type="cond" truecount="1" falsecount="1"/>
        <line num="448" count="3" type="cond" truecount="2" falsecount="0"/>
        <line num="449" count="2" type="cond" truecount="2" falsecount="0"/>
        <line num="450" count="5" type="stmt"/>
        <line num="452" count="5" type="stmt"/>
        <line num="453" count="7" type="stmt"/>
        <line num="454" count="4" type="cond" truecount="1" falsecount="1"/>
        <line num="455" count="5" type="stmt"/>
        <line num="463" count="0" type="stmt"/>
        <line num="466" count="4" type="stmt"/>
        <line num="467" count="4" type="cond" truecount="1" falsecount="1"/>
        <line num="469" count="4" type="stmt"/>
        <line num="477" count="4" type="cond" truecount="2" falsecount="0"/>
        <line num="478" count="1" type="stmt"/>
        <line num="479" count="1" type="cond" truecount="1" falsecount="1"/>
        <line num="480" count="1" type="stmt"/>
        <line num="482" count="0" type="cond" truecount="0" falsecount="2"/>
        <line num="483" count="0" type="stmt"/>
        <line num="485" count="0" type="stmt"/>
        <line num="488" count="3" type="cond" truecount="2" falsecount="0"/>
        <line num="489" count="2" type="cond" truecount="2" falsecount="0"/>
        <line num="490" count="1" type="stmt"/>
        <line num="492" count="1" type="stmt"/>
        <line num="495" count="1" type="stmt"/>
      </file>
      <file name="vinted-search.ts" path="C:\Users\0\Desktop\store\dev\JSTS\Discord\kreziax\src\services\vinted-search.ts">
        <metrics statements="9" coveredstatements="8" conditionals="10" coveredconditionals="6" methods="2" coveredmethods="2"/>
        <line num="7" count="4" type="stmt"/>
        <line num="8" count="4" type="stmt"/>
        <line num="10" count="0" type="stmt"/>
        <line num="13" count="4" type="cond" truecount="2" falsecount="0"/>
        <line num="14" count="2" type="stmt"/>
        <line num="17" count="2" type="stmt"/>
        <line num="18" count="4" type="cond" truecount="2" falsecount="2"/>
        <line num="19" count="4" type="cond" truecount="2" falsecount="2"/>
        <line num="21" count="4" type="stmt"/>
      </file>
      <file name="vinted-token-service.ts" path="C:\Users\0\Desktop\store\dev\JSTS\Discord\kreziax\src\services\vinted-token-service.ts">
        <metrics statements="59" coveredstatements="49" conditionals="40" coveredconditionals="24" methods="14" coveredmethods="12"/>
        <line num="20" count="6" type="stmt"/>
        <line num="21" count="6" type="stmt"/>
        <line num="22" count="6" type="stmt"/>
        <line num="23" count="6" type="stmt"/>
        <line num="24" count="6" type="stmt"/>
        <line num="25" count="6" type="stmt"/>
        <line num="28" count="2" type="stmt"/>
        <line num="32" count="2" type="stmt"/>
        <line num="33" count="2" type="cond" truecount="2" falsecount="2"/>
        <line num="37" count="4" type="stmt"/>
        <line num="43" count="0" type="cond" truecount="0" falsecount="4"/>
        <line num="44" count="0" type="stmt"/>
        <line num="45" count="0" type="stmt"/>
        <line num="49" count="2" type="stmt"/>
        <line num="50" count="2" type="stmt"/>
        <line num="51" count="2" type="stmt"/>
        <line num="52" count="2" type="stmt"/>
        <line num="58" count="6" type="stmt"/>
        <line num="59" count="6" type="cond" truecount="4" falsecount="2"/>
        <line num="60" count="0" type="stmt"/>
        <line num="63" count="6" type="stmt"/>
        <line num="64" count="6" type="cond" truecount="4" falsecount="2"/>
        <line num="65" count="0" type="stmt"/>
        <line num="72" count="6" type="stmt"/>
        <line num="73" count="6" type="cond" truecount="6" falsecount="0"/>
        <line num="74" count="2" type="stmt"/>
        <line num="77" count="4" type="stmt"/>
        <line num="78" count="4" type="cond" truecount="1" falsecount="1"/>
        <line num="80" count="4" type="stmt"/>
        <line num="81" count="4" type="stmt"/>
        <line num="82" count="4" type="cond" truecount="1" falsecount="1"/>
        <line num="84" count="4" type="stmt"/>
        <line num="85" count="4" type="cond" truecount="1" falsecount="1"/>
        <line num="88" count="4" type="stmt"/>
        <line num="89" count="4" type="stmt"/>
        <line num="91" count="0" type="stmt"/>
        <line num="98" count="4" type="stmt"/>
        <line num="103" count="4" type="cond" truecount="2" falsecount="0"/>
        <line num="104" count="2" type="cond" truecount="1" falsecount="1"/>
        <line num="105" count="0" type="stmt"/>
        <line num="106" count="0" type="stmt"/>
        <line num="108" count="2" type="cond" truecount="1" falsecount="1"/>
        <line num="109" count="2" type="stmt"/>
        <line num="110" count="2" type="stmt"/>
        <line num="111" count="2" type="stmt"/>
        <line num="112" count="2" type="stmt"/>
        <line num="114" count="0" type="stmt"/>
        <line num="117" count="3" type="stmt"/>
        <line num="119" count="2" type="stmt"/>
        <line num="126" count="2" type="stmt"/>
        <line num="128" count="2" type="cond" truecount="1" falsecount="1"/>
        <line num="129" count="0" type="stmt"/>
        <line num="135" count="2" type="stmt"/>
        <line num="136" count="2" type="stmt"/>
        <line num="137" count="2" type="stmt"/>
        <line num="140" count="4" type="stmt"/>
        <line num="141" count="4" type="stmt"/>
        <line num="142" count="4" type="stmt"/>
        <line num="144" count="4" type="stmt"/>
      </file>
    </package>
  </project>
</coverage>
