{"C:\\Users\\0\\Desktop\\store\\dev\\JSTS\\Discord\\kreziax\\src\\env.ts": {"path":"C:\\Users\\0\\Desktop\\store\\dev\\JSTS\\Discord\\kreziax\\src\\env.ts","statementMap":{"0":{"start":{"line":8,"column":15},"end":{"line":8,"column":46}},"1":{"start":{"line":9,"column":2},"end":{"line":9,"column":null}},"2":{"start":{"line":9,"column":31},"end":{"line":9,"column":null}},"3":{"start":{"line":10,"column":2},"end":{"line":12,"column":null}},"4":{"start":{"line":11,"column":28},"end":{"line":11,"column":91}},"5":{"start":{"line":15,"column":18},"end":{"line":25,"column":2}},"6":{"start":{"line":27,"column":19},"end":{"line":27,"column":47}},"7":{"start":{"line":8,"column":15},"end":{"line":8,"column":null}},"8":{"start":{"line":11,"column":28},"end":{"line":11,"column":94}},"9":{"start":{"line":15,"column":18},"end":{"line":25,"column":null}},"10":{"start":{"line":27,"column":19},"end":{"line":27,"column":null}}},"fnMap":{"0":{"name":"intFromEnv","decl":{"start":{"line":4,"column":9},"end":{"line":4,"column":19}},"loc":{"start":{"line":6,"column":73},"end":{"line":13,"column":null}},"line":6},"1":{"name":"(anonymous_1)","decl":{"start":{"line":11,"column":16},"end":{"line":11,"column":17}},"loc":{"start":{"line":11,"column":28},"end":{"line":11,"column":91}},"line":11},"2":{"name":"intFromEnv","decl":{"start":{"line":4,"column":9},"end":{"line":4,"column":null}},"loc":{"start":{"line":7,"column":2},"end":{"line":13,"column":null}},"line":7},"3":{"name":"(anonymous_1)","decl":{"start":{"line":11,"column":16},"end":{"line":11,"column":17}},"loc":{"start":{"line":11,"column":28},"end":{"line":11,"column":94}},"line":11}},"branchMap":{"0":{"loc":{"start":{"line":6,"column":2},"end":{"line":6,"column":73}},"type":"default-arg","locations":[{"start":{"line":6,"column":41},"end":{"line":6,"column":73}}],"line":6},"1":{"loc":{"start":{"line":9,"column":2},"end":{"line":9,"column":null}},"type":"if","locations":[{"start":{"line":9,"column":2},"end":{"line":9,"column":null}},{"start":{},"end":{}}],"line":9},"2":{"loc":{"start":{"line":11,"column":28},"end":{"line":11,"column":91}},"type":"cond-expr","locations":[{"start":{"line":11,"column":66},"end":{"line":11,"column":75}},{"start":{"line":11,"column":78},"end":{"line":11,"column":91}}],"line":11},"3":{"loc":{"start":{"line":11,"column":28},"end":{"line":11,"column":63}},"type":"binary-expr","locations":[{"start":{"line":11,"column":28},"end":{"line":11,"column":47}},{"start":{"line":11,"column":51},"end":{"line":11,"column":63}}],"line":11},"4":{"loc":{"start":{"line":6,"column":2},"end":{"line":6,"column":null}},"type":"default-arg","locations":[{"start":{"line":6,"column":41},"end":{"line":6,"column":null}}],"line":6},"5":{"loc":{"start":{"line":11,"column":28},"end":{"line":11,"column":94}},"type":"cond-expr","locations":[{"start":{"line":11,"column":66},"end":{"line":11,"column":78}},{"start":{"line":11,"column":78},"end":{"line":11,"column":94}}],"line":11},"6":{"loc":{"start":{"line":11,"column":28},"end":{"line":11,"column":66}},"type":"binary-expr","locations":[{"start":{"line":11,"column":28},"end":{"line":11,"column":51}},{"start":{"line":11,"column":51},"end":{"line":11,"column":66}}],"line":11}},"s":{"0":42,"1":42,"2":42,"3":42,"4":0,"5":14,"6":14,"7":21,"8":21,"9":7,"10":7},"f":{"0":21,"1":0,"2":42,"3":21},"b":{"0":[42],"1":[42,0],"2":[0,0],"3":[0,0],"4":[21],"5":[0,0],"6":[0,0]},"meta":{"lastBranch":4,"lastFunction":2,"lastStatement":7,"seen":{"f:4:9:4:19":0,"b:6:41:6:73":0,"s:8:15:8:46":0,"b:9:2:9:Infinity:undefined:undefined:undefined:undefined":1,"s:9:2:9:Infinity":1,"s:9:31:9:Infinity":2,"s:10:2:12:Infinity":3,"f:11:16:11:17":1,"s:11:28:11:91":4,"b:11:66:11:75:11:78:11:91":2,"b:11:28:11:47:11:51:11:63":3,"s:15:18:25:2":5,"s:27:19:27:47":6}}}
,"C:\\Users\\0\\Desktop\\store\\dev\\JSTS\\Discord\\kreziax\\src\\logger.ts": {"path":"C:\\Users\\0\\Desktop\\store\\dev\\JSTS\\Discord\\kreziax\\src\\logger.ts","statementMap":{"0":{"start":{"line":4,"column":19},"end":{"line":6,"column":2}},"1":{"start":{"line":4,"column":13},"end":{"line":6,"column":null}}},"fnMap":{},"branchMap":{"0":{"loc":{"start":{"line":5,"column":9},"end":{"line":5,"column":32}},"type":"binary-expr","locations":[{"start":{"line":5,"column":9},"end":{"line":5,"column":22}},{"start":{"line":5,"column":26},"end":{"line":5,"column":32}}],"line":5},"1":{"loc":{"start":{"line":5,"column":9},"end":{"line":5,"column":null}},"type":"binary-expr","locations":[{"start":{"line":5,"column":9},"end":{"line":5,"column":26}},{"start":{"line":5,"column":26},"end":{"line":5,"column":null}}],"line":5}},"s":{"0":14,"1":7},"f":{},"b":{"0":[14,0],"1":[7,0]},"meta":{"lastBranch":1,"lastFunction":0,"lastStatement":1,"seen":{"s:4:19:6:2":0,"b:5:9:5:22:5:26:5:32":0}}}
,"C:\\Users\\0\\Desktop\\store\\dev\\JSTS\\Discord\\kreziax\\src\\infra\\crypto\\token-encryption.ts": {"path":"C:\\Users\\0\\Desktop\\store\\dev\\JSTS\\Discord\\kreziax\\src\\infra\\crypto\\token-encryption.ts","statementMap":{"0":{"start":{"line":4,"column":12},"end":{"line":4,"column":59}},"1":{"start":{"line":5,"column":0},"end":{"line":7,"column":null}},"2":{"start":{"line":6,"column":2},"end":{"line":6,"column":null}},"3":{"start":{"line":9,"column":13},"end":{"line":9,"column":26}},"4":{"start":{"line":10,"column":16},"end":{"line":10,"column":20}},"5":{"start":{"line":13,"column":10},"end":{"line":13,"column":28}},"6":{"start":{"line":14,"column":14},"end":{"line":14,"column":46}},"7":{"start":{"line":15,"column":20},"end":{"line":15,"column":81}},"8":{"start":{"line":16,"column":14},"end":{"line":16,"column":33}},"9":{"start":{"line":17,"column":2},"end":{"line":22,"column":null}},"10":{"start":{"line":26,"column":44},"end":{"line":26,"column":62}},"11":{"start":{"line":27,"column":2},"end":{"line":29,"column":null}},"12":{"start":{"line":28,"column":4},"end":{"line":28,"column":null}},"13":{"start":{"line":30,"column":13},"end":{"line":30,"column":41}},"14":{"start":{"line":31,"column":14},"end":{"line":31,"column":43}},"15":{"start":{"line":32,"column":15},"end":{"line":32,"column":45}},"16":{"start":{"line":34,"column":16},"end":{"line":34,"column":50}},"17":{"start":{"line":35,"column":2},"end":{"line":35,"column":null}},"18":{"start":{"line":36,"column":20},"end":{"line":36,"column":76}},"19":{"start":{"line":37,"column":2},"end":{"line":37,"column":null}},"20":{"start":{"line":4,"column":12},"end":{"line":4,"column":null}},"21":{"start":{"line":9,"column":13},"end":{"line":9,"column":null}},"22":{"start":{"line":10,"column":16},"end":{"line":10,"column":null}},"23":{"start":{"line":13,"column":8},"end":{"line":13,"column":null}},"24":{"start":{"line":14,"column":8},"end":{"line":14,"column":null}},"25":{"start":{"line":15,"column":20},"end":{"line":15,"column":null}},"26":{"start":{"line":16,"column":14},"end":{"line":16,"column":null}},"27":{"start":{"line":26,"column":44},"end":{"line":26,"column":null}},"28":{"start":{"line":30,"column":13},"end":{"line":30,"column":null}},"29":{"start":{"line":31,"column":14},"end":{"line":31,"column":null}},"30":{"start":{"line":32,"column":15},"end":{"line":32,"column":null}},"31":{"start":{"line":34,"column":8},"end":{"line":34,"column":null}},"32":{"start":{"line":36,"column":20},"end":{"line":36,"column":null}}},"fnMap":{"0":{"name":"encryptToken","decl":{"start":{"line":12,"column":16},"end":{"line":12,"column":28}},"loc":{"start":{"line":12,"column":42},"end":{"line":23,"column":null}},"line":12},"1":{"name":"decryptToken","decl":{"start":{"line":25,"column":16},"end":{"line":25,"column":28}},"loc":{"start":{"line":25,"column":44},"end":{"line":38,"column":null}},"line":25},"2":{"name":"encryptToken","decl":{"start":{"line":12,"column":16},"end":{"line":12,"column":29}},"loc":{"start":{"line":12,"column":52},"end":{"line":23,"column":null}},"line":12},"3":{"name":"decryptToken","decl":{"start":{"line":25,"column":16},"end":{"line":25,"column":29}},"loc":{"start":{"line":25,"column":54},"end":{"line":38,"column":null}},"line":25}},"branchMap":{"0":{"loc":{"start":{"line":5,"column":0},"end":{"line":7,"column":null}},"type":"if","locations":[{"start":{"line":5,"column":0},"end":{"line":7,"column":null}},{"start":{},"end":{}}],"line":5},"1":{"loc":{"start":{"line":27,"column":2},"end":{"line":29,"column":null}},"type":"if","locations":[{"start":{"line":27,"column":2},"end":{"line":29,"column":null}},{"start":{},"end":{}}],"line":27},"2":{"loc":{"start":{"line":27,"column":6},"end":{"line":27,"column":58}},"type":"binary-expr","locations":[{"start":{"line":27,"column":6},"end":{"line":27,"column":25}},{"start":{"line":27,"column":29},"end":{"line":27,"column":35}},{"start":{"line":27,"column":39},"end":{"line":27,"column":46}},{"start":{"line":27,"column":50},"end":{"line":27,"column":58}}],"line":27},"3":{"loc":{"start":{"line":27,"column":6},"end":{"line":27,"column":60}},"type":"binary-expr","locations":[{"start":{"line":27,"column":6},"end":{"line":27,"column":29}},{"start":{"line":27,"column":29},"end":{"line":27,"column":39}},{"start":{"line":27,"column":39},"end":{"line":27,"column":50}},{"start":{"line":27,"column":50},"end":{"line":27,"column":60}}],"line":27}},"s":{"0":4,"1":4,"2":0,"3":4,"4":4,"5":0,"6":0,"7":0,"8":0,"9":0,"10":0,"11":0,"12":0,"13":0,"14":0,"15":0,"16":0,"17":0,"18":0,"19":0,"20":2,"21":2,"22":2,"23":0,"24":0,"25":0,"26":0,"27":0,"28":0,"29":0,"30":0,"31":0,"32":0},"f":{"0":0,"1":0,"2":0,"3":0},"b":{"0":[0,4],"1":[0,0],"2":[0,0,0,0],"3":[0,0,0,0]},"meta":{"lastBranch":3,"lastFunction":2,"lastStatement":20,"seen":{"s:4:12:4:59":0,"b:5:0:7:Infinity:undefined:undefined:undefined:undefined":0,"s:5:0:7:Infinity":1,"s:6:2:6:Infinity":2,"s:9:13:9:26":3,"s:10:16:10:20":4,"f:12:16:12:28":0,"s:13:10:13:28":5,"s:14:14:14:46":6,"s:15:20:15:81":7,"s:16:14:16:33":8,"s:17:2:22:Infinity":9,"f:25:16:25:28":1,"s:26:44:26:62":10,"b:27:2:29:Infinity:undefined:undefined:undefined:undefined":1,"s:27:2:29:Infinity":11,"b:27:6:27:25:27:29:27:35:27:39:27:46:27:50:27:58":2,"s:28:4:28:Infinity":12,"s:30:13:30:41":13,"s:31:14:31:43":14,"s:32:15:32:45":15,"s:34:16:34:50":16,"s:35:2:35:Infinity":17,"s:36:20:36:76":18,"s:37:2:37:Infinity":19}}}
,"C:\\Users\\0\\Desktop\\store\\dev\\JSTS\\Discord\\kreziax\\src\\infra\\db\\db.ts": {"path":"C:\\Users\\0\\Desktop\\store\\dev\\JSTS\\Discord\\kreziax\\src\\infra\\db\\db.ts","statementMap":{"0":{"start":{"line":6,"column":20},"end":{"line":10,"column":2}},"1":{"start":{"line":12,"column":15},"end":{"line":12,"column":60}},"2":{"start":{"line":6,"column":20},"end":{"line":10,"column":null}},"3":{"start":{"line":12,"column":13},"end":{"line":12,"column":null}}},"fnMap":{},"branchMap":{},"s":{"0":4,"1":4,"2":2,"3":2},"f":{},"b":{},"meta":{"lastBranch":0,"lastFunction":0,"lastStatement":2,"seen":{"s:6:20:10:2":0,"s:12:15:12:60":1}}}
,"C:\\Users\\0\\Desktop\\store\\dev\\JSTS\\Discord\\kreziax\\src\\infra\\db\\schema\\discord-users.ts": {"path":"C:\\Users\\0\\Desktop\\store\\dev\\JSTS\\Discord\\kreziax\\src\\infra\\db\\schema\\discord-users.ts","statementMap":{"0":{"start":{"line":4,"column":25},"end":{"line":12,"column":2}},"1":{"start":{"line":4,"column":13},"end":{"line":12,"column":null}}},"fnMap":{},"branchMap":{},"s":{"0":4,"1":2},"f":{},"b":{},"meta":{"lastBranch":0,"lastFunction":0,"lastStatement":1,"seen":{"s:4:25:12:2":0}}}
,"C:\\Users\\0\\Desktop\\store\\dev\\JSTS\\Discord\\kreziax\\src\\infra\\db\\schema\\index.ts": {"path":"C:\\Users\\0\\Desktop\\store\\dev\\JSTS\\Discord\\kreziax\\src\\infra\\db\\schema\\index.ts","statementMap":{},"fnMap":{},"branchMap":{},"s":{},"f":{},"b":{},"meta":{"lastBranch":0,"lastFunction":0,"lastStatement":0,"seen":{}}}
,"C:\\Users\\0\\Desktop\\store\\dev\\JSTS\\Discord\\kreziax\\src\\infra\\db\\schema\\posted-items.ts": {"path":"C:\\Users\\0\\Desktop\\store\\dev\\JSTS\\Discord\\kreziax\\src\\infra\\db\\schema\\posted-items.ts","statementMap":{"0":{"start":{"line":11,"column":24},"end":{"line":29,"column":null}},"1":{"start":{"line":17,"column":24},"end":{"line":17,"column":40}},"2":{"start":{"line":24,"column":10},"end":{"line":29,"column":4}},"3":{"start":{"line":11,"column":13},"end":{"line":30,"column":null}},"4":{"start":{"line":17,"column":24},"end":{"line":17,"column":42}},"5":{"start":{"line":24,"column":10},"end":{"line":29,"column":null}}},"fnMap":{"0":{"name":"(anonymous_0)","decl":{"start":{"line":17,"column":18},"end":{"line":17,"column":21}},"loc":{"start":{"line":17,"column":24},"end":{"line":17,"column":40}},"line":17},"1":{"name":"(anonymous_1)","decl":{"start":{"line":24,"column":2},"end":{"line":24,"column":3}},"loc":{"start":{"line":24,"column":10},"end":{"line":29,"column":4}},"line":24},"2":{"name":"(anonymous_0)","decl":{"start":{"line":17,"column":18},"end":{"line":17,"column":24}},"loc":{"start":{"line":17,"column":24},"end":{"line":17,"column":42}},"line":17},"3":{"name":"(anonymous_1)","decl":{"start":{"line":24,"column":2},"end":{"line":24,"column":3}},"loc":{"start":{"line":24,"column":10},"end":{"line":29,"column":null}},"line":24}},"branchMap":{},"s":{"0":4,"1":0,"2":4,"3":2,"4":2,"5":4},"f":{"0":0,"1":4,"2":0,"3":2},"b":{},"meta":{"lastBranch":0,"lastFunction":2,"lastStatement":3,"seen":{"s:11:24:29:Infinity":0,"f:17:18:17:21":0,"s:17:24:17:40":1,"f:24:2:24:3":1,"s:24:10:29:4":2}}}
,"C:\\Users\\0\\Desktop\\store\\dev\\JSTS\\Discord\\kreziax\\src\\infra\\db\\schema\\subscriptions.ts": {"path":"C:\\Users\\0\\Desktop\\store\\dev\\JSTS\\Discord\\kreziax\\src\\infra\\db\\schema\\subscriptions.ts","statementMap":{"0":{"start":{"line":14,"column":26},"end":{"line":42,"column":null}},"1":{"start":{"line":21,"column":24},"end":{"line":21,"column":50}},"2":{"start":{"line":39,"column":10},"end":{"line":42,"column":4}},"3":{"start":{"line":14,"column":13},"end":{"line":43,"column":null}},"4":{"start":{"line":21,"column":24},"end":{"line":21,"column":52}},"5":{"start":{"line":39,"column":10},"end":{"line":42,"column":null}}},"fnMap":{"0":{"name":"(anonymous_0)","decl":{"start":{"line":21,"column":18},"end":{"line":21,"column":21}},"loc":{"start":{"line":21,"column":24},"end":{"line":21,"column":50}},"line":21},"1":{"name":"(anonymous_1)","decl":{"start":{"line":39,"column":2},"end":{"line":39,"column":3}},"loc":{"start":{"line":39,"column":10},"end":{"line":42,"column":4}},"line":39},"2":{"name":"(anonymous_0)","decl":{"start":{"line":21,"column":18},"end":{"line":21,"column":24}},"loc":{"start":{"line":21,"column":24},"end":{"line":21,"column":52}},"line":21},"3":{"name":"(anonymous_1)","decl":{"start":{"line":39,"column":2},"end":{"line":39,"column":3}},"loc":{"start":{"line":39,"column":10},"end":{"line":42,"column":null}},"line":39}},"branchMap":{},"s":{"0":4,"1":0,"2":4,"3":2,"4":2,"5":4},"f":{"0":0,"1":4,"2":0,"3":2},"b":{},"meta":{"lastBranch":0,"lastFunction":2,"lastStatement":3,"seen":{"s:14:26:42:Infinity":0,"f:21:18:21:21":0,"s:21:24:21:50":1,"f:39:2:39:3":1,"s:39:10:42:4":2}}}
,"C:\\Users\\0\\Desktop\\store\\dev\\JSTS\\Discord\\kreziax\\src\\infra\\db\\schema\\vinted-accounts.ts": {"path":"C:\\Users\\0\\Desktop\\store\\dev\\JSTS\\Discord\\kreziax\\src\\infra\\db\\schema\\vinted-accounts.ts","statementMap":{"0":{"start":{"line":5,"column":27},"end":{"line":18,"column":2}},"1":{"start":{"line":8,"column":22},"end":{"line":8,"column":48}},"2":{"start":{"line":5,"column":13},"end":{"line":18,"column":null}},"3":{"start":{"line":8,"column":22},"end":{"line":8,"column":50}}},"fnMap":{"0":{"name":"(anonymous_0)","decl":{"start":{"line":8,"column":16},"end":{"line":8,"column":19}},"loc":{"start":{"line":8,"column":22},"end":{"line":8,"column":48}},"line":8},"1":{"name":"(anonymous_0)","decl":{"start":{"line":8,"column":16},"end":{"line":8,"column":22}},"loc":{"start":{"line":8,"column":22},"end":{"line":8,"column":50}},"line":8}},"branchMap":{},"s":{"0":4,"1":0,"2":2,"3":2},"f":{"0":0,"1":0},"b":{},"meta":{"lastBranch":0,"lastFunction":1,"lastStatement":2,"seen":{"s:5:27:18:2":0,"f:8:16:8:19":0,"s:8:22:8:48":1}}}
,"C:\\Users\\0\\Desktop\\store\\dev\\JSTS\\Discord\\kreziax\\src\\infra\\vinted\\regions.ts": {"path":"C:\\Users\\0\\Desktop\\store\\dev\\JSTS\\Discord\\kreziax\\src\\infra\\vinted\\regions.ts","statementMap":{"0":{"start":{"line":14,"column":57},"end":{"line":24,"column":null}},"1":{"start":{"line":27,"column":2},"end":{"line":27,"column":null}},"2":{"start":{"line":31,"column":2},"end":{"line":31,"column":null}},"3":{"start":{"line":35,"column":2},"end":{"line":37,"column":null}},"4":{"start":{"line":36,"column":4},"end":{"line":36,"column":null}},"5":{"start":{"line":38,"column":2},"end":{"line":38,"column":null}}},"fnMap":{"0":{"name":"isVintedRegion","decl":{"start":{"line":26,"column":16},"end":{"line":26,"column":30}},"loc":{"start":{"line":26,"column":44},"end":{"line":28,"column":null}},"line":26},"1":{"name":"baseUrlForRegion","decl":{"start":{"line":30,"column":16},"end":{"line":30,"column":32}},"loc":{"start":{"line":30,"column":53},"end":{"line":32,"column":null}},"line":30},"2":{"name":"parseRegion","decl":{"start":{"line":34,"column":16},"end":{"line":34,"column":27}},"loc":{"start":{"line":34,"column":42},"end":{"line":39,"column":null}},"line":34},"3":{"name":"isVintedRegion","decl":{"start":{"line":26,"column":16},"end":{"line":26,"column":31}},"loc":{"start":{"line":26,"column":69},"end":{"line":28,"column":null}},"line":26},"4":{"name":"baseUrlForRegion","decl":{"start":{"line":30,"column":16},"end":{"line":30,"column":33}},"loc":{"start":{"line":30,"column":63},"end":{"line":32,"column":null}},"line":30},"5":{"name":"parseRegion","decl":{"start":{"line":34,"column":16},"end":{"line":34,"column":28}},"loc":{"start":{"line":34,"column":73},"end":{"line":39,"column":null}},"line":34}},"branchMap":{"0":{"loc":{"start":{"line":35,"column":2},"end":{"line":37,"column":null}},"type":"if","locations":[{"start":{"line":35,"column":2},"end":{"line":37,"column":null}},{"start":{},"end":{}}],"line":35}},"s":{"0":10,"1":4,"2":54,"3":4,"4":0,"5":4},"f":{"0":2,"1":26,"2":2,"3":4,"4":54,"5":4},"b":{"0":[0,4]},"meta":{"lastBranch":1,"lastFunction":3,"lastStatement":6,"seen":{"s:14:57:24:Infinity":0,"f:26:16:26:30":0,"s:27:2:27:Infinity":1,"f:30:16:30:32":1,"s:31:2:31:Infinity":2,"f:34:16:34:27":2,"b:35:2:37:Infinity:undefined:undefined:undefined:undefined":0,"s:35:2:37:Infinity":3,"s:36:4:36:Infinity":4,"s:38:2:38:Infinity":5}}}
,"C:\\Users\\0\\Desktop\\store\\dev\\JSTS\\Discord\\kreziax\\src\\infra\\vinted\\vinted-client.ts": {"path":"C:\\Users\\0\\Desktop\\store\\dev\\JSTS\\Discord\\kreziax\\src\\infra\\vinted\\vinted-client.ts","statementMap":{"0":{"start":{"line":36,"column":2},"end":{"line":36,"column":null}},"1":{"start":{"line":39,"column":27},"end":{"line":39,"column":null}},"2":{"start":{"line":40,"column":30},"end":{"line":40,"column":null}},"3":{"start":{"line":41,"column":30},"end":{"line":41,"column":null}},"4":{"start":{"line":42,"column":32},"end":{"line":42,"column":null}},"5":{"start":{"line":43,"column":37},"end":{"line":43,"column":null}},"6":{"start":{"line":44,"column":36},"end":{"line":44,"column":null}},"7":{"start":{"line":45,"column":41},"end":{"line":45,"column":null}},"8":{"start":{"line":46,"column":37},"end":{"line":46,"column":null}},"9":{"start":{"line":48,"column":29},"end":{"line":48,"column":null}},"10":{"start":{"line":49,"column":34},"end":{"line":49,"column":null}},"11":{"start":{"line":50,"column":33},"end":{"line":50,"column":null}},"12":{"start":{"line":51,"column":28},"end":{"line":51,"column":null}},"13":{"start":{"line":52,"column":33},"end":{"line":52,"column":null}},"14":{"start":{"line":53,"column":35},"end":{"line":53,"column":null}},"15":{"start":{"line":58,"column":64},"end":{"line":58,"column":null}},"16":{"start":{"line":59,"column":28},"end":{"line":59,"column":null}},"17":{"start":{"line":62,"column":18},"end":{"line":62,"column":null}},"18":{"start":{"line":63,"column":2},"end":{"line":63,"column":null}},"19":{"start":{"line":67,"column":14},"end":{"line":67,"column":null}},"20":{"start":{"line":68,"column":2},"end":{"line":68,"column":null}},"21":{"start":{"line":68,"column":55},"end":{"line":68,"column":null}},"22":{"start":{"line":69,"column":2},"end":{"line":69,"column":null}},"23":{"start":{"line":69,"column":53},"end":{"line":69,"column":null}},"24":{"start":{"line":70,"column":2},"end":{"line":70,"column":null}},"25":{"start":{"line":74,"column":14},"end":{"line":74,"column":null}},"26":{"start":{"line":75,"column":2},"end":{"line":75,"column":null}},"27":{"start":{"line":75,"column":66},"end":{"line":75,"column":null}},"28":{"start":{"line":76,"column":2},"end":{"line":76,"column":null}},"29":{"start":{"line":77,"column":2},"end":{"line":77,"column":null}},"30":{"start":{"line":81,"column":2},"end":{"line":81,"column":null}},"31":{"start":{"line":81,"column":43},"end":{"line":81,"column":null}},"32":{"start":{"line":82,"column":20},"end":{"line":82,"column":null}},"33":{"start":{"line":83,"column":2},"end":{"line":83,"column":null}},"34":{"start":{"line":87,"column":2},"end":{"line":87,"column":null}},"35":{"start":{"line":87,"column":29},"end":{"line":87,"column":null}},"36":{"start":{"line":89,"column":2},"end":{"line":98,"column":null}},"37":{"start":{"line":90,"column":22},"end":{"line":90,"column":null}},"38":{"start":{"line":91,"column":4},"end":{"line":91,"column":null}},"39":{"start":{"line":91,"column":41},"end":{"line":91,"column":null}},"40":{"start":{"line":93,"column":6},"end":{"line":95,"column":null}},"41":{"start":{"line":96,"column":4},"end":{"line":96,"column":null}},"42":{"start":{"line":96,"column":44},"end":{"line":96,"column":null}},"43":{"start":{"line":97,"column":4},"end":{"line":97,"column":null}},"44":{"start":{"line":100,"column":2},"end":{"line":100,"column":null}},"45":{"start":{"line":104,"column":2},"end":{"line":104,"column":null}},"46":{"start":{"line":104,"column":59},"end":{"line":104,"column":null}},"47":{"start":{"line":105,"column":2},"end":{"line":108,"column":null}},"48":{"start":{"line":106,"column":19},"end":{"line":106,"column":null}},"49":{"start":{"line":107,"column":4},"end":{"line":107,"column":null}},"50":{"start":{"line":109,"column":2},"end":{"line":109,"column":null}},"51":{"start":{"line":113,"column":16},"end":{"line":113,"column":null}},"52":{"start":{"line":114,"column":2},"end":{"line":114,"column":null}},"53":{"start":{"line":118,"column":2},"end":{"line":120,"column":null}},"54":{"start":{"line":119,"column":4},"end":{"line":119,"column":null}},"55":{"start":{"line":122,"column":2},"end":{"line":122,"column":null}},"56":{"start":{"line":122,"column":33},"end":{"line":122,"column":null}},"57":{"start":{"line":123,"column":21},"end":{"line":123,"column":null}},"58":{"start":{"line":124,"column":2},"end":{"line":124,"column":null}},"59":{"start":{"line":124,"column":31},"end":{"line":124,"column":null}},"60":{"start":{"line":125,"column":2},"end":{"line":125,"column":null}},"61":{"start":{"line":125,"column":77},"end":{"line":125,"column":null}},"62":{"start":{"line":127,"column":17},"end":{"line":127,"column":null}},"63":{"start":{"line":128,"column":2},"end":{"line":128,"column":null}},"64":{"start":{"line":128,"column":31},"end":{"line":128,"column":null}},"65":{"start":{"line":129,"column":2},"end":{"line":129,"column":null}},"66":{"start":{"line":133,"column":2},"end":{"line":133,"column":null}},"67":{"start":{"line":133,"column":47},"end":{"line":133,"column":null}},"68":{"start":{"line":134,"column":14},"end":{"line":134,"column":null}},"69":{"start":{"line":136,"column":26},"end":{"line":136,"column":null}},"70":{"start":{"line":137,"column":20},"end":{"line":137,"column":null}},"71":{"start":{"line":139,"column":22},"end":{"line":149,"column":null}},"72":{"start":{"line":141,"column":6},"end":{"line":145,"column":null}},"73":{"start":{"line":146,"column":4},"end":{"line":146,"column":null}},"74":{"start":{"line":146,"column":56},"end":{"line":146,"column":null}},"75":{"start":{"line":147,"column":4},"end":{"line":147,"column":null}},"76":{"start":{"line":148,"column":4},"end":{"line":148,"column":null}},"77":{"start":{"line":151,"column":25},"end":{"line":156,"column":null}},"78":{"start":{"line":152,"column":4},"end":{"line":152,"column":null}},"79":{"start":{"line":153,"column":4},"end":{"line":153,"column":null}},"80":{"start":{"line":154,"column":4},"end":{"line":154,"column":null}},"81":{"start":{"line":155,"column":4},"end":{"line":155,"column":null}},"82":{"start":{"line":158,"column":25},"end":{"line":158,"column":null}},"83":{"start":{"line":159,"column":2},"end":{"line":175,"column":null}},"84":{"start":{"line":160,"column":19},"end":{"line":160,"column":null}},"85":{"start":{"line":162,"column":4},"end":{"line":174,"column":null}},"86":{"start":{"line":163,"column":6},"end":{"line":169,"column":null}},"87":{"start":{"line":164,"column":8},"end":{"line":168,"column":null}},"88":{"start":{"line":165,"column":10},"end":{"line":165,"column":null}},"89":{"start":{"line":166,"column":8},"end":{"line":168,"column":null}},"90":{"start":{"line":167,"column":10},"end":{"line":167,"column":null}},"91":{"start":{"line":170,"column":4},"end":{"line":174,"column":null}},"92":{"start":{"line":171,"column":6},"end":{"line":171,"column":null}},"93":{"start":{"line":172,"column":4},"end":{"line":174,"column":null}},"94":{"start":{"line":173,"column":6},"end":{"line":173,"column":null}},"95":{"start":{"line":177,"column":17},"end":{"line":177,"column":null}},"96":{"start":{"line":178,"column":31},"end":{"line":178,"column":null}},"97":{"start":{"line":179,"column":38},"end":{"line":179,"column":null}},"98":{"start":{"line":180,"column":24},"end":{"line":180,"column":null}},"99":{"start":{"line":182,"column":4},"end":{"line":186,"column":null}},"100":{"start":{"line":188,"column":2},"end":{"line":188,"column":null}},"101":{"start":{"line":188,"column":27},"end":{"line":188,"column":null}},"102":{"start":{"line":190,"column":2},"end":{"line":190,"column":null}},"103":{"start":{"line":191,"column":2},"end":{"line":191,"column":null}},"104":{"start":{"line":192,"column":2},"end":{"line":192,"column":null}},"105":{"start":{"line":193,"column":2},"end":{"line":193,"column":null}},"106":{"start":{"line":194,"column":2},"end":{"line":194,"column":null}},"107":{"start":{"line":197,"column":4},"end":{"line":197,"column":null}},"108":{"start":{"line":199,"column":2},"end":{"line":201,"column":null}},"109":{"start":{"line":200,"column":4},"end":{"line":200,"column":null}},"110":{"start":{"line":202,"column":2},"end":{"line":202,"column":null}},"111":{"start":{"line":209,"column":31},"end":{"line":209,"column":null}},"112":{"start":{"line":210,"column":2},"end":{"line":212,"column":null}},"113":{"start":{"line":211,"column":4},"end":{"line":211,"column":null}},"114":{"start":{"line":211,"column":52},"end":{"line":211,"column":null}},"115":{"start":{"line":213,"column":2},"end":{"line":213,"column":null}},"116":{"start":{"line":221,"column":31},"end":{"line":221,"column":null}},"117":{"start":{"line":222,"column":2},"end":{"line":227,"column":null}},"118":{"start":{"line":223,"column":4},"end":{"line":226,"column":null}},"119":{"start":{"line":224,"column":6},"end":{"line":224,"column":null}},"120":{"start":{"line":225,"column":6},"end":{"line":225,"column":null}},"121":{"start":{"line":228,"column":2},"end":{"line":228,"column":null}},"122":{"start":{"line":232,"column":18},"end":{"line":232,"column":null}},"123":{"start":{"line":233,"column":2},"end":{"line":242,"column":null}},"124":{"start":{"line":234,"column":17},"end":{"line":234,"column":null}},"125":{"start":{"line":235,"column":4},"end":{"line":235,"column":null}},"126":{"start":{"line":235,"column":15},"end":{"line":235,"column":null}},"127":{"start":{"line":236,"column":20},"end":{"line":236,"column":null}},"128":{"start":{"line":237,"column":4},"end":{"line":237,"column":null}},"129":{"start":{"line":237,"column":22},"end":{"line":237,"column":null}},"130":{"start":{"line":238,"column":17},"end":{"line":238,"column":null}},"131":{"start":{"line":239,"column":24},"end":{"line":239,"column":null}},"132":{"start":{"line":240,"column":4},"end":{"line":240,"column":null}},"133":{"start":{"line":240,"column":15},"end":{"line":240,"column":null}},"134":{"start":{"line":241,"column":4},"end":{"line":241,"column":null}},"135":{"start":{"line":243,"column":2},"end":{"line":243,"column":null}},"136":{"start":{"line":247,"column":2},"end":{"line":249,"column":null}},"137":{"start":{"line":248,"column":28},"end":{"line":248,"column":46}},"138":{"start":{"line":253,"column":17},"end":{"line":253,"column":null}},"139":{"start":{"line":254,"column":2},"end":{"line":259,"column":null}},"140":{"start":{"line":255,"column":4},"end":{"line":255,"column":null}},"141":{"start":{"line":255,"column":16},"end":{"line":255,"column":null}},"142":{"start":{"line":256,"column":4},"end":{"line":258,"column":null}},"143":{"start":{"line":257,"column":6},"end":{"line":257,"column":null}},"144":{"start":{"line":260,"column":2},"end":{"line":260,"column":null}},"145":{"start":{"line":260,"column":25},"end":{"line":260,"column":null}},"146":{"start":{"line":261,"column":2},"end":{"line":261,"column":null}},"147":{"start":{"line":265,"column":19},"end":{"line":265,"column":null}},"148":{"start":{"line":266,"column":2},"end":{"line":266,"column":null}},"149":{"start":{"line":266,"column":17},"end":{"line":266,"column":null}},"150":{"start":{"line":267,"column":18},"end":{"line":267,"column":null}},"151":{"start":{"line":268,"column":2},"end":{"line":268,"column":null}},"152":{"start":{"line":268,"column":20},"end":{"line":268,"column":null}},"153":{"start":{"line":269,"column":15},"end":{"line":269,"column":null}},"154":{"start":{"line":270,"column":16},"end":{"line":270,"column":null}},"155":{"start":{"line":271,"column":2},"end":{"line":271,"column":null}},"156":{"start":{"line":271,"column":13},"end":{"line":271,"column":null}},"157":{"start":{"line":272,"column":2},"end":{"line":272,"column":null}},"158":{"start":{"line":276,"column":2},"end":{"line":280,"column":null}},"159":{"start":{"line":277,"column":4},"end":{"line":277,"column":null}},"160":{"start":{"line":279,"column":4},"end":{"line":279,"column":null}},"161":{"start":{"line":288,"column":19},"end":{"line":288,"column":null}},"162":{"start":{"line":289,"column":2},"end":{"line":296,"column":null}},"163":{"start":{"line":290,"column":4},"end":{"line":290,"column":null}},"164":{"start":{"line":290,"column":23},"end":{"line":290,"column":null}},"165":{"start":{"line":291,"column":25},"end":{"line":291,"column":null}},"166":{"start":{"line":292,"column":20},"end":{"line":292,"column":null}},"167":{"start":{"line":293,"column":4},"end":{"line":293,"column":null}},"168":{"start":{"line":294,"column":4},"end":{"line":294,"column":null}},"169":{"start":{"line":295,"column":4},"end":{"line":295,"column":null}},"170":{"start":{"line":298,"column":18},"end":{"line":298,"column":null}},"171":{"start":{"line":299,"column":2},"end":{"line":304,"column":null}},"172":{"start":{"line":300,"column":4},"end":{"line":300,"column":null}},"173":{"start":{"line":300,"column":23},"end":{"line":300,"column":null}},"174":{"start":{"line":301,"column":24},"end":{"line":301,"column":null}},"175":{"start":{"line":302,"column":4},"end":{"line":302,"column":null}},"176":{"start":{"line":303,"column":4},"end":{"line":303,"column":null}},"177":{"start":{"line":305,"column":2},"end":{"line":305,"column":null}},"178":{"start":{"line":313,"column":19},"end":{"line":313,"column":null}},"179":{"start":{"line":314,"column":2},"end":{"line":321,"column":null}},"180":{"start":{"line":315,"column":4},"end":{"line":315,"column":null}},"181":{"start":{"line":315,"column":23},"end":{"line":315,"column":null}},"182":{"start":{"line":316,"column":25},"end":{"line":316,"column":null}},"183":{"start":{"line":317,"column":20},"end":{"line":317,"column":null}},"184":{"start":{"line":318,"column":4},"end":{"line":318,"column":null}},"185":{"start":{"line":319,"column":4},"end":{"line":319,"column":null}},"186":{"start":{"line":320,"column":4},"end":{"line":320,"column":null}},"187":{"start":{"line":323,"column":18},"end":{"line":323,"column":null}},"188":{"start":{"line":324,"column":2},"end":{"line":329,"column":null}},"189":{"start":{"line":325,"column":4},"end":{"line":325,"column":null}},"190":{"start":{"line":325,"column":23},"end":{"line":325,"column":null}},"191":{"start":{"line":326,"column":24},"end":{"line":326,"column":null}},"192":{"start":{"line":327,"column":4},"end":{"line":327,"column":null}},"193":{"start":{"line":328,"column":4},"end":{"line":328,"column":null}},"194":{"start":{"line":330,"column":2},"end":{"line":330,"column":null}},"195":{"start":{"line":334,"column":15},"end":{"line":334,"column":null}},"196":{"start":{"line":335,"column":2},"end":{"line":335,"column":null}},"197":{"start":{"line":335,"column":13},"end":{"line":335,"column":null}},"198":{"start":{"line":336,"column":19},"end":{"line":336,"column":null}},"199":{"start":{"line":337,"column":18},"end":{"line":337,"column":null}},"200":{"start":{"line":338,"column":2},"end":{"line":338,"column":null}},"201":{"start":{"line":338,"column":38},"end":{"line":338,"column":null}},"202":{"start":{"line":339,"column":2},"end":{"line":339,"column":null}},"203":{"start":{"line":343,"column":15},"end":{"line":343,"column":null}},"204":{"start":{"line":344,"column":2},"end":{"line":344,"column":null}},"205":{"start":{"line":344,"column":46},"end":{"line":344,"column":null}},"206":{"start":{"line":345,"column":19},"end":{"line":345,"column":null}},"207":{"start":{"line":346,"column":18},"end":{"line":346,"column":null}},"208":{"start":{"line":347,"column":2},"end":{"line":347,"column":null}},"209":{"start":{"line":347,"column":16},"end":{"line":347,"column":null}},"210":{"start":{"line":349,"column":2},"end":{"line":358,"column":null}},"211":{"start":{"line":350,"column":19},"end":{"line":350,"column":null}},"212":{"start":{"line":351,"column":4},"end":{"line":351,"column":null}},"213":{"start":{"line":351,"column":17},"end":{"line":351,"column":null}},"214":{"start":{"line":352,"column":26},"end":{"line":352,"column":null}},"215":{"start":{"line":353,"column":4},"end":{"line":357,"column":null}},"216":{"start":{"line":354,"column":6},"end":{"line":354,"column":null}},"217":{"start":{"line":356,"column":6},"end":{"line":356,"column":null}},"218":{"start":{"line":362,"column":15},"end":{"line":362,"column":null}},"219":{"start":{"line":363,"column":2},"end":{"line":363,"column":null}},"220":{"start":{"line":363,"column":13},"end":{"line":363,"column":null}},"221":{"start":{"line":364,"column":19},"end":{"line":364,"column":null}},"222":{"start":{"line":365,"column":18},"end":{"line":365,"column":null}},"223":{"start":{"line":366,"column":2},"end":{"line":366,"column":null}},"224":{"start":{"line":366,"column":38},"end":{"line":366,"column":null}},"225":{"start":{"line":367,"column":2},"end":{"line":367,"column":null}},"226":{"start":{"line":376,"column":15},"end":{"line":376,"column":null}},"227":{"start":{"line":377,"column":2},"end":{"line":377,"column":null}},"228":{"start":{"line":377,"column":13},"end":{"line":377,"column":null}},"229":{"start":{"line":378,"column":19},"end":{"line":378,"column":null}},"230":{"start":{"line":379,"column":18},"end":{"line":379,"column":null}},"231":{"start":{"line":380,"column":2},"end":{"line":380,"column":null}},"232":{"start":{"line":380,"column":16},"end":{"line":380,"column":null}},"233":{"start":{"line":381,"column":2},"end":{"line":381,"column":null}},"234":{"start":{"line":389,"column":25},"end":{"line":398,"column":null}},"235":{"start":{"line":390,"column":18},"end":{"line":390,"column":null}},"236":{"start":{"line":391,"column":4},"end":{"line":391,"column":null}},"237":{"start":{"line":391,"column":16},"end":{"line":391,"column":null}},"238":{"start":{"line":392,"column":4},"end":{"line":397,"column":null}},"239":{"start":{"line":400,"column":2},"end":{"line":400,"column":null}},"240":{"start":{"line":401,"column":2},"end":{"line":401,"column":null}},"241":{"start":{"line":402,"column":2},"end":{"line":402,"column":null}},"242":{"start":{"line":406,"column":27},"end":{"line":406,"column":null}},"243":{"start":{"line":407,"column":14},"end":{"line":407,"column":null}},"244":{"start":{"line":408,"column":18},"end":{"line":408,"column":null}},"245":{"start":{"line":410,"column":2},"end":{"line":431,"column":null}},"246":{"start":{"line":410,"column":15},"end":{"line":410,"column":18}},"247":{"start":{"line":411,"column":4},"end":{"line":418,"column":null}},"248":{"start":{"line":415,"column":6},"end":{"line":415,"column":null}},"249":{"start":{"line":416,"column":6},"end":{"line":416,"column":null}},"250":{"start":{"line":417,"column":6},"end":{"line":417,"column":null}},"251":{"start":{"line":420,"column":20},"end":{"line":420,"column":null}},"252":{"start":{"line":421,"column":4},"end":{"line":424,"column":null}},"253":{"start":{"line":422,"column":6},"end":{"line":422,"column":null}},"254":{"start":{"line":423,"column":6},"end":{"line":423,"column":null}},"255":{"start":{"line":426,"column":4},"end":{"line":430,"column":null}},"256":{"start":{"line":427,"column":19},"end":{"line":427,"column":null}},"257":{"start":{"line":428,"column":6},"end":{"line":428,"column":null}},"258":{"start":{"line":428,"column":27},"end":{"line":428,"column":null}},"259":{"start":{"line":429,"column":6},"end":{"line":429,"column":null}},"260":{"start":{"line":433,"column":15},"end":{"line":433,"column":null}},"261":{"start":{"line":434,"column":2},"end":{"line":434,"column":null}},"262":{"start":{"line":434,"column":23},"end":{"line":434,"column":null}},"263":{"start":{"line":435,"column":2},"end":{"line":435,"column":null}},"264":{"start":{"line":439,"column":24},"end":{"line":439,"column":null}},"265":{"start":{"line":440,"column":2},"end":{"line":446,"column":null}},"266":{"start":{"line":441,"column":4},"end":{"line":445,"column":null}},"267":{"start":{"line":442,"column":6},"end":{"line":442,"column":null}},"268":{"start":{"line":442,"column":60},"end":{"line":442,"column":83}},"269":{"start":{"line":448,"column":19},"end":{"line":448,"column":null}},"270":{"start":{"line":449,"column":2},"end":{"line":449,"column":null}},"271":{"start":{"line":449,"column":17},"end":{"line":449,"column":null}},"272":{"start":{"line":450,"column":2},"end":{"line":450,"column":null}},"273":{"start":{"line":454,"column":22},"end":{"line":454,"column":null}},"274":{"start":{"line":455,"column":2},"end":{"line":457,"column":null}},"275":{"start":{"line":456,"column":4},"end":{"line":456,"column":null}},"276":{"start":{"line":459,"column":23},"end":{"line":459,"column":null}},"277":{"start":{"line":460,"column":2},"end":{"line":462,"column":null}},"278":{"start":{"line":461,"column":4},"end":{"line":461,"column":null}},"279":{"start":{"line":464,"column":2},"end":{"line":464,"column":null}},"280":{"start":{"line":471,"column":18},"end":{"line":471,"column":null}},"281":{"start":{"line":472,"column":2},"end":{"line":472,"column":null}},"282":{"start":{"line":472,"column":15},"end":{"line":472,"column":null}},"283":{"start":{"line":474,"column":15},"end":{"line":474,"column":null}},"284":{"start":{"line":475,"column":2},"end":{"line":475,"column":null}},"285":{"start":{"line":475,"column":13},"end":{"line":475,"column":null}},"286":{"start":{"line":477,"column":14},"end":{"line":477,"column":null}},"287":{"start":{"line":478,"column":17},"end":{"line":478,"column":null}},"288":{"start":{"line":479,"column":2},"end":{"line":479,"column":null}},"289":{"start":{"line":479,"column":40},"end":{"line":479,"column":null}},"290":{"start":{"line":481,"column":8},"end":{"line":487,"column":null}},"291":{"start":{"line":482,"column":4},"end":{"line":486,"column":null}},"292":{"start":{"line":483,"column":6},"end":{"line":483,"column":null}},"293":{"start":{"line":485,"column":6},"end":{"line":485,"column":null}},"294":{"start":{"line":488,"column":2},"end":{"line":488,"column":null}},"295":{"start":{"line":488,"column":15},"end":{"line":488,"column":null}},"296":{"start":{"line":490,"column":22},"end":{"line":490,"column":null}},"297":{"start":{"line":491,"column":19},"end":{"line":501,"column":null}},"298":{"start":{"line":499,"column":4},"end":{"line":499,"column":null}},"299":{"start":{"line":500,"column":4},"end":{"line":500,"column":null}},"300":{"start":{"line":503,"column":2},"end":{"line":509,"column":null}},"301":{"start":{"line":504,"column":4},"end":{"line":507,"column":null}},"302":{"start":{"line":508,"column":4},"end":{"line":508,"column":null}},"303":{"start":{"line":511,"column":27},"end":{"line":511,"column":null}},"304":{"start":{"line":512,"column":2},"end":{"line":514,"column":null}},"305":{"start":{"line":513,"column":4},"end":{"line":513,"column":null}},"306":{"start":{"line":515,"column":2},"end":{"line":519,"column":null}},"307":{"start":{"line":521,"column":15},"end":{"line":521,"column":null}},"308":{"start":{"line":521,"column":49},"end":{"line":521,"column":51}},"309":{"start":{"line":522,"column":16},"end":{"line":522,"column":null}},"310":{"start":{"line":523,"column":2},"end":{"line":529,"column":null}},"311":{"start":{"line":524,"column":4},"end":{"line":527,"column":null}},"312":{"start":{"line":528,"column":4},"end":{"line":528,"column":null}},"313":{"start":{"line":531,"column":2},"end":{"line":531,"column":null}},"314":{"start":{"line":532,"column":2},"end":{"line":532,"column":null}},"315":{"start":{"line":536,"column":19},"end":{"line":536,"column":null}},"316":{"start":{"line":537,"column":2},"end":{"line":540,"column":null}},"317":{"start":{"line":538,"column":4},"end":{"line":538,"column":null}},"318":{"start":{"line":539,"column":4},"end":{"line":539,"column":null}},"319":{"start":{"line":542,"column":8},"end":{"line":548,"column":null}},"320":{"start":{"line":543,"column":27},"end":{"line":543,"column":null}},"321":{"start":{"line":544,"column":4},"end":{"line":544,"column":null}},"322":{"start":{"line":546,"column":4},"end":{"line":546,"column":null}},"323":{"start":{"line":547,"column":4},"end":{"line":547,"column":null}},"324":{"start":{"line":550,"column":2},"end":{"line":550,"column":null}},"325":{"start":{"line":551,"column":2},"end":{"line":551,"column":null}},"326":{"start":{"line":558,"column":2},"end":{"line":558,"column":null}},"327":{"start":{"line":558,"column":49},"end":{"line":558,"column":null}},"328":{"start":{"line":559,"column":2},"end":{"line":559,"column":null}},"329":{"start":{"line":559,"column":57},"end":{"line":559,"column":null}},"330":{"start":{"line":561,"column":15},"end":{"line":561,"column":null}},"331":{"start":{"line":562,"column":2},"end":{"line":562,"column":null}},"332":{"start":{"line":562,"column":13},"end":{"line":562,"column":null}},"333":{"start":{"line":563,"column":19},"end":{"line":563,"column":null}},"334":{"start":{"line":564,"column":19},"end":{"line":564,"column":null}},"335":{"start":{"line":565,"column":14},"end":{"line":565,"column":null}},"336":{"start":{"line":567,"column":22},"end":{"line":567,"column":null}},"337":{"start":{"line":568,"column":2},"end":{"line":570,"column":null}},"338":{"start":{"line":569,"column":4},"end":{"line":569,"column":null}},"339":{"start":{"line":572,"column":16},"end":{"line":572,"column":null}},"340":{"start":{"line":573,"column":2},"end":{"line":573,"column":null}},"341":{"start":{"line":573,"column":14},"end":{"line":573,"column":null}},"342":{"start":{"line":575,"column":2},"end":{"line":589,"column":null}},"343":{"start":{"line":576,"column":27},"end":{"line":576,"column":null}},"344":{"start":{"line":577,"column":4},"end":{"line":577,"column":null}},"345":{"start":{"line":578,"column":18},"end":{"line":578,"column":null}},"346":{"start":{"line":579,"column":28},"end":{"line":579,"column":null}},"347":{"start":{"line":580,"column":4},"end":{"line":580,"column":null}},"348":{"start":{"line":580,"column":26},"end":{"line":580,"column":null}},"349":{"start":{"line":581,"column":4},"end":{"line":584,"column":null}},"350":{"start":{"line":585,"column":4},"end":{"line":585,"column":null}},"351":{"start":{"line":587,"column":4},"end":{"line":587,"column":null}},"352":{"start":{"line":588,"column":4},"end":{"line":588,"column":null}},"353":{"start":{"line":598,"column":2},"end":{"line":598,"column":null}},"354":{"start":{"line":598,"column":46},"end":{"line":598,"column":null}},"355":{"start":{"line":599,"column":2},"end":{"line":599,"column":null}},"356":{"start":{"line":599,"column":76},"end":{"line":599,"column":null}},"357":{"start":{"line":601,"column":25},"end":{"line":601,"column":null}},"358":{"start":{"line":602,"column":2},"end":{"line":602,"column":null}},"359":{"start":{"line":602,"column":77},"end":{"line":602,"column":null}},"360":{"start":{"line":604,"column":16},"end":{"line":607,"column":null}},"361":{"start":{"line":608,"column":2},"end":{"line":608,"column":null}},"362":{"start":{"line":608,"column":14},"end":{"line":608,"column":null}},"363":{"start":{"line":610,"column":2},"end":{"line":610,"column":null}},"364":{"start":{"line":614,"column":43},"end":{"line":614,"column":null}},"365":{"start":{"line":616,"column":31},"end":{"line":616,"column":null}},"366":{"start":{"line":617,"column":2},"end":{"line":619,"column":null}},"367":{"start":{"line":618,"column":4},"end":{"line":618,"column":null}},"368":{"start":{"line":621,"column":17},"end":{"line":621,"column":null}},"369":{"start":{"line":622,"column":2},"end":{"line":624,"column":null}},"370":{"start":{"line":623,"column":4},"end":{"line":623,"column":null}},"371":{"start":{"line":626,"column":24},"end":{"line":626,"column":null}},"372":{"start":{"line":627,"column":2},"end":{"line":634,"column":null}},"373":{"start":{"line":628,"column":4},"end":{"line":628,"column":null}},"374":{"start":{"line":629,"column":2},"end":{"line":634,"column":null}},"375":{"start":{"line":630,"column":29},"end":{"line":630,"column":null}},"376":{"start":{"line":631,"column":4},"end":{"line":633,"column":null}},"377":{"start":{"line":632,"column":6},"end":{"line":632,"column":null}},"378":{"start":{"line":636,"column":26},"end":{"line":636,"column":null}},"379":{"start":{"line":637,"column":2},"end":{"line":650,"column":null}},"380":{"start":{"line":638,"column":4},"end":{"line":649,"column":null}},"381":{"start":{"line":639,"column":21},"end":{"line":639,"column":null}},"382":{"start":{"line":640,"column":6},"end":{"line":646,"column":null}},"383":{"start":{"line":641,"column":8},"end":{"line":645,"column":null}},"384":{"start":{"line":642,"column":10},"end":{"line":644,"column":null}},"385":{"start":{"line":643,"column":12},"end":{"line":643,"column":null}},"386":{"start":{"line":648,"column":6},"end":{"line":648,"column":null}},"387":{"start":{"line":652,"column":2},"end":{"line":652,"column":null}},"388":{"start":{"line":656,"column":2},"end":{"line":656,"column":null}},"389":{"start":{"line":663,"column":22},"end":{"line":663,"column":null}},"390":{"start":{"line":664,"column":23},"end":{"line":664,"column":null}},"391":{"start":{"line":665,"column":2},"end":{"line":667,"column":null}},"392":{"start":{"line":666,"column":4},"end":{"line":666,"column":null}},"393":{"start":{"line":668,"column":2},"end":{"line":668,"column":null}},"394":{"start":{"line":676,"column":42},"end":{"line":680,"column":null}},"395":{"start":{"line":682,"column":2},"end":{"line":684,"column":null}},"396":{"start":{"line":683,"column":4},"end":{"line":683,"column":null}},"397":{"start":{"line":685,"column":2},"end":{"line":685,"column":null}},"398":{"start":{"line":700,"column":14},"end":{"line":700,"column":null}},"399":{"start":{"line":701,"column":2},"end":{"line":701,"column":null}},"400":{"start":{"line":701,"column":12},"end":{"line":701,"column":null}},"401":{"start":{"line":702,"column":2},"end":{"line":702,"column":null}},"402":{"start":{"line":702,"column":41},"end":{"line":702,"column":null}},"403":{"start":{"line":703,"column":2},"end":{"line":703,"column":null}},"404":{"start":{"line":706,"column":22},"end":{"line":706,"column":null}},"405":{"start":{"line":709,"column":2},"end":{"line":709,"column":null}},"406":{"start":{"line":713,"column":2},"end":{"line":713,"column":null}},"407":{"start":{"line":717,"column":2},"end":{"line":717,"column":null}},"408":{"start":{"line":718,"column":2},"end":{"line":718,"column":null}},"409":{"start":{"line":719,"column":2},"end":{"line":719,"column":null}},"410":{"start":{"line":720,"column":2},"end":{"line":720,"column":null}},"411":{"start":{"line":721,"column":2},"end":{"line":721,"column":null}},"412":{"start":{"line":722,"column":2},"end":{"line":722,"column":null}},"413":{"start":{"line":723,"column":2},"end":{"line":723,"column":null}},"414":{"start":{"line":724,"column":2},"end":{"line":724,"column":null}},"415":{"start":{"line":725,"column":2},"end":{"line":725,"column":null}},"416":{"start":{"line":729,"column":23},"end":{"line":729,"column":null}},"417":{"start":{"line":730,"column":2},"end":{"line":730,"column":null}},"418":{"start":{"line":730,"column":20},"end":{"line":730,"column":null}},"419":{"start":{"line":731,"column":2},"end":{"line":732,"column":null}},"420":{"start":{"line":738,"column":2},"end":{"line":750,"column":null}},"421":{"start":{"line":739,"column":17},"end":{"line":739,"column":null}},"422":{"start":{"line":740,"column":4},"end":{"line":740,"column":null}},"423":{"start":{"line":740,"column":30},"end":{"line":740,"column":null}},"424":{"start":{"line":741,"column":4},"end":{"line":741,"column":null}},"425":{"start":{"line":741,"column":54},"end":{"line":741,"column":null}},"426":{"start":{"line":742,"column":4},"end":{"line":742,"column":null}},"427":{"start":{"line":742,"column":30},"end":{"line":742,"column":null}},"428":{"start":{"line":743,"column":4},"end":{"line":743,"column":null}},"429":{"start":{"line":743,"column":30},"end":{"line":743,"column":null}},"430":{"start":{"line":744,"column":4},"end":{"line":744,"column":null}},"431":{"start":{"line":744,"column":30},"end":{"line":744,"column":null}},"432":{"start":{"line":745,"column":4},"end":{"line":745,"column":null}},"433":{"start":{"line":745,"column":30},"end":{"line":745,"column":null}},"434":{"start":{"line":746,"column":4},"end":{"line":746,"column":null}},"435":{"start":{"line":746,"column":30},"end":{"line":746,"column":null}},"436":{"start":{"line":747,"column":4},"end":{"line":747,"column":null}},"437":{"start":{"line":747,"column":30},"end":{"line":747,"column":null}},"438":{"start":{"line":751,"column":2},"end":{"line":751,"column":null}},"439":{"start":{"line":762,"column":105},"end":{"line":762,"column":null}},"440":{"start":{"line":764,"column":8},"end":{"line":770,"column":null}},"441":{"start":{"line":765,"column":4},"end":{"line":769,"column":null}},"442":{"start":{"line":766,"column":6},"end":{"line":766,"column":null}},"443":{"start":{"line":768,"column":6},"end":{"line":768,"column":null}},"444":{"start":{"line":772,"column":21},"end":{"line":772,"column":null}},"445":{"start":{"line":773,"column":25},"end":{"line":773,"column":null}},"446":{"start":{"line":774,"column":25},"end":{"line":774,"column":null}},"447":{"start":{"line":775,"column":24},"end":{"line":775,"column":null}},"448":{"start":{"line":776,"column":20},"end":{"line":776,"column":null}},"449":{"start":{"line":778,"column":4},"end":{"line":778,"column":null}},"450":{"start":{"line":780,"column":23},"end":{"line":780,"column":null}},"451":{"start":{"line":781,"column":27},"end":{"line":781,"column":null}},"452":{"start":{"line":783,"column":43},"end":{"line":791,"column":null}},"453":{"start":{"line":794,"column":2},"end":{"line":796,"column":null}},"454":{"start":{"line":795,"column":4},"end":{"line":795,"column":null}},"455":{"start":{"line":798,"column":2},"end":{"line":837,"column":null}},"456":{"start":{"line":799,"column":4},"end":{"line":801,"column":null}},"457":{"start":{"line":800,"column":6},"end":{"line":800,"column":null}},"458":{"start":{"line":804,"column":6},"end":{"line":807,"column":null}},"459":{"start":{"line":808,"column":4},"end":{"line":810,"column":null}},"460":{"start":{"line":809,"column":6},"end":{"line":809,"column":null}},"461":{"start":{"line":813,"column":6},"end":{"line":815,"column":null}},"462":{"start":{"line":816,"column":4},"end":{"line":818,"column":null}},"463":{"start":{"line":817,"column":6},"end":{"line":817,"column":null}},"464":{"start":{"line":821,"column":6},"end":{"line":824,"column":null}},"465":{"start":{"line":825,"column":4},"end":{"line":827,"column":null}},"466":{"start":{"line":826,"column":6},"end":{"line":826,"column":null}},"467":{"start":{"line":830,"column":6},"end":{"line":833,"column":null}},"468":{"start":{"line":834,"column":4},"end":{"line":836,"column":null}},"469":{"start":{"line":835,"column":6},"end":{"line":835,"column":null}},"470":{"start":{"line":839,"column":2},"end":{"line":839,"column":null}},"471":{"start":{"line":843,"column":14},"end":{"line":843,"column":null}},"472":{"start":{"line":844,"column":2},"end":{"line":844,"column":null}},"473":{"start":{"line":844,"column":55},"end":{"line":844,"column":null}},"474":{"start":{"line":845,"column":2},"end":{"line":845,"column":null}},"475":{"start":{"line":845,"column":53},"end":{"line":845,"column":null}},"476":{"start":{"line":846,"column":2},"end":{"line":846,"column":null}},"477":{"start":{"line":853,"column":2},"end":{"line":853,"column":null}},"478":{"start":{"line":853,"column":30},"end":{"line":853,"column":null}},"479":{"start":{"line":855,"column":19},"end":{"line":855,"column":null}},"480":{"start":{"line":856,"column":15},"end":{"line":856,"column":null}},"481":{"start":{"line":857,"column":2},"end":{"line":857,"column":null}},"482":{"start":{"line":857,"column":13},"end":{"line":857,"column":null}},"483":{"start":{"line":859,"column":19},"end":{"line":859,"column":null}},"484":{"start":{"line":860,"column":14},"end":{"line":860,"column":null}},"485":{"start":{"line":861,"column":21},"end":{"line":861,"column":null}},"486":{"start":{"line":862,"column":2},"end":{"line":862,"column":null}},"487":{"start":{"line":862,"column":62},"end":{"line":862,"column":null}},"488":{"start":{"line":863,"column":2},"end":{"line":863,"column":null}},"489":{"start":{"line":865,"column":14},"end":{"line":865,"column":null}},"490":{"start":{"line":866,"column":18},"end":{"line":866,"column":null}},"491":{"start":{"line":867,"column":19},"end":{"line":870,"column":null}},"492":{"start":{"line":868,"column":4},"end":{"line":868,"column":null}},"493":{"start":{"line":869,"column":4},"end":{"line":869,"column":null}},"494":{"start":{"line":871,"column":2},"end":{"line":871,"column":null}},"495":{"start":{"line":871,"column":17},"end":{"line":871,"column":null}},"496":{"start":{"line":873,"column":27},"end":{"line":873,"column":null}},"497":{"start":{"line":874,"column":2},"end":{"line":876,"column":null}},"498":{"start":{"line":875,"column":4},"end":{"line":875,"column":null}},"499":{"start":{"line":877,"column":2},"end":{"line":877,"column":null}},"500":{"start":{"line":879,"column":2},"end":{"line":879,"column":null}},"501":{"start":{"line":879,"column":43},"end":{"line":879,"column":52}},"502":{"start":{"line":883,"column":2},"end":{"line":883,"column":null}},"503":{"start":{"line":883,"column":22},"end":{"line":883,"column":null}},"504":{"start":{"line":884,"column":2},"end":{"line":884,"column":null}},"505":{"start":{"line":884,"column":56},"end":{"line":884,"column":null}},"506":{"start":{"line":885,"column":16},"end":{"line":885,"column":null}},"507":{"start":{"line":886,"column":2},"end":{"line":886,"column":null}},"508":{"start":{"line":890,"column":2},"end":{"line":891,"column":null}},"509":{"start":{"line":896,"column":16},"end":{"line":896,"column":null}},"510":{"start":{"line":897,"column":2},"end":{"line":897,"column":null}},"511":{"start":{"line":901,"column":96},"end":{"line":901,"column":null}},"512":{"start":{"line":902,"column":30},"end":{"line":907,"column":null}},"513":{"start":{"line":909,"column":27},"end":{"line":916,"column":null}},"514":{"start":{"line":918,"column":18},"end":{"line":918,"column":null}},"515":{"start":{"line":919,"column":25},"end":{"line":931,"column":null}},"516":{"start":{"line":934,"column":2},"end":{"line":937,"column":null}},"517":{"start":{"line":935,"column":4},"end":{"line":935,"column":null}},"518":{"start":{"line":935,"column":42},"end":{"line":935,"column":null}},"519":{"start":{"line":936,"column":4},"end":{"line":936,"column":null}},"520":{"start":{"line":939,"column":2},"end":{"line":941,"column":null}},"521":{"start":{"line":940,"column":4},"end":{"line":940,"column":null}},"522":{"start":{"line":943,"column":8},"end":{"line":943,"column":null}},"523":{"start":{"line":945,"column":15},"end":{"line":945,"column":null}},"524":{"start":{"line":946,"column":15},"end":{"line":946,"column":null}},"525":{"start":{"line":947,"column":2},"end":{"line":947,"column":null}},"526":{"start":{"line":948,"column":2},"end":{"line":948,"column":null}},"527":{"start":{"line":949,"column":2},"end":{"line":951,"column":null}},"528":{"start":{"line":950,"column":4},"end":{"line":950,"column":null}},"529":{"start":{"line":952,"column":2},"end":{"line":954,"column":null}},"530":{"start":{"line":953,"column":4},"end":{"line":953,"column":null}},"531":{"start":{"line":956,"column":27},"end":{"line":963,"column":null}},"532":{"start":{"line":957,"column":4},"end":{"line":961,"column":null}},"533":{"start":{"line":958,"column":18},"end":{"line":958,"column":null}},"534":{"start":{"line":959,"column":6},"end":{"line":959,"column":null}},"535":{"start":{"line":960,"column":6},"end":{"line":960,"column":null}},"536":{"start":{"line":962,"column":4},"end":{"line":962,"column":null}},"537":{"start":{"line":962,"column":32},"end":{"line":962,"column":50}},"538":{"start":{"line":965,"column":2},"end":{"line":972,"column":null}},"539":{"start":{"line":966,"column":16},"end":{"line":966,"column":null}},"540":{"start":{"line":967,"column":4},"end":{"line":970,"column":null}},"541":{"start":{"line":974,"column":22},"end":{"line":974,"column":null}},"542":{"start":{"line":975,"column":2},"end":{"line":975,"column":null}},"543":{"start":{"line":975,"column":26},"end":{"line":975,"column":null}},"544":{"start":{"line":977,"column":21},"end":{"line":977,"column":null}},"545":{"start":{"line":978,"column":17},"end":{"line":978,"column":null}},"546":{"start":{"line":979,"column":15},"end":{"line":979,"column":null}},"547":{"start":{"line":980,"column":2},"end":{"line":980,"column":null}},"548":{"start":{"line":980,"column":32},"end":{"line":980,"column":null}},"549":{"start":{"line":982,"column":2},"end":{"line":989,"column":null}},"550":{"start":{"line":983,"column":4},"end":{"line":983,"column":null}},"551":{"start":{"line":983,"column":47},"end":{"line":983,"column":null}},"552":{"start":{"line":984,"column":4},"end":{"line":987,"column":null}},"553":{"start":{"line":991,"column":2},"end":{"line":995,"column":null}},"554":{"start":{"line":992,"column":4},"end":{"line":992,"column":null}},"555":{"start":{"line":994,"column":4},"end":{"line":994,"column":null}},"556":{"start":{"line":1006,"column":6},"end":{"line":1006,"column":null}},"557":{"start":{"line":1007,"column":30},"end":{"line":1012,"column":null}},"558":{"start":{"line":1013,"column":42},"end":{"line":1015,"column":null}},"559":{"start":{"line":1018,"column":18},"end":{"line":1018,"column":null}},"560":{"start":{"line":1019,"column":2},"end":{"line":1021,"column":null}},"561":{"start":{"line":1020,"column":4},"end":{"line":1020,"column":null}},"562":{"start":{"line":1023,"column":35},"end":{"line":1032,"column":null}},"563":{"start":{"line":1034,"column":25},"end":{"line":1034,"column":null}},"564":{"start":{"line":1035,"column":30},"end":{"line":1035,"column":null}},"565":{"start":{"line":1036,"column":25},"end":{"line":1036,"column":null}},"566":{"start":{"line":1037,"column":2},"end":{"line":1039,"column":null}},"567":{"start":{"line":1038,"column":4},"end":{"line":1038,"column":null}},"568":{"start":{"line":1041,"column":14},"end":{"line":1044,"column":null}},"569":{"start":{"line":1042,"column":4},"end":{"line":1042,"column":null}},"570":{"start":{"line":1043,"column":4},"end":{"line":1043,"column":null}},"571":{"start":{"line":1045,"column":2},"end":{"line":1048,"column":null}},"572":{"start":{"line":1046,"column":4},"end":{"line":1046,"column":null}},"573":{"start":{"line":1047,"column":4},"end":{"line":1047,"column":null}},"574":{"start":{"line":1050,"column":27},"end":{"line":1050,"column":null}},"575":{"start":{"line":1051,"column":2},"end":{"line":1053,"column":null}},"576":{"start":{"line":1052,"column":4},"end":{"line":1052,"column":null}},"577":{"start":{"line":1054,"column":2},"end":{"line":1054,"column":null}},"578":{"start":{"line":1056,"column":15},"end":{"line":1056,"column":null}},"579":{"start":{"line":1057,"column":2},"end":{"line":1097,"column":null}},"580":{"start":{"line":1058,"column":4},"end":{"line":1083,"column":null}},"581":{"start":{"line":1059,"column":6},"end":{"line":1074,"column":null}},"582":{"start":{"line":1076,"column":27},"end":{"line":1076,"column":null}},"583":{"start":{"line":1077,"column":6},"end":{"line":1082,"column":null}},"584":{"start":{"line":1078,"column":8},"end":{"line":1080,"column":null}},"585":{"start":{"line":1079,"column":10},"end":{"line":1079,"column":null}},"586":{"start":{"line":1081,"column":8},"end":{"line":1081,"column":null}},"587":{"start":{"line":1085,"column":4},"end":{"line":1088,"column":null}},"588":{"start":{"line":1086,"column":6},"end":{"line":1086,"column":null}},"589":{"start":{"line":1087,"column":6},"end":{"line":1087,"column":null}},"590":{"start":{"line":1089,"column":4},"end":{"line":1091,"column":null}},"591":{"start":{"line":1090,"column":6},"end":{"line":1090,"column":null}},"592":{"start":{"line":1092,"column":4},"end":{"line":1095,"column":null}},"593":{"start":{"line":1099,"column":2},"end":{"line":1103,"column":null}},"594":{"start":{"line":1100,"column":4},"end":{"line":1100,"column":null}},"595":{"start":{"line":1102,"column":4},"end":{"line":1102,"column":null}},"596":{"start":{"line":1107,"column":31},"end":{"line":1107,"column":null}},"597":{"start":{"line":1108,"column":18},"end":{"line":1108,"column":null}},"598":{"start":{"line":1109,"column":2},"end":{"line":1109,"column":null}},"599":{"start":{"line":1109,"column":35},"end":{"line":1109,"column":null}},"600":{"start":{"line":1110,"column":17},"end":{"line":1110,"column":null}},"601":{"start":{"line":1111,"column":2},"end":{"line":1114,"column":null}},"602":{"start":{"line":1112,"column":15},"end":{"line":1112,"column":null}},"603":{"start":{"line":1113,"column":4},"end":{"line":1113,"column":null}},"604":{"start":{"line":1113,"column":32},"end":{"line":1113,"column":null}},"605":{"start":{"line":1115,"column":2},"end":{"line":1115,"column":null}},"606":{"start":{"line":1115,"column":31},"end":{"line":1115,"column":null}},"607":{"start":{"line":1116,"column":14},"end":{"line":1116,"column":null}},"608":{"start":{"line":1117,"column":2},"end":{"line":1117,"column":null}},"609":{"start":{"line":1121,"column":2},"end":{"line":1121,"column":null}},"610":{"start":{"line":1121,"column":39},"end":{"line":1121,"column":null}},"611":{"start":{"line":1122,"column":13},"end":{"line":1122,"column":null}},"612":{"start":{"line":1123,"column":2},"end":{"line":1123,"column":null}},"613":{"start":{"line":1123,"column":30},"end":{"line":1123,"column":null}},"614":{"start":{"line":1125,"column":14},"end":{"line":1125,"column":null}},"615":{"start":{"line":1126,"column":2},"end":{"line":1126,"column":null}},"616":{"start":{"line":1126,"column":12},"end":{"line":1126,"column":null}},"617":{"start":{"line":1128,"column":15},"end":{"line":1128,"column":null}},"618":{"start":{"line":1129,"column":17},"end":{"line":1129,"column":null}},"619":{"start":{"line":1130,"column":20},"end":{"line":1130,"column":null}},"620":{"start":{"line":1131,"column":21},"end":{"line":1131,"column":null}},"621":{"start":{"line":1132,"column":2},"end":{"line":1138,"column":null}},"622":{"start":{"line":1137,"column":4},"end":{"line":1137,"column":null}},"623":{"start":{"line":1140,"column":16},"end":{"line":1140,"column":null}},"624":{"start":{"line":1141,"column":2},"end":{"line":1141,"column":null}},"625":{"start":{"line":1141,"column":85},"end":{"line":1141,"column":null}},"626":{"start":{"line":1143,"column":2},"end":{"line":1152,"column":null}},"627":{"start":{"line":1161,"column":14},"end":{"line":1161,"column":null}},"628":{"start":{"line":1163,"column":30},"end":{"line":1169,"column":null}},"629":{"start":{"line":1172,"column":2},"end":{"line":1176,"column":null}},"630":{"start":{"line":1173,"column":4},"end":{"line":1175,"column":null}},"631":{"start":{"line":1174,"column":6},"end":{"line":1174,"column":null}},"632":{"start":{"line":1179,"column":4},"end":{"line":1179,"column":null}},"633":{"start":{"line":1181,"column":2},"end":{"line":1191,"column":null}},"634":{"start":{"line":1182,"column":23},"end":{"line":1182,"column":null}},"635":{"start":{"line":1183,"column":4},"end":{"line":1190,"column":null}},"636":{"start":{"line":1184,"column":21},"end":{"line":1188,"column":null}},"637":{"start":{"line":1189,"column":6},"end":{"line":1189,"column":null}},"638":{"start":{"line":1193,"column":2},"end":{"line":1193,"column":null}},"639":{"start":{"line":1197,"column":2},"end":{"line":1197,"column":null}},"640":{"start":{"line":1197,"column":33},"end":{"line":1197,"column":null}},"641":{"start":{"line":1198,"column":2},"end":{"line":1201,"column":null}},"642":{"start":{"line":1199,"column":4},"end":{"line":1199,"column":null}},"643":{"start":{"line":1199,"column":34},"end":{"line":1199,"column":null}},"644":{"start":{"line":1200,"column":4},"end":{"line":1200,"column":null}},"645":{"start":{"line":1202,"column":2},"end":{"line":1210,"column":null}},"646":{"start":{"line":1203,"column":20},"end":{"line":1203,"column":null}},"647":{"start":{"line":1204,"column":4},"end":{"line":1204,"column":null}},"648":{"start":{"line":1204,"column":18},"end":{"line":1204,"column":null}},"649":{"start":{"line":1205,"column":4},"end":{"line":1209,"column":null}},"650":{"start":{"line":1206,"column":6},"end":{"line":1206,"column":null}},"651":{"start":{"line":1208,"column":6},"end":{"line":1208,"column":null}},"652":{"start":{"line":1211,"column":2},"end":{"line":1211,"column":null}},"653":{"start":{"line":1215,"column":14},"end":{"line":1215,"column":null}},"654":{"start":{"line":1216,"column":2},"end":{"line":1222,"column":null}},"655":{"start":{"line":1227,"column":2},"end":{"line":1227,"column":null}},"656":{"start":{"line":1227,"column":67},"end":{"line":1227,"column":null}},"657":{"start":{"line":1228,"column":2},"end":{"line":1228,"column":null}},"658":{"start":{"line":1232,"column":2},"end":{"line":1235,"column":null}},"659":{"start":{"line":1233,"column":18},"end":{"line":1233,"column":null}},"660":{"start":{"line":1234,"column":4},"end":{"line":1234,"column":null}},"661":{"start":{"line":1234,"column":62},"end":{"line":1234,"column":null}},"662":{"start":{"line":1236,"column":2},"end":{"line":1236,"column":null}},"663":{"start":{"line":1240,"column":2},"end":{"line":1243,"column":null}},"664":{"start":{"line":1241,"column":18},"end":{"line":1241,"column":null}},"665":{"start":{"line":1242,"column":4},"end":{"line":1242,"column":null}},"666":{"start":{"line":1242,"column":36},"end":{"line":1242,"column":null}},"667":{"start":{"line":1244,"column":2},"end":{"line":1244,"column":null}},"668":{"start":{"line":1248,"column":2},"end":{"line":1250,"column":null}},"669":{"start":{"line":1249,"column":4},"end":{"line":1249,"column":null}},"670":{"start":{"line":1249,"column":35},"end":{"line":1249,"column":null}},"671":{"start":{"line":1251,"column":2},"end":{"line":1251,"column":null}},"672":{"start":{"line":1255,"column":14},"end":{"line":1255,"column":null}},"673":{"start":{"line":1256,"column":21},"end":{"line":1259,"column":null}},"674":{"start":{"line":1262,"column":2},"end":{"line":1336,"column":null}},"675":{"start":{"line":1263,"column":4},"end":{"line":1263,"column":null}},"676":{"start":{"line":1263,"column":17},"end":{"line":1263,"column":null}},"677":{"start":{"line":1265,"column":48},"end":{"line":1265,"column":null}},"678":{"start":{"line":1267,"column":35},"end":{"line":1267,"column":null}},"679":{"start":{"line":1268,"column":4},"end":{"line":1273,"column":null}},"680":{"start":{"line":1269,"column":28},"end":{"line":1269,"column":null}},"681":{"start":{"line":1270,"column":6},"end":{"line":1272,"column":null}},"682":{"start":{"line":1271,"column":8},"end":{"line":1271,"column":null}},"683":{"start":{"line":1275,"column":30},"end":{"line":1275,"column":null}},"684":{"start":{"line":1276,"column":4},"end":{"line":1285,"column":null}},"685":{"start":{"line":1277,"column":25},"end":{"line":1277,"column":null}},"686":{"start":{"line":1278,"column":19},"end":{"line":1278,"column":null}},"687":{"start":{"line":1279,"column":6},"end":{"line":1284,"column":null}},"688":{"start":{"line":1280,"column":8},"end":{"line":1282,"column":null}},"689":{"start":{"line":1287,"column":26},"end":{"line":1287,"column":null}},"690":{"start":{"line":1288,"column":4},"end":{"line":1297,"column":null}},"691":{"start":{"line":1289,"column":21},"end":{"line":1289,"column":null}},"692":{"start":{"line":1290,"column":23},"end":{"line":1290,"column":null}},"693":{"start":{"line":1291,"column":6},"end":{"line":1296,"column":null}},"694":{"start":{"line":1292,"column":8},"end":{"line":1294,"column":null}},"695":{"start":{"line":1299,"column":28},"end":{"line":1299,"column":null}},"696":{"start":{"line":1300,"column":4},"end":{"line":1309,"column":null}},"697":{"start":{"line":1301,"column":21},"end":{"line":1301,"column":null}},"698":{"start":{"line":1302,"column":32},"end":{"line":1302,"column":null}},"699":{"start":{"line":1303,"column":6},"end":{"line":1308,"column":null}},"700":{"start":{"line":1304,"column":8},"end":{"line":1306,"column":null}},"701":{"start":{"line":1311,"column":26},"end":{"line":1311,"column":null}},"702":{"start":{"line":1312,"column":4},"end":{"line":1317,"column":null}},"703":{"start":{"line":1313,"column":25},"end":{"line":1313,"column":null}},"704":{"start":{"line":1314,"column":6},"end":{"line":1316,"column":null}},"705":{"start":{"line":1315,"column":8},"end":{"line":1315,"column":null}},"706":{"start":{"line":1319,"column":26},"end":{"line":1319,"column":null}},"707":{"start":{"line":1320,"column":4},"end":{"line":1331,"column":null}},"708":{"start":{"line":1321,"column":23},"end":{"line":1321,"column":null}},"709":{"start":{"line":1322,"column":24},"end":{"line":1322,"column":null}},"710":{"start":{"line":1323,"column":24},"end":{"line":1323,"column":null}},"711":{"start":{"line":1324,"column":6},"end":{"line":1330,"column":null}},"712":{"start":{"line":1325,"column":8},"end":{"line":1328,"column":null}},"713":{"start":{"line":1333,"column":4},"end":{"line":1335,"column":null}},"714":{"start":{"line":1334,"column":6},"end":{"line":1334,"column":null}},"715":{"start":{"line":1338,"column":2},"end":{"line":1338,"column":null}},"716":{"start":{"line":1342,"column":14},"end":{"line":1342,"column":null}},"717":{"start":{"line":1344,"column":2},"end":{"line":1344,"column":null}},"718":{"start":{"line":1344,"column":70},"end":{"line":1344,"column":null}},"719":{"start":{"line":1345,"column":2},"end":{"line":1345,"column":null}},"720":{"start":{"line":1345,"column":58},"end":{"line":1345,"column":null}},"721":{"start":{"line":1346,"column":2},"end":{"line":1346,"column":null}},"722":{"start":{"line":1346,"column":72},"end":{"line":1346,"column":null}},"723":{"start":{"line":1347,"column":2},"end":{"line":1347,"column":null}},"724":{"start":{"line":1347,"column":72},"end":{"line":1347,"column":null}},"725":{"start":{"line":1349,"column":27},"end":{"line":1355,"column":null}},"726":{"start":{"line":1358,"column":2},"end":{"line":1369,"column":null}},"727":{"start":{"line":1359,"column":4},"end":{"line":1359,"column":null}},"728":{"start":{"line":1359,"column":35},"end":{"line":1359,"column":null}},"729":{"start":{"line":1360,"column":23},"end":{"line":1360,"column":null}},"730":{"start":{"line":1361,"column":4},"end":{"line":1368,"column":null}},"731":{"start":{"line":1367,"column":6},"end":{"line":1367,"column":null}},"732":{"start":{"line":1371,"column":2},"end":{"line":1371,"column":null}},"733":{"start":{"line":1375,"column":16},"end":{"line":1375,"column":null}},"734":{"start":{"line":1376,"column":2},"end":{"line":1381,"column":null}},"735":{"start":{"line":1394,"column":10},"end":{"line":1394,"column":null}},"736":{"start":{"line":1395,"column":4},"end":{"line":1395,"column":null}},"737":{"start":{"line":1396,"column":16},"end":{"line":1396,"column":null}},"738":{"start":{"line":1397,"column":17},"end":{"line":1400,"column":null}},"739":{"start":{"line":1403,"column":24},"end":{"line":1413,"column":null}},"740":{"start":{"line":1415,"column":6},"end":{"line":1427,"column":null}},"741":{"start":{"line":1429,"column":4},"end":{"line":1429,"column":null}},"742":{"start":{"line":1429,"column":22},"end":{"line":1429,"column":null}},"743":{"start":{"line":1431,"column":25},"end":{"line":1431,"column":null}},"744":{"start":{"line":1432,"column":4},"end":{"line":1432,"column":null}},"745":{"start":{"line":1432,"column":22},"end":{"line":1432,"column":null}},"746":{"start":{"line":1434,"column":20},"end":{"line":1434,"column":null}},"747":{"start":{"line":1436,"column":6},"end":{"line":1438,"column":null}},"748":{"start":{"line":1440,"column":6},"end":{"line":1442,"column":null}},"749":{"start":{"line":1444,"column":6},"end":{"line":1446,"column":null}},"750":{"start":{"line":1449,"column":6},"end":{"line":1453,"column":null}},"751":{"start":{"line":1455,"column":4},"end":{"line":1466,"column":null}},"752":{"start":{"line":1456,"column":6},"end":{"line":1463,"column":null}},"753":{"start":{"line":1465,"column":6},"end":{"line":1465,"column":null}},"754":{"start":{"line":1468,"column":4},"end":{"line":1468,"column":null}},"755":{"start":{"line":1476,"column":10},"end":{"line":1476,"column":null}},"756":{"start":{"line":1477,"column":16},"end":{"line":1477,"column":null}},"757":{"start":{"line":1479,"column":42},"end":{"line":1479,"column":null}},"758":{"start":{"line":1481,"column":16},"end":{"line":1512,"column":null}},"759":{"start":{"line":1483,"column":21},"end":{"line":1494,"column":null}},"760":{"start":{"line":1495,"column":8},"end":{"line":1504,"column":null}},"761":{"start":{"line":1496,"column":10},"end":{"line":1496,"column":null}},"762":{"start":{"line":1497,"column":10},"end":{"line":1502,"column":null}},"763":{"start":{"line":1501,"column":12},"end":{"line":1501,"column":null}},"764":{"start":{"line":1503,"column":10},"end":{"line":1503,"column":null}},"765":{"start":{"line":1505,"column":8},"end":{"line":1505,"column":null}},"766":{"start":{"line":1509,"column":6},"end":{"line":1509,"column":null}},"767":{"start":{"line":1510,"column":6},"end":{"line":1510,"column":null}},"768":{"start":{"line":1510,"column":30},"end":{"line":1510,"column":null}},"769":{"start":{"line":1511,"column":6},"end":{"line":1511,"column":null}},"770":{"start":{"line":1514,"column":4},"end":{"line":1516,"column":null}},"771":{"start":{"line":1515,"column":6},"end":{"line":1515,"column":null}},"772":{"start":{"line":1518,"column":25},"end":{"line":1518,"column":null}},"773":{"start":{"line":1519,"column":4},"end":{"line":1521,"column":null}},"774":{"start":{"line":1520,"column":6},"end":{"line":1520,"column":null}},"775":{"start":{"line":1523,"column":25},"end":{"line":1523,"column":null}},"776":{"start":{"line":1524,"column":26},"end":{"line":1524,"column":null}},"777":{"start":{"line":1525,"column":23},"end":{"line":1525,"column":null}},"778":{"start":{"line":1526,"column":23},"end":{"line":1526,"column":null}},"779":{"start":{"line":1527,"column":4},"end":{"line":1534,"column":null}},"780":{"start":{"line":1533,"column":6},"end":{"line":1533,"column":null}},"781":{"start":{"line":1536,"column":4},"end":{"line":1536,"column":null}},"782":{"start":{"line":1547,"column":10},"end":{"line":1547,"column":null}},"783":{"start":{"line":1549,"column":4},"end":{"line":1553,"column":null}},"784":{"start":{"line":1550,"column":6},"end":{"line":1550,"column":null}},"785":{"start":{"line":1552,"column":6},"end":{"line":1552,"column":null}},"786":{"start":{"line":1555,"column":15},"end":{"line":1555,"column":null}},"787":{"start":{"line":1557,"column":27},"end":{"line":1557,"column":null}},"788":{"start":{"line":1558,"column":4},"end":{"line":1563,"column":null}},"789":{"start":{"line":1559,"column":6},"end":{"line":1559,"column":null}},"790":{"start":{"line":1560,"column":6},"end":{"line":1562,"column":null}},"791":{"start":{"line":1561,"column":8},"end":{"line":1561,"column":null}},"792":{"start":{"line":1565,"column":4},"end":{"line":1565,"column":null}},"793":{"start":{"line":1566,"column":4},"end":{"line":1566,"column":null}},"794":{"start":{"line":1567,"column":4},"end":{"line":1567,"column":null}},"795":{"start":{"line":1569,"column":16},"end":{"line":1569,"column":null}},"796":{"start":{"line":1571,"column":17},"end":{"line":1575,"column":null}},"797":{"start":{"line":1576,"column":4},"end":{"line":1576,"column":null}},"798":{"start":{"line":1576,"column":22},"end":{"line":1576,"column":null}},"799":{"start":{"line":1577,"column":25},"end":{"line":1577,"column":null}},"800":{"start":{"line":1578,"column":4},"end":{"line":1578,"column":null}},"801":{"start":{"line":1578,"column":22},"end":{"line":1578,"column":null}},"802":{"start":{"line":1580,"column":19},"end":{"line":1580,"column":null}},"803":{"start":{"line":1581,"column":4},"end":{"line":1581,"column":null}},"804":{"start":{"line":1581,"column":31},"end":{"line":1581,"column":null}},"805":{"start":{"line":1583,"column":24},"end":{"line":1583,"column":null}},"806":{"start":{"line":1583,"column":90},"end":{"line":1583,"column":100}},"807":{"start":{"line":1584,"column":4},"end":{"line":1584,"column":null}},"808":{"start":{"line":1593,"column":10},"end":{"line":1593,"column":null}},"809":{"start":{"line":1594,"column":16},"end":{"line":1594,"column":null}},"810":{"start":{"line":1596,"column":17},"end":{"line":1600,"column":null}},"811":{"start":{"line":1601,"column":4},"end":{"line":1601,"column":null}},"812":{"start":{"line":1601,"column":22},"end":{"line":1601,"column":null}},"813":{"start":{"line":1602,"column":25},"end":{"line":1602,"column":null}},"814":{"start":{"line":1603,"column":4},"end":{"line":1603,"column":null}},"815":{"start":{"line":1603,"column":22},"end":{"line":1603,"column":null}},"816":{"start":{"line":1605,"column":18},"end":{"line":1605,"column":null}},"817":{"start":{"line":1606,"column":4},"end":{"line":1608,"column":null}},"818":{"start":{"line":1607,"column":6},"end":{"line":1607,"column":null}},"819":{"start":{"line":1611,"column":6},"end":{"line":1611,"column":null}},"820":{"start":{"line":1612,"column":26},"end":{"line":1612,"column":null}},"821":{"start":{"line":1614,"column":4},"end":{"line":1619,"column":null}},"822":{"start":{"line":1629,"column":10},"end":{"line":1629,"column":null}},"823":{"start":{"line":1630,"column":4},"end":{"line":1630,"column":null}},"824":{"start":{"line":1631,"column":16},"end":{"line":1631,"column":null}},"825":{"start":{"line":1633,"column":24},"end":{"line":1643,"column":null}},"826":{"start":{"line":1645,"column":6},"end":{"line":1657,"column":null}},"827":{"start":{"line":1658,"column":4},"end":{"line":1658,"column":null}},"828":{"start":{"line":1658,"column":22},"end":{"line":1658,"column":null}},"829":{"start":{"line":1659,"column":25},"end":{"line":1659,"column":null}},"830":{"start":{"line":1660,"column":4},"end":{"line":1660,"column":null}},"831":{"start":{"line":1660,"column":22},"end":{"line":1660,"column":null}},"832":{"start":{"line":1662
[...]
,"C:\\Users\\0\\Desktop\\store\\dev\\JSTS\\Discord\\kreziax\\src\\services\\vinted-search.ts": {"path":"C:\\Users\\0\\Desktop\\store\\dev\\JSTS\\Discord\\kreziax\\src\\services\\vinted-search.ts","statementMap":{"0":{"start":{"line":7,"column":2},"end":{"line":11,"column":null}},"1":{"start":{"line":8,"column":4},"end":{"line":8,"column":null}},"2":{"start":{"line":10,"column":4},"end":{"line":10,"column":null}},"3":{"start":{"line":13,"column":2},"end":{"line":15,"column":null}},"4":{"start":{"line":14,"column":4},"end":{"line":14,"column":null}},"5":{"start":{"line":17,"column":21},"end":{"line":17,"column":64}},"6":{"start":{"line":18,"column":16},"end":{"line":18,"column":67}},"7":{"start":{"line":19,"column":22},"end":{"line":19,"column":77}},"8":{"start":{"line":21,"column":2},"end":{"line":24,"column":null}},"9":{"start":{"line":17,"column":21},"end":{"line":17,"column":null}},"10":{"start":{"line":18,"column":16},"end":{"line":18,"column":null}},"11":{"start":{"line":19,"column":22},"end":{"line":19,"column":null}}},"fnMap":{"0":{"name":"parseVintedSearchUrl","decl":{"start":{"line":3,"column":16},"end":{"line":3,"column":36}},"loc":{"start":{"line":5,"column":1},"end":{"line":25,"column":null}},"line":5},"1":{"name":"parseVintedSearchUrl","decl":{"start":{"line":3,"column":16},"end":{"line":3,"column":37}},"loc":{"start":{"line":5,"column":76},"end":{"line":25,"column":null}},"line":5}},"branchMap":{"0":{"loc":{"start":{"line":13,"column":2},"end":{"line":15,"column":null}},"type":"if","locations":[{"start":{"line":13,"column":2},"end":{"line":15,"column":null}},{"start":{},"end":{}}],"line":13},"1":{"loc":{"start":{"line":18,"column":16},"end":{"line":18,"column":67}},"type":"cond-expr","locations":[{"start":{"line":18,"column":29},"end":{"line":18,"column":52}},{"start":{"line":18,"column":55},"end":{"line":18,"column":67}}],"line":18},"2":{"loc":{"start":{"line":19,"column":22},"end":{"line":19,"column":77}},"type":"cond-expr","locations":[{"start":{"line":19,"column":35},"end":{"line":19,"column":57}},{"start":{"line":19,"column":60},"end":{"line":19,"column":77}}],"line":19},"3":{"loc":{"start":{"line":18,"column":16},"end":{"line":18,"column":null}},"type":"cond-expr","locations":[{"start":{"line":18,"column":29},"end":{"line":18,"column":55}},{"start":{"line":18,"column":55},"end":{"line":18,"column":null}}],"line":18},"4":{"loc":{"start":{"line":19,"column":22},"end":{"line":19,"column":null}},"type":"cond-expr","locations":[{"start":{"line":19,"column":35},"end":{"line":19,"column":60}},{"start":{"line":19,"column":60},"end":{"line":19,"column":null}}],"line":19}},"s":{"0":4,"1":4,"2":0,"3":4,"4":2,"5":2,"6":4,"7":4,"8":4,"9":1,"10":2,"11":2},"f":{"0":2,"1":4},"b":{"0":[2,2],"1":[2,0],"2":[2,0],"3":[1,0],"4":[1,0]},"meta":{"lastBranch":3,"lastFunction":1,"lastStatement":9,"seen":{"f:3:16:3:36":0,"s:7:2:11:Infinity":0,"s:8:4:8:Infinity":1,"s:10:4:10:Infinity":2,"b:13:2:15:Infinity:undefined:undefined:undefined:undefined":0,"s:13:2:15:Infinity":3,"s:14:4:14:Infinity":4,"s:17:21:17:64":5,"s:18:16:18:67":6,"b:18:29:18:52:18:55:18:67":1,"s:19:22:19:77":7,"b:19:35:19:57:19:60:19:77":2,"s:21:2:24:Infinity":8}}}
,"C:\\Users\\0\\Desktop\\store\\dev\\JSTS\\Discord\\kreziax\\src\\services\\vinted-token-service.ts": {"path":"C:\\Users\\0\\Desktop\\store\\dev\\JSTS\\Discord\\kreziax\\src\\services\\vinted-token-service.ts","statementMap":{"0":{"start":{"line":20,"column":14},"end":{"line":20,"column":44}},"1":{"start":{"line":21,"column":16},"end":{"line":21,"column":45}},"2":{"start":{"line":22,"column":23},"end":{"line":22,"column":53}},"3":{"start":{"line":23,"column":17},"end":{"line":23,"column":71}},"4":{"start":{"line":24,"column":15},"end":{"line":24,"column":33}},"5":{"start":{"line":25,"column":27},"end":{"line":25,"column":41}},"6":{"start":{"line":28,"column":2},"end":{"line":28,"column":null}},"7":{"start":{"line":32,"column":16},"end":{"line":32,"column":37}},"8":{"start":{"line":33,"column":2},"end":{"line":33,"column":null}},"9":{"start":{"line":37,"column":2},"end":{"line":39,"column":null}},"10":{"start":{"line":43,"column":18},"end":{"line":43,"column":55}},"11":{"start":{"line":44,"column":18},"end":{"line":44,"column":62}},"12":{"start":{"line":45,"column":2},"end":{"line":45,"column":null}},"13":{"start":{"line":49,"column":2},"end":{"line":49,"column":null}},"14":{"start":{"line":50,"column":2},"end":{"line":50,"column":null}},"15":{"start":{"line":51,"column":2},"end":{"line":51,"column":null}},"16":{"start":{"line":52,"column":2},"end":{"line":52,"column":null}},"17":{"start":{"line":58,"column":17},"end":{"line":58,"column":47}},"18":{"start":{"line":59,"column":2},"end":{"line":61,"column":null}},"19":{"start":{"line":60,"column":4},"end":{"line":60,"column":null}},"20":{"start":{"line":63,"column":16},"end":{"line":63,"column":48}},"21":{"start":{"line":64,"column":2},"end":{"line":70,"column":null}},"22":{"start":{"line":65,"column":4},"end":{"line":69,"column":null}},"23":{"start":{"line":72,"column":17},"end":{"line":72,"column":56}},"24":{"start":{"line":73,"column":2},"end":{"line":75,"column":null}},"25":{"start":{"line":74,"column":4},"end":{"line":74,"column":null}},"26":{"start":{"line":77,"column":19},"end":{"line":77,"column":52}},"27":{"start":{"line":78,"column":2},"end":{"line":78,"column":null}},"28":{"start":{"line":78,"column":16},"end":{"line":78,"column":null}},"29":{"start":{"line":80,"column":18},"end":{"line":138,"column":6}},"30":{"start":{"line":81,"column":20},"end":{"line":81,"column":83}},"31":{"start":{"line":82,"column":4},"end":{"line":82,"column":null}},"32":{"start":{"line":82,"column":25},"end":{"line":82,"column":null}},"33":{"start":{"line":84,"column":19},"end":{"line":84,"column":55}},"34":{"start":{"line":85,"column":4},"end":{"line":85,"column":null}},"35":{"start":{"line":85,"column":27},"end":{"line":85,"column":null}},"36":{"start":{"line":88,"column":4},"end":{"line":96,"column":null}},"37":{"start":{"line":89,"column":6},"end":{"line":89,"column":null}},"38":{"start":{"line":91,"column":6},"end":{"line":95,"column":null}},"39":{"start":{"line":98,"column":22},"end":{"line":102,"column":6}},"40":{"start":{"line":103,"column":4},"end":{"line":115,"column":null}},"41":{"start":{"line":104,"column":6},"end":{"line":107,"column":null}},"42":{"start":{"line":105,"column":8},"end":{"line":105,"column":null}},"43":{"start":{"line":106,"column":8},"end":{"line":106,"column":null}},"44":{"start":{"line":108,"column":6},"end":{"line":113,"column":null}},"45":{"start":{"line":109,"column":8},"end":{"line":109,"column":null}},"46":{"start":{"line":110,"column":8},"end":{"line":110,"column":null}},"47":{"start":{"line":111,"column":8},"end":{"line":111,"column":null}},"48":{"start":{"line":112,"column":8},"end":{"line":112,"column":null}},"49":{"start":{"line":114,"column":6},"end":{"line":114,"column":null}},"50":{"start":{"line":117,"column":24},"end":{"line":117,"column":86}},"51":{"start":{"line":119,"column":30},"end":{"line":124,"column":null}},"52":{"start":{"line":126,"column":4},"end":{"line":126,"column":null}},"53":{"start":{"line":128,"column":4},"end":{"line":133,"column":null}},"54":{"start":{"line":129,"column":6},"end":{"line":132,"column":null}},"55":{"start":{"line":135,"column":4},"end":{"line":135,"column":null}},"56":{"start":{"line":136,"column":4},"end":{"line":136,"column":null}},"57":{"start":{"line":137,"column":4},"end":{"line":137,"column":null}},"58":{"start":{"line":140,"column":2},"end":{"line":140,"column":null}},"59":{"start":{"line":141,"column":2},"end":{"line":145,"column":null}},"60":{"start":{"line":142,"column":4},"end":{"line":142,"column":null}},"61":{"start":{"line":144,"column":4},"end":{"line":144,"column":null}},"62":{"start":{"line":20,"column":14},"end":{"line":20,"column":null}},"63":{"start":{"line":21,"column":16},"end":{"line":21,"column":null}},"64":{"start":{"line":22,"column":23},"end":{"line":22,"column":null}},"65":{"start":{"line":23,"column":17},"end":{"line":23,"column":null}},"66":{"start":{"line":24,"column":15},"end":{"line":24,"column":null}},"67":{"start":{"line":25,"column":27},"end":{"line":25,"column":null}},"68":{"start":{"line":32,"column":16},"end":{"line":32,"column":null}},"69":{"start":{"line":43,"column":18},"end":{"line":43,"column":null}},"70":{"start":{"line":44,"column":18},"end":{"line":44,"column":null}},"71":{"start":{"line":58,"column":17},"end":{"line":58,"column":null}},"72":{"start":{"line":63,"column":16},"end":{"line":63,"column":null}},"73":{"start":{"line":72,"column":17},"end":{"line":72,"column":null}},"74":{"start":{"line":77,"column":19},"end":{"line":77,"column":null}},"75":{"start":{"line":80,"column":8},"end":{"line":138,"column":null}},"76":{"start":{"line":81,"column":20},"end":{"line":81,"column":null}},"77":{"start":{"line":84,"column":10},"end":{"line":84,"column":null}},"78":{"start":{"line":98,"column":22},"end":{"line":102,"column":null}},"79":{"start":{"line":117,"column":10},"end":{"line":117,"column":null}}},"fnMap":{"0":{"name":"isBlockedError","decl":{"start":{"line":27,"column":9},"end":{"line":27,"column":23}},"loc":{"start":{"line":27,"column":39},"end":{"line":29,"column":null}},"line":27},"1":{"name":"isInvalidGrantError","decl":{"start":{"line":31,"column":9},"end":{"line":31,"column":28}},"loc":{"start":{"line":31,"column":44},"end":{"line":34,"column":null}},"line":31},"2":{"name":"reauthRequiredError","decl":{"start":{"line":36,"column":9},"end":{"line":36,"column":28}},"loc":{"start":{"line":36,"column":28},"end":{"line":40,"column":null}},"line":36},"3":{"name":"bumpBackoff","decl":{"start":{"line":42,"column":9},"end":{"line":42,"column":20}},"loc":{"start":{"line":42,"column":49},"end":{"line":46,"column":null}},"line":42},"4":{"name":"clearTokenStateForUser","decl":{"start":{"line":48,"column":16},"end":{"line":48,"column":38}},"loc":{"start":{"line":48,"column":71},"end":{"line":53,"column":null}},"line":48},"5":{"name":"getAccessTokenForUser","decl":{"start":{"line":55,"column":22},"end":{"line":55,"column":43}},"loc":{"start":{"line":57,"column":1},"end":{"line":146,"column":null}},"line":57},"6":{"name":"(anonymous_6)","decl":{"start":{"line":80,"column":19},"end":{"line":80,"column":24}},"loc":{"start":{"line":80,"column":67},"end":{"line":138,"column":3}},"line":80},"7":{"name":"isBlockedError","decl":{"start":{"line":27,"column":9},"end":{"line":27,"column":24}},"loc":{"start":{"line":27,"column":50},"end":{"line":29,"column":null}},"line":27},"8":{"name":"isInvalidGrantError","decl":{"start":{"line":31,"column":9},"end":{"line":31,"column":29}},"loc":{"start":{"line":31,"column":55},"end":{"line":34,"column":null}},"line":31},"9":{"name":"reauthRequiredError","decl":{"start":{"line":36,"column":9},"end":{"line":36,"column":38}},"loc":{"start":{"line":36,"column":38},"end":{"line":40,"column":null}},"line":36},"10":{"name":"bumpBackoff","decl":{"start":{"line":42,"column":9},"end":{"line":42,"column":21}},"loc":{"start":{"line":42,"column":63},"end":{"line":46,"column":null}},"line":42},"11":{"name":"clearTokenStateForUser","decl":{"start":{"line":48,"column":16},"end":{"line":48,"column":39}},"loc":{"start":{"line":48,"column":79},"end":{"line":53,"column":null}},"line":48},"12":{"name":"getAccessTokenForUser","decl":{"start":{"line":55,"column":22},"end":{"line":55,"column":44}},"loc":{"start":{"line":57,"column":40},"end":{"line":146,"column":null}},"line":57},"13":{"name":"(anonymous_6)","decl":{"start":{"line":80,"column":19},"end":{"line":80,"column":68}},"loc":{"start":{"line":80,"column":68},"end":{"line":138,"column":5}},"line":80}},"branchMap":{"0":{"loc":{"start":{"line":33,"column":9},"end":{"line":33,"column":92}},"type":"binary-expr","locations":[{"start":{"line":33,"column":9},"end":{"line":33,"column":40}},{"start":{"line":33,"column":44},"end":{"line":33,"column":92}}],"line":33},"1":{"loc":{"start":{"line":43,"column":28},"end":{"line":43,"column":46}},"type":"binary-expr","locations":[{"start":{"line":43,"column":28},"end":{"line":43,"column":41}},{"start":{"line":43,"column":45},"end":{"line":43,"column":46}}],"line":43},"2":{"loc":{"start":{"line":59,"column":2},"end":{"line":61,"column":null}},"type":"if","locations":[{"start":{"line":59,"column":2},"end":{"line":61,"column":null}},{"start":{},"end":{}}],"line":59},"3":{"loc":{"start":{"line":59,"column":6},"end":{"line":59,"column":56}},"type":"binary-expr","locations":[{"start":{"line":59,"column":6},"end":{"line":59,"column":12}},{"start":{"line":59,"column":16},"end":{"line":59,"column":56}}],"line":59},"4":{"loc":{"start":{"line":64,"column":2},"end":{"line":70,"column":null}},"type":"if","locations":[{"start":{"line":64,"column":2},"end":{"line":70,"column":null}},{"start":{},"end":{}}],"line":64},"5":{"loc":{"start":{"line":64,"column":6},"end":{"line":64,"column":39}},"type":"binary-expr","locations":[{"start":{"line":64,"column":6},"end":{"line":64,"column":11}},{"start":{"line":64,"column":15},"end":{"line":64,"column":39}}],"line":64},"6":{"loc":{"start":{"line":73,"column":2},"end":{"line":75,"column":null}},"type":"if","locations":[{"start":{"line":73,"column":2},"end":{"line":75,"column":null}},{"start":{},"end":{}}],"line":73},"7":{"loc":{"start":{"line":73,"column":6},"end":{"line":73,"column":41}},"type":"binary-expr","locations":[{"start":{"line":73,"column":6},"end":{"line":73,"column":12}},{"start":{"line":73,"column":16},"end":{"line":73,"column":41}}],"line":73},"8":{"loc":{"start":{"line":78,"column":2},"end":{"line":78,"column":null}},"type":"if","locations":[{"start":{"line":78,"column":2},"end":{"line":78,"column":null}},{"start":{},"end":{}}],"line":78},"9":{"loc":{"start":{"line":82,"column":4},"end":{"line":82,"column":null}},"type":"if","locations":[{"start":{"line":82,"column":4},"end":{"line":82,"column":null}},{"start":{},"end":{}}],"line":82},"10":{"loc":{"start":{"line":85,"column":4},"end":{"line":85,"column":null}},"type":"if","locations":[{"start":{"line":85,"column":4},"end":{"line":85,"column":null}},{"start":{},"end":{}}],"line":85},"11":{"loc":{"start":{"line":103,"column":4},"end":{"line":115,"column":null}},"type":"if","locations":[{"start":{"line":103,"column":4},"end":{"line":115,"column":null}},{"start":{},"end":{}}],"line":103},"12":{"loc":{"start":{"line":104,"column":6},"end":{"line":107,"column":null}},"type":"if","locations":[{"start":{"line":104,"column":6},"end":{"line":107,"column":null}},{"start":{},"end":{}}],"line":104},"13":{"loc":{"start":{"line":108,"column":6},"end":{"line":113,"column":null}},"type":"if","locations":[{"start":{"line":108,"column":6},"end":{"line":113,"column":null}},{"start":{},"end":{}}],"line":108},"14":{"loc":{"start":{"line":128,"column":4},"end":{"line":133,"column":null}},"type":"if","locations":[{"start":{"line":128,"column":4},"end":{"line":133,"column":null}},{"start":{},"end":{}}],"line":128},"15":{"loc":{"start":{"line":33,"column":9},"end":{"line":33,"column":null}},"type":"binary-expr","locations":[{"start":{"line":33,"column":9},"end":{"line":33,"column":44}},{"start":{"line":33,"column":44},"end":{"line":33,"column":null}}],"line":33},"16":{"loc":{"start":{"line":43,"column":28},"end":{"line":43,"column":50}},"type":"binary-expr","locations":[{"start":{"line":43,"column":28},"end":{"line":43,"column":45}},{"start":{"line":43,"column":45},"end":{"line":43,"column":50}}],"line":43},"17":{"loc":{"start":{"line":59,"column":6},"end":{"line":59,"column":58}},"type":"binary-expr","locations":[{"start":{"line":59,"column":6},"end":{"line":59,"column":16}},{"start":{"line":59,"column":16},"end":{"line":59,"column":58}}],"line":59},"18":{"loc":{"start":{"line":64,"column":6},"end":{"line":64,"column":41}},"type":"binary-expr","locations":[{"start":{"line":64,"column":6},"end":{"line":64,"column":15}},{"start":{"line":64,"column":15},"end":{"line":64,"column":41}}],"line":64},"19":{"loc":{"start":{"line":73,"column":6},"end":{"line":73,"column":43}},"type":"binary-expr","locations":[{"start":{"line":73,"column":6},"end":{"line":73,"column":16}},{"start":{"line":73,"column":16},"end":{"line":73,"column":43}}],"line":73}},"s":{"0":6,"1":6,"2":6,"3":6,"4":6,"5":6,"6":2,"7":2,"8":2,"9":4,"10":0,"11":0,"12":0,"13":2,"14":2,"15":2,"16":2,"17":6,"18":6,"19":0,"20":6,"21":6,"22":0,"23":6,"24":6,"25":2,"26":4,"27":4,"28":0,"29":4,"30":4,"31":4,"32":0,"33":4,"34":4,"35":0,"36":4,"37":4,"38":0,"39":4,"40":4,"41":2,"42":0,"43":0,"44":2,"45":2,"46":2,"47":2,"48":2,"49":0,"50":2,"51":2,"52":2,"53":2,"54":0,"55":2,"56":2,"57":2,"58":4,"59":4,"60":4,"61":4,"62":3,"63":3,"64":3,"65":3,"66":3,"67":3,"68":1,"69":0,"70":0,"71":3,"72":3,"73":3,"74":2,"75":2,"76":4,"77":4,"78":4,"79":3},"f":{"0":1,"1":1,"2":2,"3":0,"4":1,"5":3,"6":5,"7":2,"8":2,"9":4,"10":0,"11":2,"12":6,"13":5},"b":{"0":[2,0],"1":[0,0],"2":[0,6],"3":[6,0],"4":[0,6],"5":[6,0],"6":[2,4],"7":[6,2],"8":[0,4],"9":[0,4],"10":[0,4],"11":[2,2],"12":[0,2],"13":[2,0],"14":[0,2],"15":[1,0],"16":[0,0],"17":[3,3],"18":[3,3],"19":[4,3]},"meta":{"lastBranch":15,"lastFunction":7,"lastStatement":62,"seen":{"s:20:14:20:44":0,"s:21:16:21:45":1,"s:22:23:22:53":2,"s:23:17:23:71":3,"s:24:15:24:33":4,"s:25:27:25:41":5,"f:27:9:27:23":0,"s:28:2:28:Infinity":6,"f:31:9:31:28":1,"s:32:16:32:37":7,"s:33:2:33:Infinity":8,"b:33:9:33:40:33:44:33:92":0,"f:36:9:36:28":2,"s:37:2:39:Infinity":9,"f:42:9:42:20":3,"s:43:18:43:55":10,"b:43:28:43:41:43:45:43:46":1,"s:44:18:44:62":11,"s:45:2:45:Infinity":12,"f:48:16:48:38":4,"s:49:2:49:Infinity":13,"s:50:2:50:Infinity":14,"s:51:2:51:Infinity":15,"s:52:2:52:Infinity":16,"f:55:22:55:43":5,"s:58:17:58:47":17,"b:59:2:61:Infinity:undefined:undefined:undefined:undefined":2,"s:59:2:61:Infinity":18,"b:59:6:59:12:59:16:59:56":3,"s:60:4:60:Infinity":19,"s:63:16:63:48":20,"b:64:2:70:Infinity:undefined:undefined:undefined:undefined":4,"s:64:2:70:Infinity":21,"b:64:6:64:11:64:15:64:39":5,"s:65:4:69:Infinity":22,"s:72:17:72:56":23,"b:73:2:75:Infinity:undefined:undefined:undefined:undefined":6,"s:73:2:75:Infinity":24,"b:73:6:73:12:73:16:73:41":7,"s:74:4:74:Infinity":25,"s:77:19:77:52":26,"b:78:2:78:Infinity:undefined:undefined:undefined:undefined":8,"s:78:2:78:Infinity":27,"s:78:16:78:Infinity":28,"s:80:18:138:6":29,"f:80:19:80:24":6,"s:81:20:81:83":30,"b:82:4:82:Infinity:undefined:undefined:undefined:undefined":9,"s:82:4:82:Infinity":31,"s:82:25:82:Infinity":32,"s:84:19:84:55":33,"b:85:4:85:Infinity:undefined:undefined:undefined:undefined":10,"s:85:4:85:Infinity":34,"s:85:27:85:Infinity":35,"s:88:4:96:Infinity":36,"s:89:6:89:Infinity":37,"s:91:6:95:Infinity":38,"s:98:22:102:6":39,"b:103:4:115:Infinity:undefined:undefined:undefined:undefined":11,"s:103:4:115:Infinity":40,"b:104:6:107:Infinity:undefined:undefined:undefined:undefined":12,"s:104:6:107:Infinity":41,"s:105:8:105:Infinity":42,"s:106:8:106:Infinity":43,"b:108:6:113:Infinity:undefined:undefined:undefined:undefined":13,"s:108:6:113:Infinity":44,"s:109:8:109:Infinity":45,"s:110:8:110:Infinity":46,"s:111:8:111:Infinity":47,"s:112:8:112:Infinity":48,"s:114:6:114:Infinity":49,"s:117:24:117:86":50,"s:119:30:124:Infinity":51,"s:126:4:126:Infinity":52,"b:128:4:133:Infinity:undefined:undefined:undefined:undefined":14,"s:128:4:133:Infinity":53,"s:129:6:132:Infinity":54,"s:135:4:135:Infinity":55,"s:136:4:136:Infinity":56,"s:137:4:137:Infinity":57,"s:140:2:140:Infinity":58,"s:141:2:145:Infinity":59,"s:142:4:142:Infinity":60,"s:144:4:144:Infinity":61}}}
}
